2025-02-19 23:59:10.128 [warning] Via 'product.json#extensionEnabledApiProposals' extension 'ms-vscode.vscode-selfhost-test-provider' wants API proposal 'attributableCoverage' but that proposal DOES NOT EXIST. Likely, the proposal has been finalized (check 'vscode.d.ts') or was abandoned.
2025-02-19 23:59:10.160 [warning] Via 'product.json#extensionEnabledApiProposals' extension 'ms-python.python' wants API proposal 'contribIssueReporter' but that proposal DOES NOT EXIST. Likely, the proposal has been finalized (check 'vscode.d.ts') or was abandoned.
2025-02-19 23:59:10.161 [warning] Via 'product.json#extensionEnabledApiProposals' extension 'ms-python.debugpy' wants API proposal 'contribIssueReporter' but that proposal DOES NOT EXIST. Likely, the proposal has been finalized (check 'vscode.d.ts') or was abandoned.
2025-02-19 23:59:10.161 [warning] Via 'product.json#extensionEnabledApiProposals' extension 'redhat.java' wants API proposal 'documentPaste' but that proposal DOES NOT EXIST. Likely, the proposal has been finalized (check 'vscode.d.ts') or was abandoned.
2025-02-19 23:59:11.410 [info] Started local extension host with pid 99369.
2025-02-19 23:59:12.380 [warning] [cmake-tools]: Couldn't find message for key cmake-tools.configuration.cmake.options.advanced.statusBarLength.description.
2025-02-19 23:59:12.381 [warning] [cmake-tools]: Couldn't find message for key cmake-tools.configuration.cmake.options.advanced.statusBarLength.description.
2025-02-19 23:59:12.381 [warning] [cmake-tools]: Couldn't find message for key cmake-tools.configuration.cmake.options.advanced.statusBarLength.description.
2025-02-19 23:59:12.382 [warning] [cmake-tools]: Couldn't find message for key cmake-tools.configuration.cmake.options.advanced.statusBarLength.description.
2025-02-19 23:59:12.382 [warning] [cmake-tools]: Couldn't find message for key cmake-tools.configuration.cmake.options.advanced.statusBarLength.description.
2025-02-19 23:59:12.383 [warning] [cmake-tools]: Couldn't find message for key cmake-tools.configuration.cmake.options.advanced.statusBarLength.description.
2025-02-19 23:59:12.383 [warning] [cmake-tools]: Couldn't find message for key cmake-tools.configuration.cmake.options.advanced.statusBarLength.description.
2025-02-19 23:59:12.384 [warning] [cmake-tools]: Couldn't find message for key cmake-tools.configuration.cmake.options.advanced.statusBarLength.description.
2025-02-19 23:59:12.384 [warning] [cmake-tools]: Couldn't find message for key cmake-tools.configuration.cmake.options.advanced.statusBarLength.description.
2025-02-19 23:59:12.385 [warning] [cmake-tools]: Couldn't find message for key cmake-tools.configuration.cmake.options.advanced.statusBarLength.description.
2025-02-19 23:59:12.385 [warning] [cmake-tools]: Couldn't find message for key cmake-tools.configuration.cmake.options.advanced.statusBarLength.description.
2025-02-19 23:59:12.386 [warning] [cmake-tools]: Couldn't find message for key cmake-tools.configuration.cmake.options.advanced.statusBarLength.description.
2025-02-19 23:59:13.416 [warning] [twxs.cmake]: Cannot register 'cmake.cmakePath'. This property is already registered.
2025-02-19 23:59:16.058 [info] Settings Sync: Account status changed from uninitialized to unavailable
2025-02-19 23:59:17.632 [info] [perf] Render performance baseline is 94ms
