2024-05-19 22:06:43.854 [info] update#setState idle
2024-05-19 22:07:13.858 [info] update#setState checking for updates
2024-05-19 22:07:13.865 [error] Error: net::ERR_INTERNET_DISCONNECTED
    at SimpleURLLoaderWrapper.<anonymous> (node:electron/js2c/browser_init:2:108522)
    at SimpleURLLoaderWrapper.emit (node:events:517:28)
2024-05-19 22:07:13.869 [info] update#setState idle
2024-05-19 22:08:51.185 [error] update#isLatestVersion(): failed to check for updates
2024-05-19 22:08:51.185 [error] Error: net::ERR_INTERNET_DISCONNECTED
    at SimpleURLLoaderWrapper.<anonymous> (node:electron/js2c/browser_init:2:108522)
    at SimpleURLLoaderWrapper.emit (node:events:517:28)
2024-05-19 22:09:39.388 [info] Extension host with pid 65761 exited with code: 0, signal: unknown.
2024-05-19 22:09:41.333 [error] update#isLatestVersion(): failed to check for updates
2024-05-19 22:09:41.333 [error] Error: net::ERR_INTERNET_DISCONNECTED
    at SimpleURLLoaderWrapper.<anonymous> (node:electron/js2c/browser_init:2:108522)
    at SimpleURLLoaderWrapper.emit (node:events:517:28)
2024-05-19 22:28:22.126 [info] Extension host with pid 64495 exited with code: 0, signal: unknown.
2024-05-19 22:28:23.128 [error] Extension host with pid 64495 still exists, forcefully killing it...
2024-05-19 23:07:13.862 [info] update#setState checking for updates
2024-05-19 23:07:13.869 [error] Error: net::ERR_INTERNET_DISCONNECTED
    at SimpleURLLoaderWrapper.<anonymous> (node:electron/js2c/browser_init:2:108522)
    at SimpleURLLoaderWrapper.emit (node:events:517:28)
2024-05-19 23:07:13.872 [info] update#setState idle
2024-05-20 00:40:35.898 [info] update#setState checking for updates
2024-05-20 00:40:35.976 [info] update#setState idle
2024-05-20 01:21:26.744 [info] Extension host with pid 66227 exited with code: 0, signal: unknown.
