2025-03-22 15:51:50.856 [info] Extension host with pid 1815 started
2025-03-22 15:51:50.856 [info] Skipping acquiring lock for /home/tsrt/.config/VSCodium/User/workspaceStorage/e9d09824ca4bafdd40f221947469c7e4.
2025-03-22 15:51:51.460 [info] ExtensionService#_doActivateExtension vscode.emmet, startup: false, activationEvent: 'onLanguage'
2025-03-22 15:51:51.523 [info] ExtensionService#_doActivateExtension ms-python.python, startup: false, activationEvent: 'onLanguage:python', root cause: ms-python.debugpy
2025-03-22 15:51:52.525 [info] ExtensionService#_doActivateExtension vscode.git-base, startup: true, activationEvent: '*', root cause: vscode.git
2025-03-22 15:51:53.207 [info] ExtensionService#_doActivateExtension vscode.git, startup: true, activationEvent: '*'
2025-03-22 15:51:53.437 [info] ExtensionService#_doActivateExtension vscode.github, startup: true, activationEvent: '*'
2025-03-22 15:51:53.550 [info] ExtensionService#_doActivateExtension ms-python.debugpy, startup: false, activationEvent: 'onLanguage:python'
2025-03-22 15:51:53.703 [info] ExtensionService#_doActivateExtension moocfi.test-my-code, startup: true, activationEvent: 'workspaceContains:**/TMC-Readme.md'
2025-03-22 15:51:55.141 [info] ExtensionService#_doActivateExtension vscode.configuration-editing, startup: false, activationEvent: 'onLanguage:jsonc'
2025-03-22 15:51:55.170 [info] ExtensionService#_doActivateExtension vscode.json-language-features, startup: false, activationEvent: 'onLanguage:jsonc'
2025-03-22 15:51:55.350 [info] ExtensionService#_doActivateExtension vscode.typescript-language-features, startup: false, activationEvent: 'onLanguage:jsonc'
2025-03-22 15:51:56.044 [info] Eager extensions activated
2025-03-22 15:51:56.116 [info] ExtensionService#_doActivateExtension vscode.debug-auto-launch, startup: false, activationEvent: 'onStartupFinished'
2025-03-22 15:51:56.124 [info] ExtensionService#_doActivateExtension vscode.merge-conflict, startup: false, activationEvent: 'onStartupFinished'
2025-03-22 15:53:33.369 [warning] DiagnosticCollection with name 'python' does already exist.
2025-03-22 17:11:16.839 [info] ExtensionService#_doActivateExtension vscode.npm, startup: false, activationEvent: 'onTerminalQuickFixRequest:ms-vscode.npm-command'
2025-03-22 17:18:44.213 [error] [ms-python.python] provider FAILED
2025-03-22 17:18:44.213 [error] Error: UnboundLocalError: cannot access local variable 'start_index' where it is not associated with a value
	at ae (/home/tsrt/.vscode-oss/extensions/ms-python.python-2025.0.0-universal/out/client/extension.js:2:1973990)
	at oe (/home/tsrt/.vscode-oss/extensions/ms-python.python-2025.0.0-universal/out/client/extension.js:2:1971950)
	at Immediate.<anonymous> (/home/tsrt/.vscode-oss/extensions/ms-python.python-2025.0.0-universal/out/client/extension.js:2:1968244)
	at process.processImmediate (node:internal/timers:483:21)
2025-03-22 17:18:44.214 [error] [ms-python.python] provider FAILED
2025-03-22 17:18:44.214 [error] Error: UnboundLocalError: cannot access local variable 'start_index' where it is not associated with a value
	at ae (/home/tsrt/.vscode-oss/extensions/ms-python.python-2025.0.0-universal/out/client/extension.js:2:1973990)
	at oe (/home/tsrt/.vscode-oss/extensions/ms-python.python-2025.0.0-universal/out/client/extension.js:2:1971950)
	at Immediate.<anonymous> (/home/tsrt/.vscode-oss/extensions/ms-python.python-2025.0.0-universal/out/client/extension.js:2:1968244)
	at process.processImmediate (node:internal/timers:483:21)
