2025-03-26 22:18:50.320 [info] Telemetry level is off
2025-03-26 22:18:50.320 [info] Experiments are disabled, only manually opted experiments are active.
2025-03-26 22:18:50.320 [warning] Dir "/home/tsrt/.config/VSCodium/User/globalStorage/moocfi.test-my-code/workspaces/.tmc/.pixi/envs" is not watchable (directory does not exist)
2025-03-26 22:18:50.320 [warning] Dir "/home/tsrt/Documents/MOOC.fi/mooc-programming-25/part07-01_hypotenuse/.pixi/envs" is not watchable (directory does not exist)
2025-03-26 22:18:50.320 [warning] Dir "/home/tsrt/Documents/MOOC.fi/mooc-programming-25/part07-02_special_characters/.pixi/envs" is not watchable (directory does not exist)
2025-03-26 22:18:50.320 [warning] Dir "/home/tsrt/Documents/MOOC.fi/mooc-programming-25/part07-03_fractions/.pixi/envs" is not watchable (directory does not exist)
2025-03-26 22:18:50.320 [warning] Dir "/home/tsrt/Documents/MOOC.fi/mooc-programming-25/part07-04_lottery_numbers/.pixi/envs" is not watchable (directory does not exist)
2025-03-26 22:18:50.320 [warning] Dir "/home/tsrt/Documents/MOOC.fi/mooc-programming-25/part07-05_password_generator_part_1/.pixi/envs" is not watchable (directory does not exist)
2025-03-26 22:18:50.320 [warning] Dir "/home/tsrt/Documents/MOOC.fi/mooc-programming-25/part07-06_password_generator_part_2/.pixi/envs" is not watchable (directory does not exist)
2025-03-26 22:18:50.320 [warning] Dir "/home/tsrt/Documents/MOOC.fi/mooc-programming-25/part07-07_dice_roller/.pixi/envs" is not watchable (directory does not exist)
2025-03-26 22:18:50.320 [warning] Dir "/home/tsrt/Documents/MOOC.fi/mooc-programming-25/part07-08_random_words/.pixi/envs" is not watchable (directory does not exist)
2025-03-26 22:18:50.320 [warning] Dir "/home/tsrt/Documents/MOOC.fi/mooc-programming-25/part07-09_how_old/.pixi/envs" is not watchable (directory does not exist)
2025-03-26 22:18:50.320 [warning] Dir "/home/tsrt/Documents/MOOC.fi/mooc-programming-25/part07-10_valid_pic/.pixi/envs" is not watchable (directory does not exist)
2025-03-26 22:18:50.320 [warning] Dir "/home/tsrt/Documents/MOOC.fi/mooc-programming-25/part07-11_screen_time/.pixi/envs" is not watchable (directory does not exist)
2025-03-26 22:18:50.320 [warning] Dir "/home/tsrt/Documents/MOOC.fi/mooc-programming-25/part07-12_json_files/.pixi/envs" is not watchable (directory does not exist)
2025-03-26 22:18:50.320 [warning] Dir "/home/tsrt/Documents/MOOC.fi/mooc-programming-25/part07-13_course_statistics/.pixi/envs" is not watchable (directory does not exist)
2025-03-26 22:18:50.320 [warning] Dir "/home/tsrt/Documents/MOOC.fi/mooc-programming-25/part07-14_who_cheated/.pixi/envs" is not watchable (directory does not exist)
2025-03-26 22:18:50.320 [warning] Dir "/home/tsrt/Documents/MOOC.fi/mooc-programming-25/part07-15_who_cheated_2/.pixi/envs" is not watchable (directory does not exist)
2025-03-26 22:18:50.320 [warning] Dir "/home/tsrt/Documents/MOOC.fi/mooc-programming-25/part07-16_spellchecker_2/.pixi/envs" is not watchable (directory does not exist)
2025-03-26 22:18:50.320 [warning] Dir "/home/tsrt/Documents/MOOC.fi/mooc-programming-25/part07-17_string_helper/.pixi/envs" is not watchable (directory does not exist)
2025-03-26 22:18:50.320 [warning] Dir "/home/tsrt/Documents/MOOC.fi/mooc-programming-25/part07-18_own_programming_language/.pixi/envs" is not watchable (directory does not exist)
2025-03-26 22:18:50.320 [info] Python interpreter path: /bin/python
2025-03-26 22:18:50.496 [info] > pyenv which python
2025-03-26 22:18:50.496 [info] cwd: ~/Documents/MOOC.fi/mooc-programming-25/part07-13_course_statistics
2025-03-26 22:18:53.737 [info] Starting Jedi language server for part07-13_course_statistics.
2025-03-26 22:19:01.025 [info] Discover tests for workspace name: part07-13_course_statistics - uri: /home/tsrt/Documents/MOOC.fi/mooc-programming-25/part07-13_course_statistics/src/course_statistics.py
2025-03-26 22:19:26.330 [info] > pyenv which python
2025-03-26 22:19:26.331 [info] cwd: ~/Documents/MOOC.fi/mooc-programming-25/part07-12_json_files
2025-03-26 22:19:28.447 [info] Starting Jedi language server for part07-12_json_files.
2025-03-26 22:20:22.936 [info] CreateEnv Trigger - Skipping for /home/tsrt/Documents/MOOC.fi/mooc-programming-25/part07-13_course_statistics/src/course_statistics.py
2025-03-26 22:20:22.987 [info] Send text to terminal: cd /home/tsrt/Documents/MOOC.fi/mooc-programming-25/part07-13_course_statistics/src
2025-03-26 22:20:23.041 [info] Discover tests for workspace name: part07-13_course_statistics - uri: /home/tsrt/Documents/MOOC.fi/mooc-programming-25/part07-13_course_statistics/src/course_statistics.py
2025-03-26 22:20:23.212 [info] Send text to terminal: /bin/python /home/tsrt/Documents/MOOC.fi/mooc-programming-25/part07-13_course_statistics/src/course_statistics.py
2025-03-26 22:20:44.538 [info] Discover tests for workspace name: part07-13_course_statistics - uri: /home/tsrt/Documents/MOOC.fi/mooc-programming-25/part07-13_course_statistics/src/course_statistics.py
2025-03-26 22:20:53.821 [info] Discover tests for workspace name: part07-13_course_statistics - uri: /home/tsrt/Documents/MOOC.fi/mooc-programming-25/part07-13_course_statistics/src/course_statistics.py
2025-03-26 22:20:58.785 [info] Discover tests for workspace name: part07-13_course_statistics - uri: /home/tsrt/Documents/MOOC.fi/mooc-programming-25/part07-13_course_statistics/src/course_statistics.py
2025-03-26 22:22:26.645 [info] Discover tests for workspace name: part07-13_course_statistics - uri: /home/tsrt/Documents/MOOC.fi/mooc-programming-25/part07-13_course_statistics/src/course_statistics.py
2025-03-26 22:22:37.767 [info] Discover tests for workspace name: part07-13_course_statistics - uri: /home/tsrt/Documents/MOOC.fi/mooc-programming-25/part07-13_course_statistics/src/course_statistics.py
2025-03-26 22:22:59.786 [info] Discover tests for workspace name: part07-13_course_statistics - uri: /home/tsrt/Documents/MOOC.fi/mooc-programming-25/part07-13_course_statistics/src/course_statistics.py
2025-03-26 22:23:12.318 [info] Discover tests for workspace name: part07-13_course_statistics - uri: /home/tsrt/Documents/MOOC.fi/mooc-programming-25/part07-13_course_statistics/src/course_statistics.py
2025-03-26 22:23:32.936 [info] Discover tests for workspace name: part07-13_course_statistics - uri: /home/tsrt/Documents/MOOC.fi/mooc-programming-25/part07-13_course_statistics/src/course_statistics.py
2025-03-26 22:24:01.757 [info] Send text to terminal: cd /home/tsrt/Documents/MOOC.fi/mooc-programming-25/part07-13_course_statistics/src
2025-03-26 22:24:01.763 [info] Send text to terminal: /bin/python /home/tsrt/Documents/MOOC.fi/mooc-programming-25/part07-13_course_statistics/src/course_statistics.py
2025-03-26 22:24:01.873 [info] Discover tests for workspace name: part07-13_course_statistics - uri: /home/tsrt/Documents/MOOC.fi/mooc-programming-25/part07-13_course_statistics/src/course_statistics.py
2025-03-26 22:24:41.134 [info] Discover tests for workspace name: part07-13_course_statistics - uri: /home/tsrt/Documents/MOOC.fi/mooc-programming-25/part07-13_course_statistics/src/course_statistics.py
2025-03-26 22:25:29.650 [info] Discover tests for workspace name: part07-13_course_statistics - uri: /home/tsrt/Documents/MOOC.fi/mooc-programming-25/part07-13_course_statistics/src/course_statistics.py
2025-03-26 22:29:09.130 [info] Send text to terminal: cd /home/tsrt/Documents/MOOC.fi/mooc-programming-25/part07-13_course_statistics/src
2025-03-26 22:29:09.131 [info] Send text to terminal: /bin/python /home/tsrt/Documents/MOOC.fi/mooc-programming-25/part07-13_course_statistics/src/course_statistics.py
2025-03-26 22:29:09.379 [info] Discover tests for workspace name: part07-13_course_statistics - uri: /home/tsrt/Documents/MOOC.fi/mooc-programming-25/part07-13_course_statistics/src/course_statistics.py
2025-03-26 22:29:21.660 [info] Send text to terminal: cd /home/tsrt/Documents/MOOC.fi/mooc-programming-25/part07-13_course_statistics/src
2025-03-26 22:29:21.661 [info] Send text to terminal: /bin/python /home/tsrt/Documents/MOOC.fi/mooc-programming-25/part07-13_course_statistics/src/course_statistics.py
2025-03-26 22:29:21.909 [info] Discover tests for workspace name: part07-13_course_statistics - uri: /home/tsrt/Documents/MOOC.fi/mooc-programming-25/part07-13_course_statistics/src/course_statistics.py
2025-03-26 22:29:36.995 [info] Send text to terminal: cd /home/tsrt/Documents/MOOC.fi/mooc-programming-25/part07-13_course_statistics/src
2025-03-26 22:29:36.997 [info] Send text to terminal: /bin/python /home/tsrt/Documents/MOOC.fi/mooc-programming-25/part07-13_course_statistics/src/course_statistics.py
2025-03-26 22:29:37.243 [info] Discover tests for workspace name: part07-13_course_statistics - uri: /home/tsrt/Documents/MOOC.fi/mooc-programming-25/part07-13_course_statistics/src/course_statistics.py
2025-03-26 22:30:23.700 [info] Discover tests for workspace name: part07-13_course_statistics - uri: /home/tsrt/Documents/MOOC.fi/mooc-programming-25/part07-13_course_statistics/src/course_statistics.py
2025-03-26 22:31:07.324 [info] > /bin/python ~/.vscode-oss/extensions/ms-python.python-2025.2.0-universal/python_files/normalizeSelection.py
2025-03-26 22:31:07.424 [info] Send text to terminal: /bin/python
2025-03-26 22:31:07.617 [info] Send text to terminal: [200~def retrieve_all():
    website = urllib.request.urlopen("https://studies.cs.helsinki.fi/stats-mock/api/courses")
    conv = json.load(website)
    store = []
    for week in conv:
        if week['enabled'] == True:
            name = week('fullname')
            name = week()
[201~
2025-03-26 22:31:18.974 [info] Discover tests for workspace name: part07-13_course_statistics - uri: /home/tsrt/Documents/MOOC.fi/mooc-programming-25/part07-13_course_statistics/src/course_statistics.py
2025-03-26 22:32:17.220 [info] Discover tests for workspace name: part07-13_course_statistics - uri: /home/tsrt/Documents/MOOC.fi/mooc-programming-25/part07-13_course_statistics/src/course_statistics.py
2025-03-26 22:32:33.257 [info] Send text to terminal: cd /home/tsrt/Documents/MOOC.fi/mooc-programming-25/part07-13_course_statistics/src
2025-03-26 22:32:33.258 [info] Send text to terminal: /bin/python /home/tsrt/Documents/MOOC.fi/mooc-programming-25/part07-13_course_statistics/src/course_statistics.py
2025-03-26 22:32:33.507 [info] Discover tests for workspace name: part07-13_course_statistics - uri: /home/tsrt/Documents/MOOC.fi/mooc-programming-25/part07-13_course_statistics/src/course_statistics.py
2025-03-26 22:33:12.486 [info] Send text to terminal: cd /home/tsrt/Documents/MOOC.fi/mooc-programming-25/part07-13_course_statistics/src
2025-03-26 22:33:12.487 [info] Send text to terminal: /bin/python /home/tsrt/Documents/MOOC.fi/mooc-programming-25/part07-13_course_statistics/src/course_statistics.py
2025-03-26 22:33:12.735 [info] Discover tests for workspace name: part07-13_course_statistics - uri: /home/tsrt/Documents/MOOC.fi/mooc-programming-25/part07-13_course_statistics/src/course_statistics.py
2025-03-26 22:33:28.189 [info] Send text to terminal: cd /home/tsrt/Documents/MOOC.fi/mooc-programming-25/part07-13_course_statistics/src
2025-03-26 22:33:28.190 [info] Send text to terminal: /bin/python /home/tsrt/Documents/MOOC.fi/mooc-programming-25/part07-13_course_statistics/src/course_statistics.py
2025-03-26 22:33:28.438 [info] Discover tests for workspace name: part07-13_course_statistics - uri: /home/tsrt/Documents/MOOC.fi/mooc-programming-25/part07-13_course_statistics/src/course_statistics.py
2025-03-26 22:33:40.441 [info] Send text to terminal: cd /home/tsrt/Documents/MOOC.fi/mooc-programming-25/part07-13_course_statistics/src
2025-03-26 22:33:40.443 [info] Send text to terminal: /bin/python /home/tsrt/Documents/MOOC.fi/mooc-programming-25/part07-13_course_statistics/src/course_statistics.py
2025-03-26 22:33:40.689 [info] Discover tests for workspace name: part07-13_course_statistics - uri: /home/tsrt/Documents/MOOC.fi/mooc-programming-25/part07-13_course_statistics/src/course_statistics.py
2025-03-26 22:33:48.005 [info] Send text to terminal: cd /home/tsrt/Documents/MOOC.fi/mooc-programming-25/part07-13_course_statistics/src
2025-03-26 22:33:48.007 [info] Send text to terminal: /bin/python /home/tsrt/Documents/MOOC.fi/mooc-programming-25/part07-13_course_statistics/src/course_statistics.py
2025-03-26 22:33:48.255 [info] Discover tests for workspace name: part07-13_course_statistics - uri: /home/tsrt/Documents/MOOC.fi/mooc-programming-25/part07-13_course_statistics/src/course_statistics.py
2025-03-26 22:33:59.571 [info] Send text to terminal: cd /home/tsrt/Documents/MOOC.fi/mooc-programming-25/part07-13_course_statistics/src
2025-03-26 22:33:59.572 [info] Send text to terminal: /bin/python /home/tsrt/Documents/MOOC.fi/mooc-programming-25/part07-13_course_statistics/src/course_statistics.py
2025-03-26 22:33:59.820 [info] Discover tests for workspace name: part07-13_course_statistics - uri: /home/tsrt/Documents/MOOC.fi/mooc-programming-25/part07-13_course_statistics/src/course_statistics.py
2025-03-26 22:34:29.344 [info] Discover tests for workspace name: part07-13_course_statistics - uri: /home/tsrt/Documents/MOOC.fi/mooc-programming-25/part07-13_course_statistics/src/course_statistics.py
2025-03-26 22:34:43.215 [info] Discover tests for workspace name: part07-13_course_statistics - uri: /home/tsrt/Documents/MOOC.fi/mooc-programming-25/part07-13_course_statistics/src/course_statistics.py
2025-03-26 22:37:04.896 [info] Discover tests for workspace name: part07-13_course_statistics - uri: /home/tsrt/Documents/MOOC.fi/mooc-programming-25/part07-13_course_statistics/src/course_statistics.py
2025-03-26 22:37:38.327 [info] Discover tests for workspace name: part07-13_course_statistics - uri: /home/tsrt/Documents/MOOC.fi/mooc-programming-25/part07-13_course_statistics/src/course_statistics.py
2025-03-26 22:38:33.143 [info] Discover tests for workspace name: part07-13_course_statistics - uri: /home/tsrt/Documents/MOOC.fi/mooc-programming-25/part07-13_course_statistics/src/course_statistics.py
2025-03-26 22:38:56.359 [info] Discover tests for workspace name: part07-13_course_statistics - uri: /home/tsrt/Documents/MOOC.fi/mooc-programming-25/part07-13_course_statistics/src/course_statistics.py
2025-03-26 22:39:05.970 [info] Discover tests for workspace name: part07-13_course_statistics - uri: /home/tsrt/Documents/MOOC.fi/mooc-programming-25/part07-13_course_statistics/src/course_statistics.py
2025-03-26 22:42:28.317 [info] Discover tests for workspace name: part07-13_course_statistics - uri: /home/tsrt/Documents/MOOC.fi/mooc-programming-25/part07-13_course_statistics/src/course_statistics.py
2025-03-26 22:43:21.217 [info] Discover tests for workspace name: part07-13_course_statistics - uri: /home/tsrt/Documents/MOOC.fi/mooc-programming-25/part07-13_course_statistics/src/course_statistics.py
2025-03-26 22:44:04.615 [info] Discover tests for workspace name: part07-13_course_statistics - uri: /home/tsrt/Documents/MOOC.fi/mooc-programming-25/part07-13_course_statistics/src/course_statistics.py
2025-03-26 22:45:41.184 [info] Discover tests for workspace name: part07-13_course_statistics - uri: /home/tsrt/Documents/MOOC.fi/mooc-programming-25/part07-13_course_statistics/src/course_statistics.py
2025-03-26 22:48:32.499 [info] Send text to terminal: cd /home/tsrt/Documents/MOOC.fi/mooc-programming-25/part07-13_course_statistics/src
2025-03-26 22:48:32.500 [info] Send text to terminal: /bin/python /home/tsrt/Documents/MOOC.fi/mooc-programming-25/part07-13_course_statistics/src/course_statistics.py
2025-03-26 22:48:32.748 [info] Discover tests for workspace name: part07-13_course_statistics - uri: /home/tsrt/Documents/MOOC.fi/mooc-programming-25/part07-13_course_statistics/src/course_statistics.py
2025-03-26 22:49:06.921 [info] Discover tests for workspace name: part07-13_course_statistics - uri: /home/tsrt/Documents/MOOC.fi/mooc-programming-25/part07-13_course_statistics/src/course_statistics.py
2025-03-27 00:06:40.213 [info] Starting Environment refresh
2025-03-27 00:06:40.243 [info] > hatch env show --json
2025-03-27 00:06:40.243 [info] cwd: ~/Documents/MOOC.fi/mooc-programming-25/part07-14_who_cheated
2025-03-27 00:06:40.289 [info] > /bin/python -I ~/.vscode-oss/extensions/ms-python.python-2025.2.0-universal/python_files/get_output_via_markers.py ~/.vscode-oss/extensions/ms-python.python-2025.2.0-universal/python_files/interpreterInfo.py
2025-03-27 00:06:40.289 [info] Environments refresh paths discovered: 79 milliseconds
2025-03-27 00:06:40.410 [info] Environments refresh finished (event): 200 milliseconds
2025-03-27 00:06:40.417 [info] Environment refresh took 209 milliseconds
2025-03-27 00:06:40.430 [info] > pyenv which python
2025-03-27 00:06:40.430 [info] cwd: ~/Documents/MOOC.fi/mooc-programming-25/part07-14_who_cheated
2025-03-27 00:06:42.254 [info] Starting Jedi language server for part07-14_who_cheated.
2025-03-27 00:06:42.880 [info] Discover tests for workspace name: part07-14_who_cheated - uri: /home/tsrt/Documents/MOOC.fi/mooc-programming-25/part07-14_who_cheated/src/who_cheated.py
2025-03-27 00:07:28.998 [info] Discover tests for workspace name: part07-14_who_cheated - uri: /home/tsrt/Documents/MOOC.fi/mooc-programming-25/part07-14_who_cheated/src/who_cheated.py
2025-03-27 00:09:09.278 [info] Discover tests for workspace name: part07-14_who_cheated - uri: /home/tsrt/Documents/MOOC.fi/mooc-programming-25/part07-14_who_cheated/src/who_cheated.py
2025-03-27 00:13:46.825 [info] Discover tests for workspace name: part07-14_who_cheated - uri: /home/tsrt/Documents/MOOC.fi/mooc-programming-25/part07-14_who_cheated/src/who_cheated.py
2025-03-27 00:18:13.584 [info] Discover tests for workspace name: part07-14_who_cheated - uri: /home/tsrt/Documents/MOOC.fi/mooc-programming-25/part07-14_who_cheated/src/who_cheated.py
2025-03-27 00:18:15.242 [info] Send text to terminal: cd /home/tsrt/Documents/MOOC.fi/mooc-programming-25/part07-14_who_cheated/src
2025-03-27 00:18:15.486 [info] Send text to terminal: /bin/python /home/tsrt/Documents/MOOC.fi/mooc-programming-25/part07-14_who_cheated/src/who_cheated.py
2025-03-27 00:18:23.349 [info] Discover tests for workspace name: part07-14_who_cheated - uri: /home/tsrt/Documents/MOOC.fi/mooc-programming-25/part07-14_who_cheated/src/who_cheated.py
2025-03-27 00:18:33.632 [info] Discover tests for workspace name: part07-14_who_cheated - uri: /home/tsrt/Documents/MOOC.fi/mooc-programming-25/part07-14_who_cheated/src/who_cheated.py
2025-03-27 00:19:04.002 [info] Discover tests for workspace name: part07-14_who_cheated - uri: /home/tsrt/Documents/MOOC.fi/mooc-programming-25/part07-14_who_cheated/src/who_cheated.py
2025-03-27 00:19:51.563 [info] Send text to terminal: cd /home/tsrt/Documents/MOOC.fi/mooc-programming-25/part07-14_who_cheated/src
2025-03-27 00:19:51.565 [info] Send text to terminal: /bin/python /home/tsrt/Documents/MOOC.fi/mooc-programming-25/part07-14_who_cheated/src/who_cheated.py
2025-03-27 00:19:51.813 [info] Discover tests for workspace name: part07-14_who_cheated - uri: /home/tsrt/Documents/MOOC.fi/mooc-programming-25/part07-14_who_cheated/src/who_cheated.py
2025-03-27 00:21:41.313 [info] Send text to terminal: cd /home/tsrt/Documents/MOOC.fi/mooc-programming-25/part07-14_who_cheated/src
2025-03-27 00:21:41.314 [info] Send text to terminal: /bin/python /home/tsrt/Documents/MOOC.fi/mooc-programming-25/part07-14_who_cheated/src/who_cheated.py
2025-03-27 00:21:41.563 [info] Discover tests for workspace name: part07-14_who_cheated - uri: /home/tsrt/Documents/MOOC.fi/mooc-programming-25/part07-14_who_cheated/src/who_cheated.py
2025-03-27 00:21:59.700 [info] Discover tests for workspace name: part07-14_who_cheated - uri: /home/tsrt/Documents/MOOC.fi/mooc-programming-25/part07-14_who_cheated/src/who_cheated.py
2025-03-27 00:23:07.630 [info] Discover tests for workspace name: part07-14_who_cheated - uri: /home/tsrt/Documents/MOOC.fi/mooc-programming-25/part07-14_who_cheated/src/who_cheated.py
2025-03-27 00:45:27.598 [info] Discover tests for workspace name: part07-14_who_cheated - uri: /home/tsrt/Documents/MOOC.fi/mooc-programming-25/part07-14_who_cheated/src/who_cheated.py
2025-03-27 00:46:16.577 [info] Discover tests for workspace name: part07-14_who_cheated - uri: /home/tsrt/Documents/MOOC.fi/mooc-programming-25/part07-14_who_cheated/src/who_cheated.py
2025-03-27 00:48:06.075 [info] Discover tests for workspace name: part07-14_who_cheated - uri: /home/tsrt/Documents/MOOC.fi/mooc-programming-25/part07-14_who_cheated/src/who_cheated.py
2025-03-27 00:48:15.250 [info] Discover tests for workspace name: part07-14_who_cheated - uri: /home/tsrt/Documents/MOOC.fi/mooc-programming-25/part07-14_who_cheated/src/who_cheated.py
2025-03-27 00:51:23.697 [info] Discover tests for workspace name: part07-14_who_cheated - uri: /home/tsrt/Documents/MOOC.fi/mooc-programming-25/part07-14_who_cheated/src/who_cheated.py
2025-03-27 00:56:04.258 [info] Discover tests for workspace name: part07-14_who_cheated - uri: /home/tsrt/Documents/MOOC.fi/mooc-programming-25/part07-14_who_cheated/src/who_cheated.py
2025-03-27 00:56:28.432 [info] Discover tests for workspace name: part07-14_who_cheated - uri: /home/tsrt/Documents/MOOC.fi/mooc-programming-25/part07-14_who_cheated/src/who_cheated.py
2025-03-27 00:57:55.786 [info] Send text to terminal: cd /home/tsrt/Documents/MOOC.fi/mooc-programming-25/part07-14_who_cheated/src
2025-03-27 00:57:55.787 [info] Send text to terminal: /bin/python /home/tsrt/Documents/MOOC.fi/mooc-programming-25/part07-14_who_cheated/src/who_cheated.py
2025-03-27 00:57:56.035 [info] Discover tests for workspace name: part07-14_who_cheated - uri: /home/tsrt/Documents/MOOC.fi/mooc-programming-25/part07-14_who_cheated/src/who_cheated.py
2025-03-27 00:58:09.388 [info] Discover tests for workspace name: part07-14_who_cheated - uri: /home/tsrt/Documents/MOOC.fi/mooc-programming-25/part07-14_who_cheated/src/who_cheated.py
2025-03-27 01:05:09.594 [info] Send text to terminal: cd /home/tsrt/Documents/MOOC.fi/mooc-programming-25/part07-14_who_cheated/src
2025-03-27 01:05:09.596 [info] Send text to terminal: /bin/python /home/tsrt/Documents/MOOC.fi/mooc-programming-25/part07-14_who_cheated/src/who_cheated.py
2025-03-27 01:05:09.848 [info] Discover tests for workspace name: part07-14_who_cheated - uri: /home/tsrt/Documents/MOOC.fi/mooc-programming-25/part07-14_who_cheated/src/who_cheated.py
2025-03-27 01:14:23.684 [info] Send text to terminal: cd /home/tsrt/Documents/MOOC.fi/mooc-programming-25/part07-14_who_cheated/src
2025-03-27 01:14:23.686 [info] Send text to terminal: /bin/python /home/tsrt/Documents/MOOC.fi/mooc-programming-25/part07-14_who_cheated/src/who_cheated.py
2025-03-27 01:14:23.934 [info] Discover tests for workspace name: part07-14_who_cheated - uri: /home/tsrt/Documents/MOOC.fi/mooc-programming-25/part07-14_who_cheated/src/who_cheated.py
2025-03-27 01:14:33.261 [info] Send text to terminal: cd /home/tsrt/Documents/MOOC.fi/mooc-programming-25/part07-14_who_cheated/src
2025-03-27 01:14:33.262 [info] Send text to terminal: /bin/python /home/tsrt/Documents/MOOC.fi/mooc-programming-25/part07-14_who_cheated/src/who_cheated.py
2025-03-27 01:14:33.510 [info] Discover tests for workspace name: part07-14_who_cheated - uri: /home/tsrt/Documents/MOOC.fi/mooc-programming-25/part07-14_who_cheated/src/who_cheated.py
2025-03-27 01:14:44.875 [info] Discover tests for workspace name: part07-14_who_cheated - uri: /home/tsrt/Documents/MOOC.fi/mooc-programming-25/part07-14_who_cheated/src/who_cheated.py
2025-03-27 01:16:59.764 [info] Starting Environment refresh
2025-03-27 01:16:59.782 [info] > hatch env show --json
2025-03-27 01:16:59.782 [info] cwd: ~/Documents/MOOC.fi/mooc-programming-25/part07-15_who_cheated_2
2025-03-27 01:16:59.795 [info] Environments refresh finished (event): 32 milliseconds
2025-03-27 01:16:59.795 [info] Environments refresh paths discovered: 32 milliseconds
2025-03-27 01:16:59.797 [info] Environment refresh took 34 milliseconds
2025-03-27 01:16:59.809 [info] > pyenv which python
2025-03-27 01:16:59.809 [info] cwd: ~/Documents/MOOC.fi/mooc-programming-25/part07-15_who_cheated_2
2025-03-27 01:17:02.207 [info] Starting Jedi language server for part07-15_who_cheated_2.
2025-03-27 01:21:51.801 [info] Discover tests for workspace name: part07-15_who_cheated_2 - uri: /home/tsrt/Documents/MOOC.fi/mooc-programming-25/part07-15_who_cheated_2/src/who_cheated_2.py
2025-03-27 01:22:45.009 [info] Discover tests for workspace name: part07-15_who_cheated_2 - uri: /home/tsrt/Documents/MOOC.fi/mooc-programming-25/part07-15_who_cheated_2/src/who_cheated_2.py
2025-03-27 01:38:30.376 [info] Send text to terminal: cd /home/tsrt/Documents/MOOC.fi/mooc-programming-25/part07-15_who_cheated_2/src
2025-03-27 01:38:30.467 [info] Discover tests for workspace name: part07-15_who_cheated_2 - uri: /home/tsrt/Documents/MOOC.fi/mooc-programming-25/part07-15_who_cheated_2/src/who_cheated_2.py
2025-03-27 01:38:30.644 [info] Send text to terminal: /bin/python /home/tsrt/Documents/MOOC.fi/mooc-programming-25/part07-15_who_cheated_2/src/who_cheated_2.py
2025-03-27 01:44:15.917 [info] Discover tests for workspace name: part07-15_who_cheated_2 - uri: /home/tsrt/Documents/MOOC.fi/mooc-programming-25/part07-15_who_cheated_2/src/who_cheated_2.py
2025-03-27 01:44:22.734 [info] Discover tests for workspace name: part07-15_who_cheated_2 - uri: /home/tsrt/Documents/MOOC.fi/mooc-programming-25/part07-15_who_cheated_2/src/who_cheated_2.py
2025-03-27 01:44:33.668 [info] Discover tests for workspace name: part07-15_who_cheated_2 - uri: /home/tsrt/Documents/MOOC.fi/mooc-programming-25/part07-15_who_cheated_2/src/who_cheated_2.py
2025-03-27 01:46:34.021 [info] Discover tests for workspace name: part07-15_who_cheated_2 - uri: /home/tsrt/Documents/MOOC.fi/mooc-programming-25/part07-15_who_cheated_2/src/who_cheated_2.py
2025-03-27 01:47:21.001 [info] Discover tests for workspace name: part07-15_who_cheated_2 - uri: /home/tsrt/Documents/MOOC.fi/mooc-programming-25/part07-15_who_cheated_2/src/who_cheated_2.py
2025-03-27 01:49:46.441 [info] Discover tests for workspace name: part07-15_who_cheated_2 - uri: /home/tsrt/Documents/MOOC.fi/mooc-programming-25/part07-15_who_cheated_2/src/who_cheated_2.py
2025-03-27 01:51:42.409 [info] Discover tests for workspace name: part07-15_who_cheated_2 - uri: /home/tsrt/Documents/MOOC.fi/mooc-programming-25/part07-15_who_cheated_2/src/who_cheated_2.py
2025-03-27 01:52:17.398 [info] Starting Environment refresh
2025-03-27 01:52:17.412 [info] > hatch env show --json
2025-03-27 01:52:17.412 [info] cwd: ~/Documents/MOOC.fi/mooc-programming-25/part07-16_spellchecker_2
2025-03-27 01:52:17.430 [info] Environments refresh finished (event): 33 milliseconds
2025-03-27 01:52:17.430 [info] Environments refresh paths discovered: 33 milliseconds
2025-03-27 01:52:17.432 [info] Environment refresh took 35 milliseconds
2025-03-27 01:52:17.443 [info] > pyenv which python
2025-03-27 01:52:17.443 [info] cwd: ~/Documents/MOOC.fi/mooc-programming-25/part07-16_spellchecker_2
2025-03-27 01:52:19.868 [info] Starting Jedi language server for part07-16_spellchecker_2.
2025-03-27 03:33:28.166 [info] Discover tests for workspace name: part07-16_spellchecker_2 - uri: /home/tsrt/Documents/MOOC.fi/mooc-programming-25/part07-16_spellchecker_2/src/spellchecker_2.py
2025-03-27 03:41:25.337 [info] Discover tests for workspace name: part07-16_spellchecker_2 - uri: /home/tsrt/Documents/MOOC.fi/mooc-programming-25/part07-16_spellchecker_2/src/spellchecker_2.py
2025-03-27 03:41:31.543 [info] Discover tests for workspace name: part07-16_spellchecker_2 - uri: /home/tsrt/Documents/MOOC.fi/mooc-programming-25/part07-16_spellchecker_2/src/spellchecker_2.py
2025-03-27 03:45:56.047 [info] Discover tests for workspace name: part07-16_spellchecker_2 - uri: /home/tsrt/Documents/MOOC.fi/mooc-programming-25/part07-16_spellchecker_2/src/spellchecker_2.py
2025-03-27 03:48:20.249 [info] Discover tests for workspace name: part07-16_spellchecker_2 - uri: /home/tsrt/Documents/MOOC.fi/mooc-programming-25/part07-16_spellchecker_2/src/spellchecker_2.py
2025-03-27 03:48:42.201 [info] Discover tests for workspace name: part07-16_spellchecker_2 - uri: /home/tsrt/Documents/MOOC.fi/mooc-programming-25/part07-16_spellchecker_2/src/spellchecker_2.py
2025-03-27 03:48:54.527 [info] Discover tests for workspace name: part07-16_spellchecker_2 - uri: /home/tsrt/Documents/MOOC.fi/mooc-programming-25/part07-16_spellchecker_2/src/spellchecker_2.py
2025-03-27 03:49:13.424 [info] Discover tests for workspace name: part07-16_spellchecker_2 - uri: /home/tsrt/Documents/MOOC.fi/mooc-programming-25/part07-16_spellchecker_2/src/spellchecker_2.py
2025-03-27 03:49:18.979 [info] Send text to terminal: cd /home/tsrt/Documents/MOOC.fi/mooc-programming-25/part07-16_spellchecker_2/src
2025-03-27 03:49:19.211 [info] Send text to terminal: /bin/python /home/tsrt/Documents/MOOC.fi/mooc-programming-25/part07-16_spellchecker_2/src/spellchecker_2.py
2025-03-27 03:49:47.912 [info] Discover tests for workspace name: part07-16_spellchecker_2 - uri: /home/tsrt/Documents/MOOC.fi/mooc-programming-25/part07-16_spellchecker_2/src/spellchecker_2.py
2025-03-27 03:50:09.504 [info] Discover tests for workspace name: part07-16_spellchecker_2 - uri: /home/tsrt/Documents/MOOC.fi/mooc-programming-25/part07-16_spellchecker_2/src/spellchecker_2.py
2025-03-27 03:50:53.600 [info] Discover tests for workspace name: part07-16_spellchecker_2 - uri: /home/tsrt/Documents/MOOC.fi/mooc-programming-25/part07-16_spellchecker_2/src/spellchecker_2.py
2025-03-27 03:51:07.408 [info] Discover tests for workspace name: part07-16_spellchecker_2 - uri: /home/tsrt/Documents/MOOC.fi/mooc-programming-25/part07-16_spellchecker_2/src/spellchecker_2.py
2025-03-27 03:52:19.513 [info] Discover tests for workspace name: part07-16_spellchecker_2 - uri: /home/tsrt/Documents/MOOC.fi/mooc-programming-25/part07-16_spellchecker_2/src/spellchecker_2.py
2025-03-27 03:52:56.488 [info] Discover tests for workspace name: part07-16_spellchecker_2 - uri: /home/tsrt/Documents/MOOC.fi/mooc-programming-25/part07-16_spellchecker_2/src/spellchecker_2.py
2025-03-27 03:53:33.863 [info] Discover tests for workspace name: part07-16_spellchecker_2 - uri: /home/tsrt/Documents/MOOC.fi/mooc-programming-25/part07-16_spellchecker_2/src/spellchecker_2.py
2025-03-27 03:53:59.161 [info] Discover tests for workspace name: part07-16_spellchecker_2 - uri: /home/tsrt/Documents/MOOC.fi/mooc-programming-25/part07-16_spellchecker_2/src/spellchecker_2.py
2025-03-27 03:55:16.790 [info] Discover tests for workspace name: part07-16_spellchecker_2 - uri: /home/tsrt/Documents/MOOC.fi/mooc-programming-25/part07-16_spellchecker_2/src/spellchecker_2.py
2025-03-27 03:56:15.449 [info] Discover tests for workspace name: part07-16_spellchecker_2 - uri: /home/tsrt/Documents/MOOC.fi/mooc-programming-25/part07-16_spellchecker_2/src/spellchecker_2.py
2025-03-27 03:56:35.974 [info] > /bin/python ~/.vscode-oss/extensions/ms-python.python-2025.2.0-universal/python_files/normalizeSelection.py
2025-03-27 03:56:36.091 [info] Send text to terminal: /bin/python
2025-03-27 03:56:36.291 [info] Send text to terminal: [200~text = input("write test: ")[201~
2025-03-27 03:56:44.521 [info] Discover tests for workspace name: part07-16_spellchecker_2 - uri: /home/tsrt/Documents/MOOC.fi/mooc-programming-25/part07-16_spellchecker_2/src/spellchecker_2.py
2025-03-27 03:56:50.483 [info] Send text to terminal: cd /home/tsrt/Documents/MOOC.fi/mooc-programming-25/part07-16_spellchecker_2/src
2025-03-27 03:56:50.484 [info] Send text to terminal: /bin/python /home/tsrt/Documents/MOOC.fi/mooc-programming-25/part07-16_spellchecker_2/src/spellchecker_2.py
2025-03-27 03:57:04.610 [info] Discover tests for workspace name: part07-16_spellchecker_2 - uri: /home/tsrt/Documents/MOOC.fi/mooc-programming-25/part07-16_spellchecker_2/src/spellchecker_2.py
2025-03-27 04:00:38.122 [info] Starting Environment refresh
2025-03-27 04:00:38.134 [info] > hatch env show --json
2025-03-27 04:00:38.134 [info] cwd: ~/Documents/MOOC.fi/mooc-programming-25/part07-17_string_helper
2025-03-27 04:00:38.152 [info] Environments refresh finished (event): 30 milliseconds
2025-03-27 04:00:38.153 [info] Environments refresh paths discovered: 31 milliseconds
2025-03-27 04:00:38.154 [info] Environment refresh took 32 milliseconds
2025-03-27 04:00:38.164 [info] > pyenv which python
2025-03-27 04:00:38.164 [info] cwd: ~/Documents/MOOC.fi/mooc-programming-25/part07-17_string_helper
2025-03-27 04:00:40.956 [info] Starting Jedi language server for part07-17_string_helper.
