2025-03-22 22:47:15.697 [info] Telemetry level is off
2025-03-22 22:47:15.697 [info] Experiments are disabled, only manually opted experiments are active.
2025-03-22 22:47:15.697 [warning] Dir "/home/tsrt/.config/VSCodium/User/globalStorage/moocfi.test-my-code/workspaces/.tmc/.pixi/envs" is not watchable (directory does not exist)
2025-03-22 22:47:15.697 [warning] Dir "/home/tsrt/Documents/MOOC.fi/mooc-programming-25/part07-01_hypotenuse/.pixi/envs" is not watchable (directory does not exist)
2025-03-22 22:47:15.697 [warning] Dir "/home/tsrt/Documents/MOOC.fi/mooc-programming-25/part07-02_special_characters/.pixi/envs" is not watchable (directory does not exist)
2025-03-22 22:47:15.697 [warning] Dir "/home/tsrt/Documents/MOOC.fi/mooc-programming-25/part07-03_fractions/.pixi/envs" is not watchable (directory does not exist)
2025-03-22 22:47:15.697 [warning] Dir "/home/tsrt/Documents/MOOC.fi/mooc-programming-25/part07-04_lottery_numbers/.pixi/envs" is not watchable (directory does not exist)
2025-03-22 22:47:15.697 [warning] Dir "/home/tsrt/Documents/MOOC.fi/mooc-programming-25/part07-05_password_generator_part_1/.pixi/envs" is not watchable (directory does not exist)
2025-03-22 22:47:15.697 [warning] Dir "/home/tsrt/Documents/MOOC.fi/mooc-programming-25/part07-06_password_generator_part_2/.pixi/envs" is not watchable (directory does not exist)
2025-03-22 22:47:15.697 [warning] Dir "/home/tsrt/Documents/MOOC.fi/mooc-programming-25/part07-07_dice_roller/.pixi/envs" is not watchable (directory does not exist)
2025-03-22 22:47:15.697 [warning] Dir "/home/tsrt/Documents/MOOC.fi/mooc-programming-25/part07-08_random_words/.pixi/envs" is not watchable (directory does not exist)
2025-03-22 22:47:15.697 [warning] Dir "/home/tsrt/Documents/MOOC.fi/mooc-programming-25/part07-09_how_old/.pixi/envs" is not watchable (directory does not exist)
2025-03-22 22:47:15.697 [warning] Dir "/home/tsrt/Documents/MOOC.fi/mooc-programming-25/part07-10_valid_pic/.pixi/envs" is not watchable (directory does not exist)
2025-03-22 22:47:15.697 [warning] Dir "/home/tsrt/Documents/MOOC.fi/mooc-programming-25/part07-11_screen_time/.pixi/envs" is not watchable (directory does not exist)
2025-03-22 22:47:15.697 [warning] Dir "/home/tsrt/Documents/MOOC.fi/mooc-programming-25/part07-12_json_files/.pixi/envs" is not watchable (directory does not exist)
2025-03-22 22:47:15.697 [warning] Dir "/home/tsrt/Documents/MOOC.fi/mooc-programming-25/part07-13_course_statistics/.pixi/envs" is not watchable (directory does not exist)
2025-03-22 22:47:15.697 [warning] Dir "/home/tsrt/Documents/MOOC.fi/mooc-programming-25/part07-14_who_cheated/.pixi/envs" is not watchable (directory does not exist)
2025-03-22 22:47:15.697 [warning] Dir "/home/tsrt/Documents/MOOC.fi/mooc-programming-25/part07-15_who_cheated_2/.pixi/envs" is not watchable (directory does not exist)
2025-03-22 22:47:15.697 [warning] Dir "/home/tsrt/Documents/MOOC.fi/mooc-programming-25/part07-16_spellchecker_2/.pixi/envs" is not watchable (directory does not exist)
2025-03-22 22:47:15.697 [warning] Dir "/home/tsrt/Documents/MOOC.fi/mooc-programming-25/part07-17_string_helper/.pixi/envs" is not watchable (directory does not exist)
2025-03-22 22:47:15.697 [warning] Dir "/home/tsrt/Documents/MOOC.fi/mooc-programming-25/part07-18_own_programming_language/.pixi/envs" is not watchable (directory does not exist)
2025-03-22 22:47:15.697 [info] Starting Environment refresh
2025-03-22 22:47:15.697 [info] Starting Environment refresh
2025-03-22 22:47:15.697 [info] Starting Environment refresh
2025-03-22 22:47:15.697 [info] Starting Environment refresh
2025-03-22 22:47:15.697 [info] Starting Environment refresh
2025-03-22 22:47:15.697 [info] Starting Environment refresh
2025-03-22 22:47:15.697 [info] Starting Environment refresh
2025-03-22 22:47:15.697 [info] Starting Environment refresh
2025-03-22 22:47:15.697 [info] Starting Environment refresh
2025-03-22 22:47:15.697 [info] Starting Environment refresh
2025-03-22 22:47:15.697 [info] Starting Environment refresh
2025-03-22 22:47:15.697 [info] Starting Environment refresh
2025-03-22 22:47:15.698 [info] Starting Environment refresh
2025-03-22 22:47:15.698 [info] Starting Environment refresh
2025-03-22 22:47:15.698 [info] Starting Environment refresh
2025-03-22 22:47:15.698 [info] Starting Environment refresh
2025-03-22 22:47:15.698 [info] Starting Environment refresh
2025-03-22 22:47:15.698 [info] Starting Environment refresh
2025-03-22 22:47:15.698 [info] > hatch env show --json
2025-03-22 22:47:15.698 [info] cwd: ~/Documents/MOOC.fi/mooc-programming-25/part07-01_hypotenuse
2025-03-22 22:47:15.698 [info] > hatch env show --json
2025-03-22 22:47:15.698 [info] cwd: ~/Documents/MOOC.fi/mooc-programming-25/part07-02_special_characters
2025-03-22 22:47:15.698 [info] > hatch env show --json
2025-03-22 22:47:15.698 [info] cwd: ~/Documents/MOOC.fi/mooc-programming-25/part07-03_fractions
2025-03-22 22:47:15.698 [info] > hatch env show --json
2025-03-22 22:47:15.698 [info] cwd: ~/Documents/MOOC.fi/mooc-programming-25/part07-04_lottery_numbers
2025-03-22 22:47:15.698 [info] > hatch env show --json
2025-03-22 22:47:15.698 [info] cwd: ~/Documents/MOOC.fi/mooc-programming-25/part07-05_password_generator_part_1
2025-03-22 22:47:15.698 [info] > hatch env show --json
2025-03-22 22:47:15.698 [info] cwd: ~/Documents/MOOC.fi/mooc-programming-25/part07-06_password_generator_part_2
2025-03-22 22:47:15.698 [info] > hatch env show --json
2025-03-22 22:47:15.698 [info] cwd: ~/Documents/MOOC.fi/mooc-programming-25/part07-07_dice_roller
2025-03-22 22:47:15.698 [info] > hatch env show --json
2025-03-22 22:47:15.698 [info] cwd: ~/Documents/MOOC.fi/mooc-programming-25/part07-08_random_words
2025-03-22 22:47:15.698 [info] > hatch env show --json
2025-03-22 22:47:15.698 [info] cwd: ~/Documents/MOOC.fi/mooc-programming-25/part07-09_how_old
2025-03-22 22:47:15.698 [info] > hatch env show --json
2025-03-22 22:47:15.698 [info] cwd: ~/Documents/MOOC.fi/mooc-programming-25/part07-10_valid_pic
2025-03-22 22:47:15.698 [info] > hatch env show --json
2025-03-22 22:47:15.698 [info] cwd: ~/Documents/MOOC.fi/mooc-programming-25/part07-11_screen_time
2025-03-22 22:47:15.698 [info] > hatch env show --json
2025-03-22 22:47:15.698 [info] cwd: ~/Documents/MOOC.fi/mooc-programming-25/part07-12_json_files
2025-03-22 22:47:15.698 [info] > hatch env show --json
2025-03-22 22:47:15.698 [info] cwd: ~/Documents/MOOC.fi/mooc-programming-25/part07-13_course_statistics
2025-03-22 22:47:15.698 [info] > hatch env show --json
2025-03-22 22:47:15.698 [info] cwd: ~/Documents/MOOC.fi/mooc-programming-25/part07-14_who_cheated
2025-03-22 22:47:15.698 [info] > hatch env show --json
2025-03-22 22:47:15.698 [info] cwd: ~/Documents/MOOC.fi/mooc-programming-25/part07-15_who_cheated_2
2025-03-22 22:47:15.698 [info] > hatch env show --json
2025-03-22 22:47:15.698 [info] cwd: ~/Documents/MOOC.fi/mooc-programming-25/part07-16_spellchecker_2
2025-03-22 22:47:15.698 [info] > hatch env show --json
2025-03-22 22:47:15.698 [info] cwd: ~/Documents/MOOC.fi/mooc-programming-25/part07-17_string_helper
2025-03-22 22:47:15.698 [info] > hatch env show --json
2025-03-22 22:47:15.698 [info] cwd: ~/Documents/MOOC.fi/mooc-programming-25/part07-18_own_programming_language
2025-03-22 22:47:15.698 [info] Python interpreter path: /bin/python
2025-03-22 22:47:15.716 [info] > pyenv which python
2025-03-22 22:47:15.716 [info] cwd: ~/Documents/MOOC.fi/mooc-programming-25/part07-11_screen_time
2025-03-22 22:47:16.865 [info] > /bin/python -I ~/.vscode-oss/extensions/ms-python.python-2025.2.0-universal/python_files/get_output_via_markers.py ~/.vscode-oss/extensions/ms-python.python-2025.2.0-universal/python_files/interpreterInfo.py
2025-03-22 22:47:16.866 [info] Environments refresh paths discovered: 2462 milliseconds
2025-03-22 22:47:16.866 [info] Environments refresh paths discovered: 2459 milliseconds
2025-03-22 22:47:16.866 [info] Environments refresh paths discovered: 2458 milliseconds
2025-03-22 22:47:16.866 [info] Environments refresh paths discovered: 2458 milliseconds
2025-03-22 22:47:16.866 [info] Environments refresh paths discovered: 2459 milliseconds
2025-03-22 22:47:16.867 [info] Environments refresh paths discovered: 2458 milliseconds
2025-03-22 22:47:16.882 [info] Environments refresh paths discovered: 2471 milliseconds
2025-03-22 22:47:16.882 [info] Environments refresh paths discovered: 2473 milliseconds
2025-03-22 22:47:16.882 [info] Environments refresh paths discovered: 2471 milliseconds
2025-03-22 22:47:16.882 [info] Environments refresh paths discovered: 2470 milliseconds
2025-03-22 22:47:16.882 [info] Environments refresh paths discovered: 2472 milliseconds
2025-03-22 22:47:16.883 [info] Environments refresh paths discovered: 2470 milliseconds
2025-03-22 22:47:16.883 [info] Environments refresh paths discovered: 2471 milliseconds
2025-03-22 22:47:16.883 [info] Environments refresh paths discovered: 2470 milliseconds
2025-03-22 22:47:16.883 [info] Environments refresh paths discovered: 2470 milliseconds
2025-03-22 22:47:16.883 [info] Environments refresh paths discovered: 2470 milliseconds
2025-03-22 22:47:16.883 [info] Environments refresh paths discovered: 2469 milliseconds
2025-03-22 22:47:16.883 [info] Environments refresh paths discovered: 2474 milliseconds
2025-03-22 22:47:17.011 [info] Environments refresh finished (event): 2597 milliseconds
2025-03-22 22:47:17.016 [info] Environments refresh finished (event): 2598 milliseconds
2025-03-22 22:47:17.016 [info] Environments refresh finished (event): 2598 milliseconds
2025-03-22 22:47:17.016 [info] Environments refresh finished (event): 2598 milliseconds
2025-03-22 22:47:17.016 [info] Environments refresh finished (event): 2599 milliseconds
2025-03-22 22:47:17.016 [info] Environments refresh finished (event): 2597 milliseconds
2025-03-22 22:47:17.016 [info] Environments refresh finished (event): 2595 milliseconds
2025-03-22 22:47:17.016 [info] Environments refresh finished (event): 2598 milliseconds
2025-03-22 22:47:17.017 [info] Environments refresh finished (event): 2596 milliseconds
2025-03-22 22:47:17.017 [info] Environments refresh finished (event): 2595 milliseconds
2025-03-22 22:47:17.017 [info] Environments refresh finished (event): 2597 milliseconds
2025-03-22 22:47:17.017 [info] Environments refresh finished (event): 2594 milliseconds
2025-03-22 22:47:17.017 [info] Environments refresh finished (event): 2596 milliseconds
2025-03-22 22:47:17.017 [info] Environments refresh finished (event): 2598 milliseconds
2025-03-22 22:47:17.017 [info] Environments refresh finished (event): 2598 milliseconds
2025-03-22 22:47:17.017 [info] Environments refresh finished (event): 2598 milliseconds
2025-03-22 22:47:17.018 [info] Environments refresh finished (event): 2597 milliseconds
2025-03-22 22:47:17.018 [info] Environments refresh finished (event): 2602 milliseconds
2025-03-22 22:47:17.027 [info] Environment refresh took 2627 milliseconds
2025-03-22 22:47:17.029 [info] Environment refresh took 2622 milliseconds
2025-03-22 22:47:17.030 [info] Environment refresh took 2622 milliseconds
2025-03-22 22:47:17.031 [info] Environment refresh took 2623 milliseconds
2025-03-22 22:47:17.032 [info] Environment refresh took 2626 milliseconds
2025-03-22 22:47:17.033 [info] Environment refresh took 2624 milliseconds
2025-03-22 22:47:17.033 [info] Environment refresh took 2622 milliseconds
2025-03-22 22:47:17.034 [info] Environment refresh took 2625 milliseconds
2025-03-22 22:47:17.036 [info] Environment refresh took 2624 milliseconds
2025-03-22 22:47:17.037 [info] Environment refresh took 2625 milliseconds
2025-03-22 22:47:17.038 [info] Environment refresh took 2628 milliseconds
2025-03-22 22:47:17.039 [info] Environment refresh took 2626 milliseconds
2025-03-22 22:47:17.040 [info] Environment refresh took 2628 milliseconds
2025-03-22 22:47:17.041 [info] Environment refresh took 2628 milliseconds
2025-03-22 22:47:17.041 [info] Environment refresh took 2628 milliseconds
2025-03-22 22:47:17.042 [info] Environment refresh took 2629 milliseconds
2025-03-22 22:47:17.043 [info] Environment refresh took 2629 milliseconds
2025-03-22 22:47:17.044 [info] Environment refresh took 2635 milliseconds
2025-03-22 22:47:19.713 [info] Starting Jedi language server for part07-11_screen_time.
2025-03-22 22:54:01.891 [info] Starting Environment refresh
2025-03-22 22:54:01.938 [info] Environments refresh finished (event): 48 milliseconds
2025-03-22 22:54:01.938 [info] Environments refresh paths discovered: 48 milliseconds
2025-03-22 22:54:01.941 [info] Environment refresh took 51 milliseconds
2025-03-22 22:54:01.974 [info] > pyenv which python
2025-03-22 22:54:01.974 [info] cwd: ~/Documents/MOOC.fi/mooc-programming-25/part07-12_json_files
2025-03-22 22:54:03.974 [info] Starting Jedi language server for part07-12_json_files.
2025-03-22 22:54:13.605 [info] Discover tests for workspace name: part07-12_json_files - uri: /home/tsrt/Documents/MOOC.fi/mooc-programming-25/part07-12_json_files/src/json_files.py
2025-03-22 22:54:52.327 [info] Discover tests for workspace name: part07-12_json_files - uri: /home/tsrt/Documents/MOOC.fi/mooc-programming-25/part07-12_json_files/src/json_files.py
2025-03-22 22:55:02.120 [info] Discover tests for workspace name: part07-12_json_files - uri: /home/tsrt/Documents/MOOC.fi/mooc-programming-25/part07-12_json_files/src/json_files.py
2025-03-22 22:55:36.878 [info] Discover tests for workspace name: part07-12_json_files - uri: /home/tsrt/Documents/MOOC.fi/mooc-programming-25/part07-12_json_files/src/json_files.py
2025-03-22 22:56:32.028 [info] CreateEnv Trigger - Skipping for /home/tsrt/Documents/MOOC.fi/mooc-programming-25/part07-12_json_files/src/json_files.py
2025-03-22 22:56:32.082 [info] Send text to terminal: cd /home/tsrt/Documents/MOOC.fi/mooc-programming-25/part07-12_json_files/src
2025-03-22 22:56:32.217 [info] Discover tests for workspace name: part07-12_json_files - uri: /home/tsrt/Documents/MOOC.fi/mooc-programming-25/part07-12_json_files/src/json_files.py
2025-03-22 22:56:32.359 [info] Send text to terminal: /bin/python /home/tsrt/Documents/MOOC.fi/mooc-programming-25/part07-12_json_files/src/json_files.py
2025-03-22 22:57:07.865 [info] Send text to terminal: cd /home/tsrt/Documents/MOOC.fi/mooc-programming-25/part07-12_json_files/src
2025-03-22 22:57:07.866 [info] Send text to terminal: /bin/python /home/tsrt/Documents/MOOC.fi/mooc-programming-25/part07-12_json_files/src/json_files.py
2025-03-22 22:57:08.115 [info] Discover tests for workspace name: part07-12_json_files - uri: /home/tsrt/Documents/MOOC.fi/mooc-programming-25/part07-12_json_files/src/json_files.py
2025-03-22 23:01:38.023 [info] Discover tests for workspace name: part07-12_json_files - uri: /home/tsrt/Documents/MOOC.fi/mooc-programming-25/part07-12_json_files/src/json_files.py
2025-03-22 23:02:50.657 [info] Discover tests for workspace name: part07-12_json_files - uri: /home/tsrt/Documents/MOOC.fi/mooc-programming-25/part07-12_json_files/src/json_files.py
2025-03-22 23:04:28.390 [info] Discover tests for workspace name: part07-12_json_files - uri: /home/tsrt/Documents/MOOC.fi/mooc-programming-25/part07-12_json_files/src/json_files.py
2025-03-22 23:04:32.084 [info] Send text to terminal: cd /home/tsrt/Documents/MOOC.fi/mooc-programming-25/part07-12_json_files/src
2025-03-22 23:04:32.085 [info] Send text to terminal: /bin/python /home/tsrt/Documents/MOOC.fi/mooc-programming-25/part07-12_json_files/src/json_files.py
2025-03-22 23:04:59.059 [info] Send text to terminal: cd /home/tsrt/Documents/MOOC.fi/mooc-programming-25/part07-12_json_files/src
2025-03-22 23:04:59.061 [info] Send text to terminal: /bin/python /home/tsrt/Documents/MOOC.fi/mooc-programming-25/part07-12_json_files/src/json_files.py
2025-03-22 23:04:59.308 [info] Discover tests for workspace name: part07-12_json_files - uri: /home/tsrt/Documents/MOOC.fi/mooc-programming-25/part07-12_json_files/src/json_files.py
2025-03-22 23:05:37.005 [info] Discover tests for workspace name: part07-12_json_files - uri: /home/tsrt/Documents/MOOC.fi/mooc-programming-25/part07-12_json_files/src/json_files.py
2025-03-22 23:06:02.458 [info] Send text to terminal: cd /home/tsrt/Documents/MOOC.fi/mooc-programming-25/part07-12_json_files/src
2025-03-22 23:06:02.459 [info] Send text to terminal: /bin/python /home/tsrt/Documents/MOOC.fi/mooc-programming-25/part07-12_json_files/src/json_files.py
2025-03-22 23:06:02.707 [info] Discover tests for workspace name: part07-12_json_files - uri: /home/tsrt/Documents/MOOC.fi/mooc-programming-25/part07-12_json_files/src/json_files.py
2025-03-22 23:06:23.829 [info] Discover tests for workspace name: part07-12_json_files - uri: /home/tsrt/Documents/MOOC.fi/mooc-programming-25/part07-12_json_files/src/json_files.py
2025-03-22 23:07:24.677 [info] Starting Environment refresh
2025-03-22 23:07:24.699 [info] Environments refresh finished (event): 23 milliseconds
2025-03-22 23:07:24.699 [info] Environments refresh paths discovered: 23 milliseconds
2025-03-22 23:07:24.702 [info] Environment refresh took 26 milliseconds
2025-03-22 23:07:24.721 [info] > pyenv which python
2025-03-22 23:07:24.721 [info] cwd: ~/Documents/MOOC.fi/mooc-programming-25/part07-13_course_statistics
2025-03-22 23:07:27.064 [info] Starting Jedi language server for part07-13_course_statistics.
