2025-03-22 15:51:54.460 [info] [main] Log level: Info
2025-03-22 15:51:54.460 [info] [main] Validating found git in: "git"
2025-03-22 15:51:54.460 [info] [main] Using git "2.48.1" from "git"
2025-03-22 15:51:54.460 [info] [Model][doInitialScan] Initial repository scan started
2025-03-22 15:51:54.460 [info] > git rev-parse --show-toplevel [36ms]
2025-03-22 15:51:54.460 [info] fatal: not a git repository (or any of the parent directories): .git
2025-03-22 15:51:54.460 [info] > git rev-parse --show-toplevel [94ms]
2025-03-22 15:51:54.460 [info] fatal: not a git repository (or any of the parent directories): .git
2025-03-22 15:51:54.462 [info] > git rev-parse --show-toplevel [5ms]
2025-03-22 15:51:54.462 [info] fatal: not a git repository (or any of the parent directories): .git
2025-03-22 15:51:54.479 [info] > git rev-parse --show-toplevel [4ms]
2025-03-22 15:51:54.479 [info] fatal: not a git repository (or any of the parent directories): .git
2025-03-22 15:51:54.494 [info] > git rev-parse --show-toplevel [3ms]
2025-03-22 15:51:54.494 [info] fatal: not a git repository (or any of the parent directories): .git
2025-03-22 15:51:54.509 [info] > git rev-parse --show-toplevel [2ms]
2025-03-22 15:51:54.509 [info] fatal: not a git repository (or any of the parent directories): .git
2025-03-22 15:51:54.522 [info] > git rev-parse --show-toplevel [2ms]
2025-03-22 15:51:54.522 [info] fatal: not a git repository (or any of the parent directories): .git
2025-03-22 15:51:54.534 [info] > git rev-parse --show-toplevel [2ms]
2025-03-22 15:51:54.534 [info] fatal: not a git repository (or any of the parent directories): .git
2025-03-22 15:51:54.545 [info] > git rev-parse --show-toplevel [2ms]
2025-03-22 15:51:54.545 [info] fatal: not a git repository (or any of the parent directories): .git
2025-03-22 15:51:54.556 [info] > git rev-parse --show-toplevel [2ms]
2025-03-22 15:51:54.556 [info] fatal: not a git repository (or any of the parent directories): .git
2025-03-22 15:51:54.566 [info] > git rev-parse --show-toplevel [2ms]
2025-03-22 15:51:54.566 [info] fatal: not a git repository (or any of the parent directories): .git
2025-03-22 15:51:54.576 [info] > git rev-parse --show-toplevel [2ms]
2025-03-22 15:51:54.576 [info] fatal: not a git repository (or any of the parent directories): .git
2025-03-22 15:51:54.587 [info] > git rev-parse --show-toplevel [2ms]
2025-03-22 15:51:54.587 [info] fatal: not a git repository (or any of the parent directories): .git
2025-03-22 15:51:54.598 [info] > git rev-parse --show-toplevel [3ms]
2025-03-22 15:51:54.598 [info] fatal: not a git repository (or any of the parent directories): .git
2025-03-22 15:51:54.609 [info] > git rev-parse --show-toplevel [3ms]
2025-03-22 15:51:54.609 [info] fatal: not a git repository (or any of the parent directories): .git
2025-03-22 15:51:54.621 [info] > git rev-parse --show-toplevel [1ms]
2025-03-22 15:51:54.621 [info] fatal: not a git repository (or any of the parent directories): .git
2025-03-22 15:51:54.633 [info] > git rev-parse --show-toplevel [4ms]
2025-03-22 15:51:54.633 [info] fatal: not a git repository (or any of the parent directories): .git
2025-03-22 15:51:54.646 [info] > git rev-parse --show-toplevel [4ms]
2025-03-22 15:51:54.646 [info] fatal: not a git repository (or any of the parent directories): .git
2025-03-22 15:51:54.659 [info] > git rev-parse --show-toplevel [2ms]
2025-03-22 15:51:54.659 [info] fatal: not a git repository (or any of the parent directories): .git
2025-03-22 15:51:54.683 [info] > git rev-parse --show-toplevel [14ms]
2025-03-22 15:51:54.683 [info] fatal: not a git repository (or any of the parent directories): .git
2025-03-22 15:51:54.694 [info] > git rev-parse --show-toplevel [3ms]
2025-03-22 15:51:54.694 [info] fatal: not a git repository (or any of the parent directories): .git
2025-03-22 15:51:54.716 [info] > git rev-parse --show-toplevel [13ms]
2025-03-22 15:51:54.716 [info] fatal: not a git repository (or any of the parent directories): .git
2025-03-22 15:51:54.728 [info] > git rev-parse --show-toplevel [2ms]
2025-03-22 15:51:54.729 [info] fatal: not a git repository (or any of the parent directories): .git
2025-03-22 15:51:54.781 [info] > git rev-parse --show-toplevel [23ms]
2025-03-22 15:51:54.781 [info] fatal: not a git repository (or any of the parent directories): .git
2025-03-22 15:51:54.834 [info] > git rev-parse --show-toplevel [3ms]
2025-03-22 15:51:54.834 [info] fatal: not a git repository (or any of the parent directories): .git
2025-03-22 15:51:54.845 [info] > git rev-parse --show-toplevel [2ms]
2025-03-22 15:51:54.845 [info] fatal: not a git repository (or any of the parent directories): .git
2025-03-22 15:51:54.856 [info] > git rev-parse --show-toplevel [3ms]
2025-03-22 15:51:54.856 [info] fatal: not a git repository (or any of the parent directories): .git
2025-03-22 15:51:54.869 [info] > git rev-parse --show-toplevel [5ms]
2025-03-22 15:51:54.869 [info] fatal: not a git repository (or any of the parent directories): .git
2025-03-22 15:51:54.880 [info] > git rev-parse --show-toplevel [2ms]
2025-03-22 15:51:54.880 [info] fatal: not a git repository (or any of the parent directories): .git
2025-03-22 15:51:54.893 [info] > git rev-parse --show-toplevel [4ms]
2025-03-22 15:51:54.893 [info] fatal: not a git repository (or any of the parent directories): .git
2025-03-22 15:51:54.905 [info] > git rev-parse --show-toplevel [2ms]
2025-03-22 15:51:54.905 [info] fatal: not a git repository (or any of the parent directories): .git
2025-03-22 15:51:54.918 [info] > git rev-parse --show-toplevel [2ms]
2025-03-22 15:51:54.918 [info] fatal: not a git repository (or any of the parent directories): .git
2025-03-22 15:51:54.952 [info] > git rev-parse --show-toplevel [12ms]
2025-03-22 15:51:54.952 [info] fatal: not a git repository (or any of the parent directories): .git
2025-03-22 15:51:54.963 [info] > git rev-parse --show-toplevel [2ms]
2025-03-22 15:51:54.963 [info] fatal: not a git repository (or any of the parent directories): .git
2025-03-22 15:51:54.976 [info] > git rev-parse --show-toplevel [4ms]
2025-03-22 15:51:54.976 [info] fatal: not a git repository (or any of the parent directories): .git
2025-03-22 15:51:54.986 [info] > git rev-parse --show-toplevel [2ms]
2025-03-22 15:51:54.986 [info] fatal: not a git repository (or any of the parent directories): .git
2025-03-22 15:51:54.999 [info] > git rev-parse --show-toplevel [4ms]
2025-03-22 15:51:54.999 [info] fatal: not a git repository (or any of the parent directories): .git
2025-03-22 15:51:55.011 [info] > git rev-parse --show-toplevel [3ms]
2025-03-22 15:51:55.011 [info] fatal: not a git repository (or any of the parent directories): .git
2025-03-22 15:51:55.022 [info] > git rev-parse --show-toplevel [2ms]
2025-03-22 15:51:55.022 [info] fatal: not a git repository (or any of the parent directories): .git
2025-03-22 15:51:55.034 [info] > git rev-parse --show-toplevel [2ms]
2025-03-22 15:51:55.034 [info] fatal: not a git repository (or any of the parent directories): .git
2025-03-22 15:51:55.049 [info] > git rev-parse --show-toplevel [6ms]
2025-03-22 15:51:55.049 [info] fatal: not a git repository (or any of the parent directories): .git
2025-03-22 15:51:55.066 [info] > git rev-parse --show-toplevel [4ms]
2025-03-22 15:51:55.066 [info] fatal: not a git repository (or any of the parent directories): .git
2025-03-22 15:51:55.077 [info] > git rev-parse --show-toplevel [2ms]
2025-03-22 15:51:55.077 [info] fatal: not a git repository (or any of the parent directories): .git
2025-03-22 15:51:55.089 [info] > git rev-parse --show-toplevel [2ms]
2025-03-22 15:51:55.089 [info] fatal: not a git repository (or any of the parent directories): .git
2025-03-22 15:51:55.100 [info] > git rev-parse --show-toplevel [2ms]
2025-03-22 15:51:55.101 [info] fatal: not a git repository (or any of the parent directories): .git
2025-03-22 15:51:55.117 [info] > git rev-parse --show-toplevel [5ms]
2025-03-22 15:51:55.117 [info] fatal: not a git repository (or any of the parent directories): .git
2025-03-22 15:51:55.131 [info] > git rev-parse --show-toplevel [4ms]
2025-03-22 15:51:55.131 [info] fatal: not a git repository (or any of the parent directories): .git
2025-03-22 15:51:55.482 [info] > git rev-parse --show-toplevel [342ms]
2025-03-22 15:51:55.482 [info] fatal: not a git repository (or any of the parent directories): .git
2025-03-22 15:51:55.538 [info] > git rev-parse --show-toplevel [8ms]
2025-03-22 15:51:55.538 [info] fatal: not a git repository (or any of the parent directories): .git
2025-03-22 15:51:55.609 [info] > git rev-parse --show-toplevel [58ms]
2025-03-22 15:51:55.609 [info] fatal: not a git repository (or any of the parent directories): .git
2025-03-22 15:51:55.625 [info] > git rev-parse --show-toplevel [3ms]
2025-03-22 15:51:55.625 [info] fatal: not a git repository (or any of the parent directories): .git
2025-03-22 15:51:55.645 [info] > git rev-parse --show-toplevel [4ms]
2025-03-22 15:51:55.645 [info] fatal: not a git repository (or any of the parent directories): .git
2025-03-22 15:51:55.665 [info] > git rev-parse --show-toplevel [4ms]
2025-03-22 15:51:55.665 [info] fatal: not a git repository (or any of the parent directories): .git
2025-03-22 15:51:55.685 [info] > git rev-parse --show-toplevel [5ms]
2025-03-22 15:51:55.685 [info] fatal: not a git repository (or any of the parent directories): .git
2025-03-22 15:51:55.703 [info] > git rev-parse --show-toplevel [6ms]
2025-03-22 15:51:55.703 [info] fatal: not a git repository (or any of the parent directories): .git
2025-03-22 15:51:55.720 [info] > git rev-parse --show-toplevel [4ms]
2025-03-22 15:51:55.720 [info] fatal: not a git repository (or any of the parent directories): .git
2025-03-22 15:51:55.738 [info] > git rev-parse --show-toplevel [2ms]
2025-03-22 15:51:55.739 [info] fatal: not a git repository (or any of the parent directories): .git
2025-03-22 15:51:55.752 [info] > git rev-parse --show-toplevel [3ms]
2025-03-22 15:51:55.753 [info] fatal: not a git repository (or any of the parent directories): .git
2025-03-22 15:51:55.770 [info] > git rev-parse --show-toplevel [5ms]
2025-03-22 15:51:55.770 [info] fatal: not a git repository (or any of the parent directories): .git
2025-03-22 15:51:55.784 [info] > git rev-parse --show-toplevel [3ms]
2025-03-22 15:51:55.784 [info] fatal: not a git repository (or any of the parent directories): .git
2025-03-22 15:51:55.799 [info] > git rev-parse --show-toplevel [4ms]
2025-03-22 15:51:55.799 [info] fatal: not a git repository (or any of the parent directories): .git
2025-03-22 15:51:55.811 [info] > git rev-parse --show-toplevel [2ms]
2025-03-22 15:51:55.811 [info] fatal: not a git repository (or any of the parent directories): .git
2025-03-22 15:51:55.828 [info] > git rev-parse --show-toplevel [3ms]
2025-03-22 15:51:55.828 [info] fatal: not a git repository (or any of the parent directories): .git
2025-03-22 15:51:55.845 [info] > git rev-parse --show-toplevel [3ms]
2025-03-22 15:51:55.845 [info] fatal: not a git repository (or any of the parent directories): .git
2025-03-22 15:51:55.866 [info] > git rev-parse --show-toplevel [7ms]
2025-03-22 15:51:55.866 [info] fatal: not a git repository (or any of the parent directories): .git
2025-03-22 15:51:55.881 [info] > git rev-parse --show-toplevel [4ms]
2025-03-22 15:51:55.881 [info] fatal: not a git repository (or any of the parent directories): .git
2025-03-22 15:51:55.893 [info] > git rev-parse --show-toplevel [3ms]
2025-03-22 15:51:55.893 [info] fatal: not a git repository (or any of the parent directories): .git
2025-03-22 15:51:55.906 [info] > git rev-parse --show-toplevel [2ms]
2025-03-22 15:51:55.906 [info] fatal: not a git repository (or any of the parent directories): .git
2025-03-22 15:51:55.920 [info] > git rev-parse --show-toplevel [3ms]
2025-03-22 15:51:55.920 [info] fatal: not a git repository (or any of the parent directories): .git
2025-03-22 15:51:55.935 [info] > git rev-parse --show-toplevel [4ms]
2025-03-22 15:51:55.935 [info] fatal: not a git repository (or any of the parent directories): .git
2025-03-22 15:51:55.957 [info] > git rev-parse --show-toplevel [11ms]
2025-03-22 15:51:55.957 [info] fatal: not a git repository (or any of the parent directories): .git
2025-03-22 15:51:55.979 [info] > git rev-parse --show-toplevel [12ms]
2025-03-22 15:51:55.979 [info] fatal: not a git repository (or any of the parent directories): .git
2025-03-22 15:51:56.048 [info] > git rev-parse --show-toplevel [58ms]
2025-03-22 15:51:56.048 [info] fatal: not a git repository (or any of the parent directories): .git
2025-03-22 15:51:56.191 [info] > git rev-parse --show-toplevel [78ms]
2025-03-22 15:51:56.191 [info] fatal: not a git repository (or any of the parent directories): .git
2025-03-22 15:51:56.254 [info] > git rev-parse --show-toplevel [45ms]
2025-03-22 15:51:56.254 [info] fatal: not a git repository (or any of the parent directories): .git
2025-03-22 15:51:56.269 [info] > git rev-parse --show-toplevel [3ms]
2025-03-22 15:51:56.269 [info] fatal: not a git repository (or any of the parent directories): .git
2025-03-22 15:51:56.282 [info] > git rev-parse --show-toplevel [3ms]
2025-03-22 15:51:56.282 [info] fatal: not a git repository (or any of the parent directories): .git
2025-03-22 15:51:56.292 [info] > git rev-parse --show-toplevel [2ms]
2025-03-22 15:51:56.292 [info] fatal: not a git repository (or any of the parent directories): .git
2025-03-22 15:51:56.293 [info] [Model][doInitialScan] Initial repository scan completed - repositories (0), closed repositories (0), parent repositories (0), unsafe repositories (0)
2025-03-22 15:51:56.304 [info] > git rev-parse --show-toplevel [2ms]
2025-03-22 15:51:56.304 [info] fatal: not a git repository (or any of the parent directories): .git
2025-03-22 15:51:56.317 [info] > git rev-parse --show-toplevel [3ms]
2025-03-22 15:51:56.317 [info] fatal: not a git repository (or any of the parent directories): .git
2025-03-22 15:51:56.333 [info] > git rev-parse --show-toplevel [3ms]
2025-03-22 15:51:56.333 [info] fatal: not a git repository (or any of the parent directories): .git
2025-03-22 15:51:56.345 [info] > git rev-parse --show-toplevel [2ms]
2025-03-22 15:51:56.345 [info] fatal: not a git repository (or any of the parent directories): .git
2025-03-22 15:51:56.356 [info] > git rev-parse --show-toplevel [2ms]
2025-03-22 15:51:56.356 [info] fatal: not a git repository (or any of the parent directories): .git
2025-03-22 15:51:56.368 [info] > git rev-parse --show-toplevel [2ms]
2025-03-22 15:51:56.368 [info] fatal: not a git repository (or any of the parent directories): .git
2025-03-22 15:51:56.381 [info] > git rev-parse --show-toplevel [3ms]
2025-03-22 15:51:56.381 [info] fatal: not a git repository (or any of the parent directories): .git
2025-03-22 15:51:56.393 [info] > git rev-parse --show-toplevel [2ms]
2025-03-22 15:51:56.393 [info] fatal: not a git repository (or any of the parent directories): .git
2025-03-22 15:51:56.404 [info] > git rev-parse --show-toplevel [2ms]
2025-03-22 15:51:56.404 [info] fatal: not a git repository (or any of the parent directories): .git
2025-03-22 15:51:56.415 [info] > git rev-parse --show-toplevel [2ms]
2025-03-22 15:51:56.415 [info] fatal: not a git repository (or any of the parent directories): .git
2025-03-22 15:51:56.433 [info] > git rev-parse --show-toplevel [3ms]
2025-03-22 15:51:56.433 [info] fatal: not a git repository (or any of the parent directories): .git
2025-03-22 15:51:56.460 [info] > git rev-parse --show-toplevel [3ms]
2025-03-22 15:51:56.460 [info] fatal: not a git repository (or any of the parent directories): .git
2025-03-22 15:51:56.479 [info] > git rev-parse --show-toplevel [2ms]
2025-03-22 15:51:56.479 [info] fatal: not a git repository (or any of the parent directories): .git
2025-03-22 15:51:56.500 [info] > git rev-parse --show-toplevel [3ms]
2025-03-22 15:51:56.500 [info] fatal: not a git repository (or any of the parent directories): .git
2025-03-22 15:51:56.519 [info] > git rev-parse --show-toplevel [4ms]
2025-03-22 15:51:56.519 [info] fatal: not a git repository (or any of the parent directories): .git
2025-03-22 15:51:56.533 [info] > git rev-parse --show-toplevel [3ms]
2025-03-22 15:51:56.533 [info] fatal: not a git repository (or any of the parent directories): .git
2025-03-22 15:51:56.546 [info] > git rev-parse --show-toplevel [2ms]
2025-03-22 15:51:56.546 [info] fatal: not a git repository (or any of the parent directories): .git
2025-03-22 15:51:56.558 [info] > git rev-parse --show-toplevel [2ms]
2025-03-22 15:51:56.559 [info] fatal: not a git repository (or any of the parent directories): .git
2025-03-22 15:51:56.572 [info] > git rev-parse --show-toplevel [2ms]
2025-03-22 15:51:56.572 [info] fatal: not a git repository (or any of the parent directories): .git
2025-03-22 15:51:56.586 [info] > git rev-parse --show-toplevel [2ms]
2025-03-22 15:51:56.586 [info] fatal: not a git repository (or any of the parent directories): .git
2025-03-22 15:52:48.443 [info] > git rev-parse --show-toplevel [89ms]
2025-03-22 15:52:48.443 [info] fatal: not a git repository (or any of the parent directories): .git
2025-03-22 15:52:48.469 [info] > git rev-parse --show-toplevel [9ms]
2025-03-22 15:52:48.470 [info] fatal: not a git repository (or any of the parent directories): .git
2025-03-22 15:52:48.499 [info] > git rev-parse --show-toplevel [12ms]
2025-03-22 15:52:48.499 [info] fatal: not a git repository (or any of the parent directories): .git
2025-03-22 15:52:48.515 [info] > git rev-parse --show-toplevel [4ms]
2025-03-22 15:52:48.515 [info] fatal: not a git repository (or any of the parent directories): .git
2025-03-22 15:52:48.529 [info] > git rev-parse --show-toplevel [5ms]
2025-03-22 15:52:48.529 [info] fatal: not a git repository (or any of the parent directories): .git
2025-03-22 15:52:48.553 [info] > git rev-parse --show-toplevel [11ms]
2025-03-22 15:52:48.553 [info] fatal: not a git repository (or any of the parent directories): .git
2025-03-22 15:52:48.572 [info] > git rev-parse --show-toplevel [11ms]
2025-03-22 15:52:48.572 [info] fatal: not a git repository (or any of the parent directories): .git
2025-03-22 15:52:48.606 [info] > git rev-parse --show-toplevel [7ms]
2025-03-22 15:52:48.606 [info] fatal: not a git repository (or any of the parent directories): .git
2025-03-22 15:52:48.618 [info] > git rev-parse --show-toplevel [3ms]
2025-03-22 15:52:48.618 [info] fatal: not a git repository (or any of the parent directories): .git
2025-03-22 15:52:48.628 [info] > git rev-parse --show-toplevel [2ms]
2025-03-22 15:52:48.628 [info] fatal: not a git repository (or any of the parent directories): .git
2025-03-22 15:52:48.642 [info] > git rev-parse --show-toplevel [5ms]
2025-03-22 15:52:48.642 [info] fatal: not a git repository (or any of the parent directories): .git
2025-03-22 15:52:48.653 [info] > git rev-parse --show-toplevel [3ms]
2025-03-22 15:52:48.653 [info] fatal: not a git repository (or any of the parent directories): .git
2025-03-22 15:52:48.664 [info] > git rev-parse --show-toplevel [3ms]
2025-03-22 15:52:48.664 [info] fatal: not a git repository (or any of the parent directories): .git
2025-03-22 15:52:48.692 [info] > git rev-parse --show-toplevel [18ms]
2025-03-22 15:52:48.692 [info] fatal: not a git repository (or any of the parent directories): .git
2025-03-22 15:52:48.702 [info] > git rev-parse --show-toplevel [2ms]
2025-03-22 15:52:48.702 [info] fatal: not a git repository (or any of the parent directories): .git
2025-03-22 15:52:48.716 [info] > git rev-parse --show-toplevel [5ms]
2025-03-22 15:52:48.716 [info] fatal: not a git repository (or any of the parent directories): .git
2025-03-22 15:52:48.727 [info] > git rev-parse --show-toplevel [2ms]
2025-03-22 15:52:48.727 [info] fatal: not a git repository (or any of the parent directories): .git
2025-03-22 15:52:48.739 [info] > git rev-parse --show-toplevel [4ms]
2025-03-22 15:52:48.739 [info] fatal: not a git repository (or any of the parent directories): .git
2025-03-22 15:53:33.054 [info] > git rev-parse --show-toplevel [2ms]
2025-03-22 15:53:33.054 [info] fatal: not a git repository (or any of the parent directories): .git
2025-03-22 17:27:48.194 [info] > git rev-parse --show-toplevel [4ms]
2025-03-22 17:27:48.194 [info] fatal: not a git repository (or any of the parent directories): .git
2025-03-22 17:27:48.214 [info] > git rev-parse --show-toplevel [6ms]
2025-03-22 17:27:48.214 [info] fatal: not a git repository (or any of the parent directories): .git
2025-03-22 17:27:51.467 [info] > git rev-parse --show-toplevel [2ms]
2025-03-22 17:27:51.467 [info] fatal: not a git repository (or any of the parent directories): .git
2025-03-22 17:27:51.506 [info] > git rev-parse --show-toplevel [3ms]
2025-03-22 17:27:51.507 [info] fatal: not a git repository (or any of the parent directories): .git
2025-03-22 17:27:51.525 [info] > git rev-parse --show-toplevel [4ms]
2025-03-22 17:27:51.525 [info] fatal: not a git repository (or any of the parent directories): .git
2025-03-22 17:27:57.547 [info] > git rev-parse --show-toplevel [3ms]
2025-03-22 17:27:57.547 [info] fatal: not a git repository (or any of the parent directories): .git
2025-03-22 17:28:01.324 [info] > git rev-parse --show-toplevel [3ms]
2025-03-22 17:28:01.324 [info] fatal: not a git repository (or any of the parent directories): .git
2025-03-22 17:28:02.616 [info] > git rev-parse --show-toplevel [4ms]
2025-03-22 17:28:02.616 [info] fatal: not a git repository (or any of the parent directories): .git
2025-03-22 17:28:52.826 [info] > git rev-parse --show-toplevel [2ms]
2025-03-22 17:28:52.826 [info] fatal: not a git repository (or any of the parent directories): .git
2025-03-22 17:29:01.642 [info] > git rev-parse --show-toplevel [3ms]
2025-03-22 17:29:01.642 [info] fatal: not a git repository (or any of the parent directories): .git
