2025-03-26 22:18:42.832 [warning] Via 'product.json#extensionEnabledApiProposals' extension 'ms-vscode.vscode-selfhost-test-provider' wants API proposal 'attributableCoverage' but that proposal DOES NOT EXIST. Likely, the proposal has been finalized (check 'vscode.d.ts') or was abandoned.
2025-03-26 22:18:42.833 [warning] Via 'product.json#extensionEnabledApiProposals' extension 'ms-python.python' wants API proposal 'contribIssueReporter' but that proposal DOES NOT EXIST. Likely, the proposal has been finalized (check 'vscode.d.ts') or was abandoned.
2025-03-26 22:18:42.834 [warning] Via 'product.json#extensionEnabledApiProposals' extension 'ms-python.debugpy' wants API proposal 'contribIssueReporter' but that proposal DOES NOT EXIST. Likely, the proposal has been finalized (check 'vscode.d.ts') or was abandoned.
2025-03-26 22:18:42.835 [warning] Via 'product.json#extensionEnabledApiProposals' extension 'redhat.java' wants API proposal 'documentPaste' but that proposal DOES NOT EXIST. Likely, the proposal has been finalized (check 'vscode.d.ts') or was abandoned.
2025-03-26 22:18:44.981 [info] Started local extension host with pid 1649.
2025-03-26 22:18:51.103 [info] [perf] Render performance baseline is 89ms
2025-03-26 22:38:34.036 [error] Error: The file is not displayed in the text editor because it is a directory.
    at gW (vscode-file://vscode-app/opt/vscodium-bin/resources/app/out/vs/workbench/workbench.desktop.main.js:34:737)
    at Q4 (vscode-file://vscode-app/opt/vscodium-bin/resources/app/out/vs/workbench/workbench.desktop.main.js:491:85342)
    at rbe.handleSetInputError (vscode-file://vscode-app/opt/vscodium-bin/resources/app/out/vs/workbench/workbench.desktop.main.js:2107:138149)
    at rbe.setInput (vscode-file://vscode-app/opt/vscodium-bin/resources/app/out/vs/workbench/workbench.desktop.main.js:2107:137527)
    at async P2e.doSetInput (vscode-file://vscode-app/opt/vscodium-bin/resources/app/out/vs/workbench/workbench.desktop.main.js:526:25289)
    at async P2e.doOpenEditor (vscode-file://vscode-app/opt/vscodium-bin/resources/app/out/vs/workbench/workbench.desktop.main.js:526:23043)
    at async P2e.openEditor (vscode-file://vscode-app/opt/vscodium-bin/resources/app/out/vs/workbench/workbench.desktop.main.js:526:21970)
    at async vscode-file://vscode-app/opt/vscodium-bin/resources/app/out/vs/workbench/workbench.desktop.main.js:638:31972
    at async hM.openEditors (vscode-file://vscode-app/opt/vscodium-bin/resources/app/out/vs/workbench/workbench.desktop.main.js:638:32434)
    at async Promise.all (index 0)
2025-03-27 01:46:01.429 [error] EOFError: Ran out of input: Error: EOFError: Ran out of input
	at ae (/home/tsrt/.vscode-oss/extensions/ms-python.python-2025.2.0-universal/out/client/extension.js:2:1974693)
	at oe (/home/tsrt/.vscode-oss/extensions/ms-python.python-2025.2.0-universal/out/client/extension.js:2:1972653)
	at Immediate.<anonymous> (/home/tsrt/.vscode-oss/extensions/ms-python.python-2025.2.0-universal/out/client/extension.js:2:1968947)
	at process.processImmediate (node:internal/timers:483:21)
