2024-05-19 22:08:50.549 [info] Started local extension host with pid 65761.
2024-05-19 22:08:50.724 [warning] [twxs.cmake]: Cannot register 'cmake.cmakePath'. This property is already registered.
2024-05-19 22:08:53.508 [info] [perf] Render performance baseline is 69ms
2024-05-19 22:08:54.138 [warning] [cmake-tools]: Couldn't find message for key cmake-tools.configuration.cmake.options.advanced.statusBarLength.description.
2024-05-19 22:08:54.139 [warning] [cmake-tools]: Couldn't find message for key cmake-tools.configuration.cmake.options.advanced.statusBarLength.description.
2024-05-19 22:08:54.139 [warning] [cmake-tools]: Couldn't find message for key cmake-tools.configuration.cmake.options.advanced.statusBarLength.description.
2024-05-19 22:08:54.140 [warning] [cmake-tools]: Couldn't find message for key cmake-tools.configuration.cmake.options.advanced.statusBarLength.description.
2024-05-19 22:08:54.141 [warning] [cmake-tools]: Couldn't find message for key cmake-tools.configuration.cmake.options.advanced.statusBarLength.description.
2024-05-19 22:08:54.141 [warning] [cmake-tools]: Couldn't find message for key cmake-tools.configuration.cmake.options.advanced.statusBarLength.description.
2024-05-19 22:08:54.142 [warning] [cmake-tools]: Couldn't find message for key cmake-tools.configuration.cmake.options.advanced.statusBarLength.description.
2024-05-19 22:08:54.142 [warning] [cmake-tools]: Couldn't find message for key cmake-tools.configuration.cmake.options.advanced.statusBarLength.description.
2024-05-19 22:08:54.142 [warning] [cmake-tools]: Couldn't find message for key cmake-tools.configuration.cmake.options.advanced.statusBarLength.description.
2024-05-19 22:08:54.143 [warning] [cmake-tools]: Couldn't find message for key cmake-tools.configuration.cmake.options.advanced.statusBarLength.description.
2024-05-19 22:08:54.143 [warning] [cmake-tools]: Couldn't find message for key cmake-tools.configuration.cmake.options.advanced.statusBarLength.description.
2024-05-19 22:08:54.144 [warning] [cmake-tools]: Couldn't find message for key cmake-tools.configuration.cmake.options.advanced.statusBarLength.description.
2024-05-19 22:09:07.130 [error] Offline: Offline: Offline
    at y.onerror (vscode-file://vscode-app/opt/visual-studio-code/resources/app/out/vs/workbench/workbench.desktop.main.js:97:2078)
2024-05-19 22:09:40.736 [info] Started local extension host with pid 66227.
2024-05-19 22:09:40.845 [warning] [twxs.cmake]: Cannot register 'cmake.cmakePath'. This property is already registered.
2024-05-19 22:09:43.655 [info] [perf] Render performance baseline is 94ms
2024-05-19 22:09:44.131 [warning] [cmake-tools]: Couldn't find message for key cmake-tools.configuration.cmake.options.advanced.statusBarLength.description.
2024-05-19 22:09:44.131 [warning] [cmake-tools]: Couldn't find message for key cmake-tools.configuration.cmake.options.advanced.statusBarLength.description.
2024-05-19 22:09:44.131 [warning] [cmake-tools]: Couldn't find message for key cmake-tools.configuration.cmake.options.advanced.statusBarLength.description.
2024-05-19 22:09:44.132 [warning] [cmake-tools]: Couldn't find message for key cmake-tools.configuration.cmake.options.advanced.statusBarLength.description.
2024-05-19 22:09:44.132 [warning] [cmake-tools]: Couldn't find message for key cmake-tools.configuration.cmake.options.advanced.statusBarLength.description.
2024-05-19 22:09:44.132 [warning] [cmake-tools]: Couldn't find message for key cmake-tools.configuration.cmake.options.advanced.statusBarLength.description.
2024-05-19 22:09:44.133 [warning] [cmake-tools]: Couldn't find message for key cmake-tools.configuration.cmake.options.advanced.statusBarLength.description.
2024-05-19 22:09:44.133 [warning] [cmake-tools]: Couldn't find message for key cmake-tools.configuration.cmake.options.advanced.statusBarLength.description.
2024-05-19 22:09:44.133 [warning] [cmake-tools]: Couldn't find message for key cmake-tools.configuration.cmake.options.advanced.statusBarLength.description.
2024-05-19 22:09:44.133 [warning] [cmake-tools]: Couldn't find message for key cmake-tools.configuration.cmake.options.advanced.statusBarLength.description.
2024-05-19 22:09:44.134 [warning] [cmake-tools]: Couldn't find message for key cmake-tools.configuration.cmake.options.advanced.statusBarLength.description.
2024-05-19 22:09:44.134 [warning] [cmake-tools]: Couldn't find message for key cmake-tools.configuration.cmake.options.advanced.statusBarLength.description.
2024-05-19 22:21:21.470 [info] [editor auto save] running auto save from condition change event file:///home/tsrt/KN%20King/Dimensional_Weight.c 
2024-05-19 22:24:30.922 [info] [editor auto save] running auto save from condition change event file:///home/tsrt/KN%20King/Ch%202%3A%20C%20Fundamentals/test.c 
2024-05-19 22:32:43.323 [info] [editor auto save] running auto save from condition change event file:///home/tsrt/KN%20King/Ch%202%3A%20C%20Fundamentals/Dimensional_Weight.c 
2024-05-19 22:33:33.190 [info] [editor auto save] running auto save from condition change event file:///home/tsrt/KN%20King/Ch%202%3A%20C%20Fundamentals/Dimensional_Weight.c 
2024-05-19 22:34:52.085 [info] [editor auto save] running auto save from condition change event file:///home/tsrt/KN%20King/Ch%202%3A%20C%20Fundamentals/Dimensional_Weight.c 
2024-05-19 22:35:45.347 [info] [editor auto save] running auto save from condition change event file:///home/tsrt/KN%20King/Ch%202%3A%20C%20Fundamentals/Dimensional_Weight.c 
2024-05-19 22:52:22.722 [info] [editor auto save] running auto save from condition change event file:///home/tsrt/KN%20King/Ch2%3A%20C%20Fundamentals/Dimensional_Weight.c 
2024-05-19 23:00:13.591 [info] [editor auto save] running auto save from condition change event file:///home/tsrt/KN%20King/Ch2%3A%20C%20Fundamentals/Fahrenheit_to_.Celsius.c 
2024-05-19 23:00:53.717 [info] [editor auto save] running auto save from condition change event file:///home/tsrt/KN%20King/Ch2%3A%20C%20Fundamentals/Fahrenheit_to_.Celsius.c 
2024-05-19 23:01:36.934 [info] [editor auto save] running auto save from condition change event file:///home/tsrt/KN%20King/Ch2%3A%20C%20Fundamentals/Fahrenheit_to_.Celsius.c 
2024-05-19 23:01:45.787 [info] [editor auto save] running auto save from condition change event file:///home/tsrt/KN%20King/Ch2%3A%20C%20Fundamentals/Fahrenheit_to_.Celsius.c 
2024-05-19 23:03:12.951 [info] [editor auto save] running auto save from condition change event file:///home/tsrt/KN%20King/Ch2%3A%20C%20Fundamentals/Fahrenheit_to_.Celsius.c 
2024-05-19 23:09:49.705 [info] [editor auto save] running auto save from condition change event file:///home/tsrt/KN%20King/Ch2%3A%20C%20Fundamentals/Fahrenheit_to_.Celsius.c 
2024-05-19 23:12:40.650 [info] [editor auto save] running auto save from condition change event file:///home/tsrt/KN%20King/Ch2%3A%20C%20Fundamentals/Fahrenheit_to_.Celsius.c 
2024-05-19 23:13:16.682 [info] [editor auto save] running auto save from condition change event file:///home/tsrt/KN%20King/Ch2%3A%20C%20Fundamentals/Fahrenheit_to_.Celsius.c 
2024-05-19 23:19:25.911 [info] [editor auto save] running auto save from condition change event file:///home/tsrt/KN%20King/Ch2%3A%20C%20Fundamentals/Fahrenheit_to_.Celsius.c 
2024-05-20 00:27:48.997 [info] [editor auto save] running auto save from condition change event file:///home/tsrt/KN%20King/Ch2%3A%20C%20Fundamentals/P1.c 
2024-05-20 00:28:19.344 [info] [editor auto save] running auto save from condition change event file:///home/tsrt/KN%20King/Ch2%3A%20C%20Fundamentals/P1.c 
2024-05-20 00:29:57.908 [info] [editor auto save] running auto save from condition change event file:///home/tsrt/KN%20King/Ch2%3A%20C%20Fundamentals/P1.c 
2024-05-20 00:31:48.308 [info] [editor auto save] running auto save from condition change event file:///home/tsrt/KN%20King/Ch2%3A%20C%20Fundamentals/P2.c 
2024-05-20 00:32:45.634 [info] [editor auto save] running auto save from condition change event file:///home/tsrt/KN%20King/Ch2%3A%20C%20Fundamentals/P2.c 
2024-05-20 00:33:49.346 [info] [editor auto save] running auto save from condition change event file:///home/tsrt/KN%20King/Ch2%3A%20C%20Fundamentals/P2.c 
2024-05-20 00:34:26.280 [info] [editor auto save] running auto save from condition change event file:///home/tsrt/KN%20King/Ch2%3A%20C%20Fundamentals/P2.c 
2024-05-20 00:44:59.436 [info] [editor auto save] running auto save from condition change event file:///home/tsrt/KN%20King/Ch2%3A%20C%20Fundamentals/P4.c 
2024-05-20 00:49:30.029 [info] [editor auto save] running auto save from condition change event file:///home/tsrt/KN%20King/Ch2%3A%20C%20Fundamentals/P5.c 
2024-05-20 00:49:55.712 [info] [editor auto save] running auto save from condition change event file:///home/tsrt/KN%20King/Ch2%3A%20C%20Fundamentals/P5.c 
2024-05-20 00:51:22.185 [info] [editor auto save] running auto save from condition change event file:///home/tsrt/KN%20King/Ch2%3A%20C%20Fundamentals/P5.c 
2024-05-20 00:57:00.494 [info] [editor auto save] running auto save from condition change event file:///home/tsrt/KN%20King/Ch2%3A%20C%20Fundamentals/P5.c 
2024-05-20 01:03:51.923 [info] [editor auto save] running auto save from condition change event file:///home/tsrt/KN%20King/Ch2%3A%20C%20Fundamentals/P7.c 
2024-05-20 01:04:00.339 [info] [editor auto save] running auto save from condition change event file:///home/tsrt/KN%20King/Ch2%3A%20C%20Fundamentals/P7.c 
2024-05-20 01:06:10.825 [info] [editor auto save] running auto save from condition change event file:///home/tsrt/KN%20King/Ch2%3A%20C%20Fundamentals/P7.c 
2024-05-20 01:07:02.596 [info] [editor auto save] running auto save from condition change event file:///home/tsrt/KN%20King/Ch2%3A%20C%20Fundamentals/P7.c 
2024-05-20 01:07:42.679 [info] [editor auto save] running auto save from condition change event file:///home/tsrt/KN%20King/Ch2%3A%20C%20Fundamentals/P7.c 
2024-05-20 01:08:02.465 [info] [editor auto save] running auto save from condition change event file:///home/tsrt/KN%20King/Ch2%3A%20C%20Fundamentals/P7.c 
2024-05-20 01:11:33.399 [info] [editor auto save] running auto save from condition change event file:///home/tsrt/KN%20King/Ch2%3A%20C%20Fundamentals/P8.c 
2024-05-20 01:12:20.398 [info] [editor auto save] running auto save from condition change event file:///home/tsrt/KN%20King/Ch2%3A%20C%20Fundamentals/P8.c 
2024-05-20 01:14:42.698 [info] [editor auto save] running auto save from condition change event file:///home/tsrt/KN%20King/Ch2%3A%20C%20Fundamentals/P8.c 
2024-05-20 01:16:35.229 [info] [editor auto save] running auto save from condition change event file:///home/tsrt/KN%20King/Ch2%3A%20C%20Fundamentals/P8.c 
2024-05-20 01:17:46.199 [info] [editor auto save] running auto save from condition change event file:///home/tsrt/KN%20King/Ch2%3A%20C%20Fundamentals/P8.c 
2024-05-20 01:18:49.169 [info] [editor auto save] running auto save from condition change event file:///home/tsrt/KN%20King/Ch2%3A%20C%20Fundamentals/P8.c 
