2024-05-19 22:08:50.401 [info] Added views:workbench.panel.markers.view in workbench.panel.markers
2024-05-19 22:08:50.401 [info] Added views:workbench.panel.output in workbench.panel.output
2024-05-19 22:08:50.401 [info] Added views:terminal in terminal
2024-05-19 22:08:50.401 [info] Added views:workbench.scm in workbench.view.scm
2024-05-19 22:08:50.401 [info] Added views:workbench.view.search in workbench.view.search
2024-05-19 22:08:50.401 [info] Added views:workbench.explorer.emptyView in workbench.view.explorer
2024-05-19 22:08:50.888 [info] Added views:github.codespaces.explorer in workbench.view.remote
2024-05-19 22:08:51.403 [info] Added views:workbench.debug.variablesView,workbench.debug.watchExpressionsView,workbench.debug.callStackView,workbench.debug.breakPointsView in workbench.view.debug
2024-05-19 22:08:51.441 [info] Added views:workbench.panel.repl.view in workbench.panel.repl
2024-05-19 22:08:51.445 [info] Removed views:workbench.debug.breakPointsView,workbench.debug.callStackView,workbench.debug.watchExpressionsView,workbench.debug.variablesView from workbench.view.debug
2024-05-19 22:08:51.446 [info] Added views:workbench.debug.welcome in workbench.view.debug
2024-05-19 22:08:51.781 [info] Added views:~remote.forwardedPorts in ~remote.forwardedPortsContainer
2024-05-19 22:09:06.557 [info] Added views:~remote.helpPanel in workbench.view.remote
2024-05-19 22:09:40.382 [info] Added views:workbench.panel.markers.view in workbench.panel.markers
2024-05-19 22:09:40.382 [info] Added views:workbench.panel.output in workbench.panel.output
2024-05-19 22:09:40.382 [info] Added views:terminal in terminal
2024-05-19 22:09:40.382 [info] Added views:workbench.scm in workbench.view.scm
2024-05-19 22:09:40.382 [info] Added views:workbench.view.search in workbench.view.search
2024-05-19 22:09:40.382 [info] Added views:workbench.explorer.fileView in workbench.view.explorer
2024-05-19 22:09:41.026 [info] Added views:github.codespaces.explorer in workbench.view.remote
2024-05-19 22:09:41.545 [info] Added views:workbench.debug.variablesView,workbench.debug.watchExpressionsView,workbench.debug.callStackView,workbench.debug.breakPointsView in workbench.view.debug
2024-05-19 22:09:41.666 [info] Added views:workbench.panel.repl.view in workbench.panel.repl
2024-05-19 22:09:41.668 [info] Removed views:workbench.debug.breakPointsView,workbench.debug.callStackView,workbench.debug.watchExpressionsView,workbench.debug.variablesView from workbench.view.debug
2024-05-19 22:09:41.670 [info] Added views:workbench.debug.welcome in workbench.view.debug
2024-05-19 22:09:41.952 [info] Added views:~remote.forwardedPorts in ~remote.forwardedPortsContainer
