2024-05-18 23:11:38.391 [info] Started local extension host with pid 2496.
2024-05-18 23:11:38.842 [warning] [cmake-tools]: Couldn't find message for key cmake-tools.configuration.cmake.options.advanced.statusBarLength.description.
2024-05-18 23:11:38.843 [warning] [cmake-tools]: Couldn't find message for key cmake-tools.configuration.cmake.options.advanced.statusBarLength.description.
2024-05-18 23:11:38.844 [warning] [cmake-tools]: Couldn't find message for key cmake-tools.configuration.cmake.options.advanced.statusBarLength.description.
2024-05-18 23:11:38.844 [warning] [cmake-tools]: Couldn't find message for key cmake-tools.configuration.cmake.options.advanced.statusBarLength.description.
2024-05-18 23:11:38.845 [warning] [cmake-tools]: Couldn't find message for key cmake-tools.configuration.cmake.options.advanced.statusBarLength.description.
2024-05-18 23:11:38.846 [warning] [cmake-tools]: Couldn't find message for key cmake-tools.configuration.cmake.options.advanced.statusBarLength.description.
2024-05-18 23:11:38.846 [warning] [cmake-tools]: Couldn't find message for key cmake-tools.configuration.cmake.options.advanced.statusBarLength.description.
2024-05-18 23:11:38.847 [warning] [cmake-tools]: Couldn't find message for key cmake-tools.configuration.cmake.options.advanced.statusBarLength.description.
2024-05-18 23:11:38.847 [warning] [cmake-tools]: Couldn't find message for key cmake-tools.configuration.cmake.options.advanced.statusBarLength.description.
2024-05-18 23:11:38.848 [warning] [cmake-tools]: Couldn't find message for key cmake-tools.configuration.cmake.options.advanced.statusBarLength.description.
2024-05-18 23:11:38.849 [warning] [cmake-tools]: Couldn't find message for key cmake-tools.configuration.cmake.options.advanced.statusBarLength.description.
2024-05-18 23:11:38.850 [warning] [cmake-tools]: Couldn't find message for key cmake-tools.configuration.cmake.options.advanced.statusBarLength.description.
2024-05-18 23:11:38.952 [warning] [twxs.cmake]: Cannot register 'cmake.cmakePath'. This property is already registered.
2024-05-18 23:11:42.268 [info] [perf] Render performance baseline is 106ms
2024-05-18 23:35:15.922 [error] Cannot read properties of undefined (reading 'accessToken'): TypeError: Cannot read properties of undefined (reading 'accessToken')
    at p.z (vscode-file://vscode-app/opt/visual-studio-code/resources/app/out/vs/workbench/workbench.desktop.main.js:1686:21851)
    at p.C (vscode-file://vscode-app/opt/visual-studio-code/resources/app/out/vs/workbench/workbench.desktop.main.js:1686:22484)
    at d.value (vscode-file://vscode-app/opt/visual-studio-code/resources/app/out/vs/workbench/workbench.desktop.main.js:1686:21653)
2024-05-18 23:35:43.164 [info] Settings Sync: Updating due to change in sessions
2024-05-18 23:35:43.172 [info] Settings Sync: Updating due to change in sessions
2024-05-18 23:35:48.734 [warning] [backup tracker] suspended, ignoring dirty change event file:///home/tsrt/CS50/test.c 
2024-05-18 23:35:51.655 [info] Started local extension host with pid 20097.
2024-05-18 23:35:54.792 [warning] [cmake-tools]: Couldn't find message for key cmake-tools.configuration.cmake.options.advanced.statusBarLength.description.
2024-05-18 23:35:54.793 [warning] [cmake-tools]: Couldn't find message for key cmake-tools.configuration.cmake.options.advanced.statusBarLength.description.
2024-05-18 23:35:54.793 [warning] [cmake-tools]: Couldn't find message for key cmake-tools.configuration.cmake.options.advanced.statusBarLength.description.
2024-05-18 23:35:54.794 [warning] [cmake-tools]: Couldn't find message for key cmake-tools.configuration.cmake.options.advanced.statusBarLength.description.
2024-05-18 23:35:54.794 [warning] [cmake-tools]: Couldn't find message for key cmake-tools.configuration.cmake.options.advanced.statusBarLength.description.
2024-05-18 23:35:54.795 [warning] [cmake-tools]: Couldn't find message for key cmake-tools.configuration.cmake.options.advanced.statusBarLength.description.
2024-05-18 23:35:54.795 [warning] [cmake-tools]: Couldn't find message for key cmake-tools.configuration.cmake.options.advanced.statusBarLength.description.
2024-05-18 23:35:54.796 [warning] [cmake-tools]: Couldn't find message for key cmake-tools.configuration.cmake.options.advanced.statusBarLength.description.
2024-05-18 23:35:54.796 [warning] [cmake-tools]: Couldn't find message for key cmake-tools.configuration.cmake.options.advanced.statusBarLength.description.
2024-05-18 23:35:54.796 [warning] [cmake-tools]: Couldn't find message for key cmake-tools.configuration.cmake.options.advanced.statusBarLength.description.
2024-05-18 23:35:54.797 [warning] [cmake-tools]: Couldn't find message for key cmake-tools.configuration.cmake.options.advanced.statusBarLength.description.
2024-05-18 23:35:54.797 [warning] [cmake-tools]: Couldn't find message for key cmake-tools.configuration.cmake.options.advanced.statusBarLength.description.
2024-05-18 23:35:56.034 [info] Invoking resolveAuthority(codespaces)...
2024-05-18 23:35:56.035 [info] [LocalProcess0][resolveAuthority(codespaces,1)][0ms] obtaining proxy...
2024-05-18 23:35:56.035 [info] [LocalProcess0][resolveAuthority(codespaces,1)][0ms] invoking...
2024-05-18 23:35:57.036 [info] [LocalProcess0][resolveAuthority(codespaces,1)][1001ms] waiting...
2024-05-18 23:35:58.037 [info] [LocalProcess0][resolveAuthority(codespaces,1)][2001ms] waiting...
2024-05-18 23:35:59.036 [info] [LocalProcess0][resolveAuthority(codespaces,1)][3001ms] waiting...
2024-05-18 23:36:00.036 [info] [LocalProcess0][resolveAuthority(codespaces,1)][4001ms] waiting...
2024-05-18 23:36:01.036 [info] [LocalProcess0][resolveAuthority(codespaces,1)][5001ms] waiting...
2024-05-18 23:36:02.036 [info] [LocalProcess0][resolveAuthority(codespaces,1)][6001ms] waiting...
2024-05-18 23:36:03.036 [info] [LocalProcess0][resolveAuthority(codespaces,1)][7001ms] waiting...
2024-05-18 23:36:04.036 [info] [LocalProcess0][resolveAuthority(codespaces,1)][8001ms] waiting...
2024-05-18 23:36:05.036 [info] [LocalProcess0][resolveAuthority(codespaces,1)][9001ms] waiting...
2024-05-18 23:36:06.036 [info] [LocalProcess0][resolveAuthority(codespaces,1)][10001ms] waiting...
2024-05-18 23:36:07.036 [info] [LocalProcess0][resolveAuthority(codespaces,1)][11001ms] waiting...
2024-05-18 23:36:08.036 [info] [LocalProcess0][resolveAuthority(codespaces,1)][12001ms] waiting...
2024-05-18 23:36:09.036 [info] [LocalProcess0][resolveAuthority(codespaces,1)][13001ms] waiting...
2024-05-18 23:36:10.036 [info] [LocalProcess0][resolveAuthority(codespaces,1)][14001ms] waiting...
2024-05-18 23:36:11.036 [info] [LocalProcess0][resolveAuthority(codespaces,1)][15001ms] waiting...
2024-05-18 23:36:12.036 [info] [LocalProcess0][resolveAuthority(codespaces,1)][16001ms] waiting...
2024-05-18 23:36:13.036 [info] [LocalProcess0][resolveAuthority(codespaces,1)][17001ms] waiting...
2024-05-18 23:36:14.036 [info] [LocalProcess0][resolveAuthority(codespaces,1)][18001ms] waiting...
2024-05-18 23:36:15.036 [info] [LocalProcess0][resolveAuthority(codespaces,1)][19001ms] waiting...
2024-05-18 23:36:16.036 [info] [LocalProcess0][resolveAuthority(codespaces,1)][20001ms] waiting...
2024-05-18 23:36:17.036 [info] [LocalProcess0][resolveAuthority(codespaces,1)][21001ms] waiting...
2024-05-18 23:36:18.036 [info] [LocalProcess0][resolveAuthority(codespaces,1)][22001ms] waiting...
2024-05-18 23:36:19.036 [info] [LocalProcess0][resolveAuthority(codespaces,1)][23001ms] waiting...
2024-05-18 23:36:20.036 [info] [LocalProcess0][resolveAuthority(codespaces,1)][24001ms] waiting...
2024-05-18 23:36:21.036 [info] [LocalProcess0][resolveAuthority(codespaces,1)][25001ms] waiting...
2024-05-18 23:36:22.036 [info] [LocalProcess0][resolveAuthority(codespaces,1)][26001ms] waiting...
2024-05-18 23:36:23.036 [info] [LocalProcess0][resolveAuthority(codespaces,1)][27001ms] waiting...
2024-05-18 23:36:24.036 [info] [LocalProcess0][resolveAuthority(codespaces,1)][28001ms] waiting...
2024-05-18 23:36:25.036 [info] [LocalProcess0][resolveAuthority(codespaces,1)][29001ms] waiting...
2024-05-18 23:36:26.036 [info] [LocalProcess0][resolveAuthority(codespaces,1)][30001ms] waiting...
2024-05-18 23:36:27.036 [info] [LocalProcess0][resolveAuthority(codespaces,1)][31001ms] waiting...
2024-05-18 23:36:28.036 [info] [LocalProcess0][resolveAuthority(codespaces,1)][32001ms] waiting...
2024-05-18 23:36:29.036 [info] [LocalProcess0][resolveAuthority(codespaces,1)][33001ms] waiting...
2024-05-18 23:36:30.036 [info] [LocalProcess0][resolveAuthority(codespaces,1)][34001ms] waiting...
2024-05-18 23:36:31.036 [info] [LocalProcess0][resolveAuthority(codespaces,1)][35001ms] waiting...
2024-05-18 23:36:32.036 [info] [LocalProcess0][resolveAuthority(codespaces,1)][36001ms] waiting...
2024-05-18 23:36:33.036 [info] [LocalProcess0][resolveAuthority(codespaces,1)][37001ms] waiting...
2024-05-18 23:36:34.036 [info] [LocalProcess0][resolveAuthority(codespaces,1)][38001ms] waiting...
2024-05-18 23:36:35.036 [info] [LocalProcess0][resolveAuthority(codespaces,1)][39001ms] waiting...
2024-05-18 23:36:36.036 [info] [LocalProcess0][resolveAuthority(codespaces,1)][40001ms] waiting...
2024-05-18 23:36:37.036 [info] [LocalProcess0][resolveAuthority(codespaces,1)][41001ms] waiting...
2024-05-18 23:36:38.036 [info] [LocalProcess0][resolveAuthority(codespaces,1)][42001ms] waiting...
2024-05-18 23:36:39.036 [info] [LocalProcess0][resolveAuthority(codespaces,1)][43001ms] waiting...
2024-05-18 23:36:40.037 [info] [LocalProcess0][resolveAuthority(codespaces,1)][44002ms] waiting...
2024-05-18 23:36:41.036 [info] [LocalProcess0][resolveAuthority(codespaces,1)][45001ms] waiting...
2024-05-18 23:36:42.036 [info] [LocalProcess0][resolveAuthority(codespaces,1)][46001ms] waiting...
2024-05-18 23:36:43.036 [info] [LocalProcess0][resolveAuthority(codespaces,1)][47001ms] waiting...
2024-05-18 23:36:44.036 [info] [LocalProcess0][resolveAuthority(codespaces,1)][48001ms] waiting...
2024-05-18 23:36:45.036 [info] [LocalProcess0][resolveAuthority(codespaces,1)][49001ms] waiting...
2024-05-18 23:36:46.036 [info] [LocalProcess0][resolveAuthority(codespaces,1)][50001ms] waiting...
2024-05-18 23:36:47.036 [info] [LocalProcess0][resolveAuthority(codespaces,1)][51001ms] waiting...
2024-05-18 23:36:48.036 [info] [LocalProcess0][resolveAuthority(codespaces,1)][52001ms] waiting...
2024-05-18 23:36:49.036 [info] [LocalProcess0][resolveAuthority(codespaces,1)][53001ms] waiting...
2024-05-18 23:36:50.036 [info] [LocalProcess0][resolveAuthority(codespaces,1)][54001ms] waiting...
2024-05-18 23:36:51.036 [info] [LocalProcess0][resolveAuthority(codespaces,1)][55001ms] waiting...
2024-05-18 23:36:52.037 [info] [LocalProcess0][resolveAuthority(codespaces,1)][56002ms] waiting...
2024-05-18 23:36:53.037 [info] [LocalProcess0][resolveAuthority(codespaces,1)][57002ms] waiting...
2024-05-18 23:36:54.037 [info] [LocalProcess0][resolveAuthority(codespaces,1)][58002ms] waiting...
2024-05-18 23:36:54.797 [info] [LocalProcess0][resolveAuthority(codespaces,1)][58762ms] returned WebSocket(127.0.0.1:36139)
2024-05-18 23:36:54.797 [info] resolveAuthority(codespaces) returned 'WebSocket(127.0.0.1:36139)' after 58762 ms
2024-05-18 23:36:54.802 [info] Creating a socket (renderer-Management-1147d11b-4a0d-4d10-9dc0-cba3629190fb)...
2024-05-18 23:36:54.816 [info] Creating a socket (renderer-ExtensionHost-c28aa0e0-74a0-4b1f-ba87-91b443258cc8)...
2024-05-18 23:36:55.140 [info] Creating a socket (renderer-Management-1147d11b-4a0d-4d10-9dc0-cba3629190fb) was successful after 338 ms.
2024-05-18 23:36:55.337 [info] Creating a socket (renderer-ExtensionHost-c28aa0e0-74a0-4b1f-ba87-91b443258cc8) was successful after 521 ms.
2024-05-18 23:37:16.574 [info] [perf] Render performance baseline is 64ms
