2024-05-18 23:11:38.229 [info] Added views:workbench.panel.markers.view in workbench.panel.markers
2024-05-18 23:11:38.229 [info] Added views:workbench.panel.output in workbench.panel.output
2024-05-18 23:11:38.229 [info] Added views:terminal in terminal
2024-05-18 23:11:38.229 [info] Added views:outline in workbench.view.explorer
2024-05-18 23:11:38.229 [info] Added views:workbench.scm in workbench.view.scm
2024-05-18 23:11:38.229 [info] Added views:workbench.view.search in workbench.view.search
2024-05-18 23:11:38.229 [info] Added views:timeline in workbench.view.explorer
2024-05-18 23:11:38.229 [info] Added views:workbench.explorer.fileView in workbench.view.explorer
2024-05-18 23:11:38.733 [info] Added views:workbench.debug.welcome in workbench.view.debug
2024-05-18 23:11:39.117 [info] Added views:github.codespaces.explorer in workbench.view.remote
2024-05-18 23:11:39.516 [info] Added views:workbench.panel.repl.view in workbench.panel.repl
2024-05-18 23:11:40.402 [info] Added views:~remote.forwardedPorts in ~remote.forwardedPortsContainer
2024-05-18 23:24:01.078 [info] View visibility state changed: workbench.explorer.openEditorsView is now visible Explorer
2024-05-18 23:24:01.153 [info] Showing view workbench.explorer.openEditorsView in the container workbench.view.explorer
2024-05-18 23:24:01.185 [info] Added views:workbench.explorer.openEditorsView in workbench.view.explorer
2024-05-18 23:24:06.617 [info] Removed views:workbench.explorer.openEditorsView from workbench.view.explorer
2024-05-18 23:24:08.941 [info] Removed views:timeline from workbench.view.explorer
2024-05-18 23:24:18.568 [info] View visibility state changed: workbench.explorer.emptyView is now visible Explorer
2024-05-18 23:24:22.327 [info] Removed views:outline from workbench.view.explorer
2024-05-18 23:35:51.434 [info] Added views:workbench.panel.markers.view in workbench.panel.markers
2024-05-18 23:35:51.434 [info] Added views:workbench.panel.output in workbench.panel.output
2024-05-18 23:35:51.434 [info] Added views:terminal in terminal
2024-05-18 23:35:51.434 [info] Added views:workbench.scm in workbench.view.scm
2024-05-18 23:35:51.434 [info] Added views:workbench.view.search in workbench.view.search
2024-05-18 23:35:51.434 [info] Added views:workbench.explorer.fileView in workbench.view.explorer
2024-05-18 23:35:51.923 [info] Added views:workbench.debug.variablesView,workbench.debug.watchExpressionsView,workbench.debug.callStackView,workbench.debug.breakPointsView in workbench.view.debug
2024-05-18 23:36:54.784 [info] Added views:~remote.forwardedPorts in ~remote.forwardedPortsContainer
2024-05-18 23:37:13.520 [info] Added views:github.codespaces.explorer in workbench.view.remote
2024-05-18 23:37:13.523 [info] Added views:pr:github,issues:github in workbench.view.extension.github-pull-requests
2024-05-18 23:37:14.077 [info] Removed views:workbench.debug.breakPointsView,workbench.debug.callStackView,workbench.debug.watchExpressionsView,workbench.debug.variablesView from workbench.view.debug
2024-05-18 23:37:14.079 [info] Added views:workbench.debug.welcome in workbench.view.debug
2024-05-18 23:37:15.287 [info] Added views:workbench.panel.repl.view in workbench.panel.repl
2024-05-18 23:37:21.619 [info] Added views:cs50-menu in workbench.view.extension.cs50-menu
2024-05-18 23:37:26.333 [info] Removed views:issues:github,pr:github from workbench.view.extension.github-pull-requests
2024-05-18 23:37:26.335 [info] Added views:github:login in workbench.view.extension.github-pull-requests
2024-05-18 23:37:33.304 [info] Added views:ddb50.chatWindow in workbench.view.extension.ddb50
2024-05-18 23:39:53.723 [info] Added views:dockerContainers,dockerImages,dockerRegistries,dockerNetworks,dockerVolumes,vscode-docker.views.dockerContexts,vscode-docker.views.help in workbench.view.extension.dockerView
2024-05-18 23:39:53.729 [info] Added views:liveshare.session in workbench.view.extension.liveshare
2024-05-18 23:39:56.401 [info] Added views:workbench.view.testing in workbench.view.extension.test
