2024-05-18 23:23:26.097 [info] Started local extension host with pid 9945.
2024-05-18 23:23:26.265 [warning] [twxs.cmake]: Cannot register 'cmake.cmakePath'. This property is already registered.
2024-05-18 23:23:29.141 [info] [perf] Render performance baseline is 65ms
2024-05-18 23:23:29.255 [warning] [cmake-tools]: Couldn't find message for key cmake-tools.configuration.cmake.options.advanced.statusBarLength.description.
2024-05-18 23:23:29.256 [warning] [cmake-tools]: Couldn't find message for key cmake-tools.configuration.cmake.options.advanced.statusBarLength.description.
2024-05-18 23:23:29.256 [warning] [cmake-tools]: Couldn't find message for key cmake-tools.configuration.cmake.options.advanced.statusBarLength.description.
2024-05-18 23:23:29.256 [warning] [cmake-tools]: Couldn't find message for key cmake-tools.configuration.cmake.options.advanced.statusBarLength.description.
2024-05-18 23:23:29.257 [warning] [cmake-tools]: Couldn't find message for key cmake-tools.configuration.cmake.options.advanced.statusBarLength.description.
2024-05-18 23:23:29.257 [warning] [cmake-tools]: Couldn't find message for key cmake-tools.configuration.cmake.options.advanced.statusBarLength.description.
2024-05-18 23:23:29.257 [warning] [cmake-tools]: Couldn't find message for key cmake-tools.configuration.cmake.options.advanced.statusBarLength.description.
2024-05-18 23:23:29.258 [warning] [cmake-tools]: Couldn't find message for key cmake-tools.configuration.cmake.options.advanced.statusBarLength.description.
2024-05-18 23:23:29.258 [warning] [cmake-tools]: Couldn't find message for key cmake-tools.configuration.cmake.options.advanced.statusBarLength.description.
2024-05-18 23:23:29.258 [warning] [cmake-tools]: Couldn't find message for key cmake-tools.configuration.cmake.options.advanced.statusBarLength.description.
2024-05-18 23:23:29.258 [warning] [cmake-tools]: Couldn't find message for key cmake-tools.configuration.cmake.options.advanced.statusBarLength.description.
2024-05-18 23:23:29.259 [warning] [cmake-tools]: Couldn't find message for key cmake-tools.configuration.cmake.options.advanced.statusBarLength.description.
2024-05-18 23:25:10.062 [info] Started local extension host with pid 10934.
2024-05-18 23:25:10.198 [warning] [twxs.cmake]: Cannot register 'cmake.cmakePath'. This property is already registered.
2024-05-18 23:25:13.226 [warning] [cmake-tools]: Couldn't find message for key cmake-tools.configuration.cmake.options.advanced.statusBarLength.description.
2024-05-18 23:25:13.227 [warning] [cmake-tools]: Couldn't find message for key cmake-tools.configuration.cmake.options.advanced.statusBarLength.description.
2024-05-18 23:25:13.227 [warning] [cmake-tools]: Couldn't find message for key cmake-tools.configuration.cmake.options.advanced.statusBarLength.description.
2024-05-18 23:25:13.228 [warning] [cmake-tools]: Couldn't find message for key cmake-tools.configuration.cmake.options.advanced.statusBarLength.description.
2024-05-18 23:25:13.228 [warning] [cmake-tools]: Couldn't find message for key cmake-tools.configuration.cmake.options.advanced.statusBarLength.description.
2024-05-18 23:25:13.229 [warning] [cmake-tools]: Couldn't find message for key cmake-tools.configuration.cmake.options.advanced.statusBarLength.description.
2024-05-18 23:25:13.229 [warning] [cmake-tools]: Couldn't find message for key cmake-tools.configuration.cmake.options.advanced.statusBarLength.description.
2024-05-18 23:25:13.230 [warning] [cmake-tools]: Couldn't find message for key cmake-tools.configuration.cmake.options.advanced.statusBarLength.description.
2024-05-18 23:25:13.230 [warning] [cmake-tools]: Couldn't find message for key cmake-tools.configuration.cmake.options.advanced.statusBarLength.description.
2024-05-18 23:25:13.230 [warning] [cmake-tools]: Couldn't find message for key cmake-tools.configuration.cmake.options.advanced.statusBarLength.description.
2024-05-18 23:25:13.231 [warning] [cmake-tools]: Couldn't find message for key cmake-tools.configuration.cmake.options.advanced.statusBarLength.description.
2024-05-18 23:25:13.231 [warning] [cmake-tools]: Couldn't find message for key cmake-tools.configuration.cmake.options.advanced.statusBarLength.description.
2024-05-18 23:25:14.314 [info] [perf] Render performance baseline is 65ms
2024-05-18 23:25:44.403 [info] Started local extension host with pid 11319.
2024-05-18 23:25:49.599 [info] Started local extension host with pid 11465.
2024-05-18 23:25:50.716 [error] No registered selector for ID: ms-vscode.npm-command
2024-05-18 23:30:26.741 [warning] [lifecycle] onBeforeShutdown is taking a long time, pending operations: veto.untitledWorkspace
2024-05-18 23:30:28.068 [info] [lifecycle]: Shutdown was prevented (id: veto.untitledWorkspace)
