2024-05-18 23:23:25.972 [info] Added views:workbench.panel.markers.view in workbench.panel.markers
2024-05-18 23:23:25.972 [info] Added views:workbench.panel.output in workbench.panel.output
2024-05-18 23:23:25.972 [info] Added views:terminal in terminal
2024-05-18 23:23:25.972 [info] Added views:outline in workbench.view.explorer
2024-05-18 23:23:25.972 [info] Added views:workbench.scm in workbench.view.scm
2024-05-18 23:23:25.972 [info] Added views:workbench.view.search in workbench.view.search
2024-05-18 23:23:25.972 [info] Added views:timeline in workbench.view.explorer
2024-05-18 23:23:25.972 [info] Added views:workbench.explorer.emptyView in workbench.view.explorer
2024-05-18 23:23:26.435 [info] Added views:github.codespaces.explorer in workbench.view.remote
2024-05-18 23:23:26.893 [info] Added views:workbench.debug.variablesView,workbench.debug.watchExpressionsView,workbench.debug.callStackView,workbench.debug.breakPointsView in workbench.view.debug
2024-05-18 23:23:26.965 [info] Added views:workbench.panel.repl.view in workbench.panel.repl
2024-05-18 23:23:26.967 [info] Removed views:workbench.debug.breakPointsView,workbench.debug.callStackView,workbench.debug.watchExpressionsView,workbench.debug.variablesView from workbench.view.debug
2024-05-18 23:23:26.967 [info] Added views:workbench.debug.welcome in workbench.view.debug
2024-05-18 23:23:27.464 [info] Added views:~remote.forwardedPorts in ~remote.forwardedPortsContainer
2024-05-18 23:23:55.962 [info] Removed views:workbench.explorer.emptyView from workbench.view.explorer
2024-05-18 23:24:00.848 [info] Showing view workbench.explorer.openEditorsView in the container workbench.view.explorer
2024-05-18 23:24:00.874 [info] Added views:workbench.explorer.openEditorsView in workbench.view.explorer
2024-05-18 23:24:06.303 [info] Removed views:workbench.explorer.openEditorsView from workbench.view.explorer
2024-05-18 23:24:08.739 [info] Removed views:timeline from workbench.view.explorer
2024-05-18 23:24:18.354 [info] Showing view workbench.explorer.emptyView in the container workbench.view.explorer
2024-05-18 23:24:18.372 [info] Added views:workbench.explorer.emptyView in workbench.view.explorer
2024-05-18 23:24:22.039 [info] Removed views:outline from workbench.view.explorer
2024-05-18 23:25:09.908 [info] Added views:workbench.panel.markers.view in workbench.panel.markers
2024-05-18 23:25:09.909 [info] Added views:workbench.panel.output in workbench.panel.output
2024-05-18 23:25:09.909 [info] Added views:terminal in terminal
2024-05-18 23:25:09.909 [info] Added views:workbench.scm in workbench.view.scm
2024-05-18 23:25:09.909 [info] Added views:workbench.view.search in workbench.view.search
2024-05-18 23:25:09.909 [info] Added views:workbench.explorer.fileView in workbench.view.explorer
2024-05-18 23:25:10.372 [info] Added views:github.codespaces.explorer in workbench.view.remote
2024-05-18 23:25:11.095 [info] Added views:workbench.debug.variablesView,workbench.debug.watchExpressionsView,workbench.debug.callStackView,workbench.debug.breakPointsView in workbench.view.debug
2024-05-18 23:25:11.154 [info] Added views:workbench.panel.repl.view in workbench.panel.repl
2024-05-18 23:25:11.157 [info] Removed views:workbench.debug.breakPointsView,workbench.debug.callStackView,workbench.debug.watchExpressionsView,workbench.debug.variablesView from workbench.view.debug
2024-05-18 23:25:11.159 [info] Added views:workbench.debug.welcome in workbench.view.debug
2024-05-18 23:25:11.745 [info] Added views:~remote.forwardedPorts in ~remote.forwardedPortsContainer
2024-05-18 23:25:44.257 [info] Removed views:workbench.explorer.fileView from workbench.view.explorer
2024-05-18 23:25:44.291 [info] Added views:workbench.explorer.emptyView in workbench.view.explorer
2024-05-18 23:25:44.940 [info] Removed views:workbench.panel.repl.view from workbench.panel.repl
2024-05-18 23:25:45.284 [info] Added views:workbench.panel.repl.view in workbench.panel.repl
2024-05-18 23:25:49.381 [info] Removed views:workbench.explorer.emptyView from workbench.view.explorer
2024-05-18 23:25:49.414 [info] Added views:workbench.explorer.fileView in workbench.view.explorer
2024-05-18 23:25:50.033 [info] Removed views:workbench.panel.repl.view from workbench.panel.repl
2024-05-18 23:25:50.316 [info] Added views:workbench.panel.repl.view in workbench.panel.repl
