2024-05-18 22:23:53.600 [info] Added views:workbench.panel.markers.view in workbench.panel.markers
2024-05-18 22:23:53.601 [info] Added views:workbench.panel.output in workbench.panel.output
2024-05-18 22:23:53.601 [info] Added views:terminal in terminal
2024-05-18 22:23:53.601 [info] Added views:outline in workbench.view.explorer
2024-05-18 22:23:53.601 [info] Added views:workbench.scm in workbench.view.scm
2024-05-18 22:23:53.601 [info] Added views:workbench.view.search in workbench.view.search
2024-05-18 22:23:53.601 [info] Added views:timeline in workbench.view.explorer
2024-05-18 22:23:53.601 [info] Added views:workbench.explorer.emptyView in workbench.view.explorer
2024-05-18 22:23:54.830 [info] Added views:workbench.debug.variablesView,workbench.debug.watchExpressionsView,workbench.debug.callStackView,workbench.debug.breakPointsView in workbench.view.debug
2024-05-18 22:23:55.375 [info] Added views:workbench.panel.repl.view in workbench.panel.repl
2024-05-18 22:23:55.378 [info] Removed views:workbench.debug.breakPointsView,workbench.debug.callStackView,workbench.debug.watchExpressionsView,workbench.debug.variablesView from workbench.view.debug
2024-05-18 22:23:55.380 [info] Added views:workbench.debug.welcome in workbench.view.debug
2024-05-18 22:23:55.525 [info] Added views:~remote.forwardedPorts in ~remote.forwardedPortsContainer
2024-05-18 22:26:21.602 [info] Added views:workbench.views.extensions.installed,workbench.views.extensions.popular,extensions.recommendedList in workbench.view.extensions
2024-05-18 22:26:21.608 [info] Removed views:workbench.views.extensions.popular from workbench.view.extensions
2024-05-18 22:26:22.238 [info] Added views:workbench.views.extensions.popular in workbench.view.extensions
2024-05-18 22:26:31.940 [info] Removed views:extensions.recommendedList,workbench.views.extensions.popular,workbench.views.extensions.installed from workbench.view.extensions
2024-05-18 22:26:31.960 [info] Added views:workbench.views.extensions.marketplace in workbench.view.extensions
2024-05-18 22:27:30.938 [info] Removed views:workbench.views.extensions.marketplace from workbench.view.extensions
2024-05-18 22:27:30.983 [info] Added views:workbench.views.extensions.installed,workbench.views.extensions.popular,extensions.recommendedList in workbench.view.extensions
2024-05-18 22:28:07.826 [info] Added views:workbench.panel.markers.view in workbench.panel.markers
2024-05-18 22:28:07.826 [info] Added views:workbench.panel.output in workbench.panel.output
2024-05-18 22:28:07.826 [info] Added views:terminal in terminal
2024-05-18 22:28:07.826 [info] Added views:outline in workbench.view.explorer
2024-05-18 22:28:07.826 [info] Added views:workbench.scm in workbench.view.scm
2024-05-18 22:28:07.826 [info] Added views:workbench.view.search in workbench.view.search
2024-05-18 22:28:07.826 [info] Added views:timeline in workbench.view.explorer
2024-05-18 22:28:07.826 [info] Added views:workbench.explorer.fileView in workbench.view.explorer
2024-05-18 22:28:08.722 [info] Added views:workbench.debug.variablesView,workbench.debug.watchExpressionsView,workbench.debug.callStackView,workbench.debug.breakPointsView in workbench.view.debug
2024-05-18 22:28:09.131 [info] Added views:workbench.panel.repl.view in workbench.panel.repl
2024-05-18 22:28:09.134 [info] Removed views:workbench.debug.breakPointsView,workbench.debug.callStackView,workbench.debug.watchExpressionsView,workbench.debug.variablesView from workbench.view.debug
2024-05-18 22:28:09.136 [info] Added views:workbench.debug.welcome in workbench.view.debug
2024-05-18 22:28:09.384 [info] Added views:~remote.forwardedPorts in ~remote.forwardedPortsContainer
2024-05-18 22:28:52.058 [info] Added views:workbench.views.extensions.installed,workbench.views.extensions.popular,extensions.recommendedList in workbench.view.extensions
2024-05-18 22:28:52.064 [info] Removed views:workbench.views.extensions.popular from workbench.view.extensions
2024-05-18 22:28:52.715 [info] Removed views:extensions.recommendedList,workbench.views.extensions.installed from workbench.view.extensions
2024-05-18 22:28:52.735 [info] Added views:workbench.views.extensions.marketplace in workbench.view.extensions
2024-05-18 22:42:48.569 [info] Added views:github.codespaces.explorer in workbench.view.remote
2024-05-18 22:50:16.104 [info] Added views:~remote.helpPanel in workbench.view.remote
2024-05-18 22:50:19.660 [info] Removed views:workbench.views.extensions.marketplace from workbench.view.extensions
2024-05-18 22:50:19.686 [info] Added views:workbench.views.extensions.installed,extensions.recommendedList in workbench.view.extensions
2024-05-18 22:50:21.248 [info] Removed views:extensions.recommendedList,workbench.views.extensions.installed from workbench.view.extensions
2024-05-18 22:50:21.260 [info] Added views:workbench.views.extensions.marketplace in workbench.view.extensions
