2025-02-19 23:59:14.952 [info] Reading sessions from keychain...
2025-02-19 23:59:14.953 [info] Getting sessions for all scopes...
2025-02-19 23:59:14.953 [info] Getting sessions for all scopes...
2025-02-19 23:59:14.953 [info] Getting sessions for all scopes...
2025-02-19 23:59:14.953 [info] Getting sessions for all scopes...
2025-02-19 23:59:14.953 [info] Getting sessions for all scopes...
2025-02-19 23:59:14.953 [info] Getting sessions for all scopes...
2025-02-19 23:59:14.953 [info] Getting sessions for all scopes...
2025-02-19 23:59:14.953 [info] Got stored sessions!
2025-02-19 23:59:14.953 [info] Got 1 verified sessions.
2025-02-19 23:59:14.953 [info] Storing 1 sessions...
2025-02-19 23:59:15.331 [info] Getting sessions for all scopes...
2025-02-19 23:59:15.331 [info] Got 1 sessions for ...
2025-02-19 23:59:15.398 [info] Reading sessions from keychain...
2025-02-19 23:59:15.399 [info] Stored 1 sessions!
2025-02-19 23:59:15.399 [info] Got 1 sessions for ...
2025-02-19 23:59:15.399 [info] Got 1 sessions for ...
2025-02-19 23:59:15.399 [info] Got 1 sessions for ...
2025-02-19 23:59:15.399 [info] Got 1 sessions for ...
2025-02-19 23:59:15.399 [info] Got 1 sessions for ...
2025-02-19 23:59:15.399 [info] Got 1 sessions for ...
2025-02-19 23:59:15.399 [info] Got 1 sessions for ...
2025-02-19 23:59:15.787 [info] Got stored sessions!
2025-02-19 23:59:15.787 [info] Got 1 verified sessions.
2025-02-19 23:59:17.579 [info] Getting sessions for all scopes...
2025-02-19 23:59:17.579 [info] Got 1 sessions for ...
