2025-02-19 23:59:15.616 [info] [main] Log level: Info
2025-02-19 23:59:15.616 [info] [main] Validating found git in: "git"
2025-02-19 23:59:15.616 [info] [main] Using git "2.48.1" from "git"
2025-02-19 23:59:15.616 [info] [Model][doInitialScan] Initial repository scan started
2025-02-19 23:59:15.616 [info] > git rev-parse --show-toplevel [6ms]
2025-02-19 23:59:15.616 [info] fatal: not a git repository (or any of the parent directories): .git
2025-02-19 23:59:15.616 [info] > git rev-parse --show-toplevel [28ms]
2025-02-19 23:59:15.616 [info] fatal: not a git repository (or any of the parent directories): .git
2025-02-19 23:59:15.619 [info] > git rev-parse --show-toplevel [20ms]
2025-02-19 23:59:15.619 [info] fatal: not a git repository (or any of the parent directories): .git
2025-02-19 23:59:15.656 [info] > git rev-parse --show-toplevel [7ms]
2025-02-19 23:59:15.656 [info] fatal: not a git repository (or any of the parent directories): .git
2025-02-19 23:59:15.669 [info] [Model][doInitialScan] Initial repository scan completed - repositories (0), closed repositories (0), parent repositories (0), unsafe repositories (0)
2025-02-19 23:59:16.247 [info] > git rev-parse --show-toplevel [4ms]
2025-02-19 23:59:16.247 [info] fatal: not a git repository (or any of the parent directories): .git
2025-02-19 23:59:16.481 [info] > git rev-parse --show-toplevel [5ms]
2025-02-19 23:59:16.481 [info] fatal: not a git repository (or any of the parent directories): .git
2025-02-19 23:59:17.495 [info] > git rev-parse --show-toplevel [6ms]
2025-02-19 23:59:17.495 [info] fatal: not a git repository (or any of the parent directories): .git
2025-02-19 23:59:17.918 [info] > git rev-parse --show-toplevel [7ms]
2025-02-19 23:59:17.918 [info] fatal: not a git repository (or any of the parent directories): .git
2025-02-19 23:59:22.043 [info] > git rev-parse --show-toplevel [36ms]
2025-02-19 23:59:22.043 [info] fatal: not a git repository (or any of the parent directories): .git
