2024-05-19 19:04:45.761 [info] Reading sessions from keychain...
2024-05-19 19:04:45.761 [info] Getting sessions for all scopes...
2024-05-19 19:04:45.761 [info] Got stored sessions!
2024-05-19 19:04:45.761 [info] Got 1 verified sessions.
2024-05-19 19:04:45.761 [info] Got 1 sessions for ...
2024-05-19 19:04:45.761 [info] Getting sessions for codespace,read:user,repo,user:email...
2024-05-19 19:04:45.761 [info] Got 1 sessions for codespace,read:user,repo,user:email...
2024-05-19 19:04:48.567 [info] Getting sessions for all scopes...
2024-05-19 19:04:48.567 [info] Got 1 sessions for ...
2024-05-19 19:04:48.568 [info] Getting sessions for all scopes...
2024-05-19 19:04:48.568 [info] Got 1 sessions for ...
2024-05-19 19:05:24.643 [info] Getting sessions for read:user,repo,user:email,workflow...
2024-05-19 19:05:24.643 [info] Got 0 sessions for read:user,repo,user:email,workflow...
2024-05-19 19:05:27.952 [info] Getting sessions for project,read:org,read:user,repo,user:email,workflow...
2024-05-19 19:05:27.952 [info] Got 0 sessions for project,read:org,read:user,repo,user:email,workflow...
2024-05-19 19:05:28.104 [info] Getting sessions for read:user,repo,user:email,workflow...
2024-05-19 19:05:28.104 [info] Got 0 sessions for read:user,repo,user:email,workflow...
2024-05-19 19:05:28.143 [info] Getting sessions for read:user,repo,user:email...
2024-05-19 19:05:28.143 [info] Got 0 sessions for read:user,repo,user:email...
2024-05-19 19:05:28.203 [info] Getting sessions for read:user,repo,user:email,workflow...
2024-05-19 19:05:28.203 [info] Got 0 sessions for read:user,repo,user:email,workflow...
2024-05-19 19:05:30.081 [info] Getting sessions for read:user,repo,user:email,workflow...
2024-05-19 19:05:30.081 [info] Got 0 sessions for read:user,repo,user:email,workflow...
