2024-05-18 23:23:27.267 [info] Log level: Info
2024-05-18 23:23:27.267 [info] Validating found git in: "git"
2024-05-18 23:23:27.267 [info] Using git "2.45.0" from "git"
2024-05-18 23:25:11.481 [info] Log level: Info
2024-05-18 23:25:11.481 [info] Validating found git in: "git"
2024-05-18 23:25:11.481 [info] Using git "2.45.0" from "git"
2024-05-18 23:25:11.481 [info] > git rev-parse --show-toplevel [13ms]
2024-05-18 23:25:11.481 [info] fatal: not a git repository (or any of the parent directories): .git
2024-05-18 23:25:11.797 [info] > git rev-parse --show-toplevel [3ms]
2024-05-18 23:25:11.798 [info] fatal: not a git repository (or any of the parent directories): .git
2024-05-18 23:25:24.760 [info] > git rev-parse --show-toplevel [2ms]
2024-05-18 23:25:24.760 [info] fatal: not a git repository (or any of the parent directories): .git
2024-05-18 23:25:46.581 [info] Log level: Info
2024-05-18 23:25:46.581 [info] Validating found git in: "git"
2024-05-18 23:25:46.581 [info] Using git "2.45.0" from "git"
2024-05-18 23:25:46.581 [info] > git rev-parse --show-toplevel [14ms]
2024-05-18 23:25:46.581 [info] fatal: not a git repository (or any of the parent directories): .git
2024-05-18 23:25:49.585 [info] > git rev-parse --show-toplevel [6ms]
2024-05-18 23:25:49.585 [info] fatal: not a git repository (or any of the parent directories): .git
2024-05-18 23:25:51.464 [info] Log level: Info
2024-05-18 23:25:51.464 [info] Validating found git in: "git"
2024-05-18 23:25:51.464 [info] Using git "2.45.0" from "git"
2024-05-18 23:25:51.464 [info] > git rev-parse --show-toplevel [10ms]
2024-05-18 23:25:51.464 [info] fatal: not a git repository (or any of the parent directories): .git
2024-05-18 23:25:51.501 [info] > git rev-parse --show-toplevel [31ms]
2024-05-18 23:25:51.501 [info] fatal: not a git repository (or any of the parent directories): .git
