2024-05-18 23:11:39.310 [info] Extension host with pid 2496 started
2024-05-18 23:11:39.310 [info] Skipping acquiring lock for /home/tsrt/.config/Code/User/workspaceStorage/e9a9ee3b18660e3435a0867eeb1bd8fa.
2024-05-18 23:11:39.510 [info] ExtensionService#_doActivateExtension vscode.emmet, startup: false, activationEvent: 'onLanguage'
2024-05-18 23:11:39.526 [info] ExtensionService#_doActivateExtension ms-vscode.cpptools, startup: false, activationEvent: 'onLanguage:c'
2024-05-18 23:11:40.437 [info] ExtensionService#_doActivateExtension vscode.git-base, startup: true, activationEvent: '*', root cause: vscode.git
2024-05-18 23:11:40.467 [info] ExtensionService#_doActivateExtension vscode.git, startup: true, activationEvent: '*'
2024-05-18 23:11:40.512 [info] ExtensionService#_doActivateExtension vscode.github, startup: true, activationEvent: '*'
2024-05-18 23:11:40.624 [info] Eager extensions activated
2024-05-18 23:11:40.802 [info] ExtensionService#_doActivateExtension vscode.debug-auto-launch, startup: false, activationEvent: 'onStartupFinished'
2024-05-18 23:11:40.806 [info] ExtensionService#_doActivateExtension vscode.merge-conflict, startup: false, activationEvent: 'onStartupFinished'
2024-05-18 23:11:40.819 [info] ExtensionService#_doActivateExtension formulahendry.code-runner, startup: false, activationEvent: 'onStartupFinished'
2024-05-18 23:35:15.465 [info] ExtensionService#_doActivateExtension GitHub.codespaces, startup: false, activationEvent: 'onUri:github.codespaces'
2024-05-18 23:35:15.840 [info] ExtensionService#_doActivateExtension vscode.github-authentication, startup: false, activationEvent: 'api', root cause: GitHub.codespaces
2024-05-18 23:35:43.037 [info] ExtensionService#_doActivateExtension vscode.json-language-features, startup: false, activationEvent: 'onLanguage:jsonc'
2024-05-18 23:35:43.085 [info] ExtensionService#_doActivateExtension vscode.typescript-language-features, startup: false, activationEvent: 'onLanguage:jsonc'
2024-05-18 23:35:48.852 [info] Extension host terminating: renderer closed the MessagePort
2024-05-18 23:35:49.241 [info] Extension host with pid 2496 exiting with code 0
2024-05-18 23:35:52.541 [info] Extension host with pid 20097 started
2024-05-18 23:35:52.541 [info] Skipping acquiring lock for /home/tsrt/.config/Code/User/workspaceStorage/9b8b409d3d89e7498a599ca43bc355bd.
2024-05-18 23:35:52.541 [info] $getCanonicalURI invoked for authority (codespaces)
2024-05-18 23:35:52.551 [info] ExtensionService#_doActivateExtension GitHub.codespaces, startup: false, activationEvent: 'onResolveRemoteAuthority:codespaces'
2024-05-18 23:35:52.976 [info] ExtensionService#_doActivateExtension vscode.github-authentication, startup: false, activationEvent: 'api', root cause: GitHub.codespaces
2024-05-18 23:35:56.036 [info] [resolveAuthority(codespaces,1)][0ms] activating remote resolvers codespaces+fuzzy-computing-machine-vj4qgpvg5qg364x
2024-05-18 23:35:56.036 [info] [resolveAuthority(codespaces,1)][0ms] activating resolver for codespaces+fuzzy-computing-machine-vj4qgpvg5qg364x...
2024-05-18 23:35:56.037 [info] [resolveAuthority(codespaces,1)][1ms] invoking final resolve()...
2024-05-18 23:35:57.037 [info] [resolveAuthority(codespaces,1)][1001ms] waiting...
2024-05-18 23:35:58.043 [info] [resolveAuthority(codespaces,1)][2007ms] waiting...
2024-05-18 23:35:59.044 [info] [resolveAuthority(codespaces,1)][3008ms] waiting...
2024-05-18 23:36:00.045 [info] [resolveAuthority(codespaces,1)][4009ms] waiting...
2024-05-18 23:36:01.045 [info] [resolveAuthority(codespaces,1)][5009ms] waiting...
2024-05-18 23:36:02.045 [info] [resolveAuthority(codespaces,1)][6009ms] waiting...
2024-05-18 23:36:03.045 [info] [resolveAuthority(codespaces,1)][7009ms] waiting...
2024-05-18 23:36:04.045 [info] [resolveAuthority(codespaces,1)][8009ms] waiting...
2024-05-18 23:36:05.045 [info] [resolveAuthority(codespaces,1)][9009ms] waiting...
2024-05-18 23:36:06.045 [info] [resolveAuthority(codespaces,1)][10009ms] waiting...
2024-05-18 23:36:07.045 [info] [resolveAuthority(codespaces,1)][11009ms] waiting...
2024-05-18 23:36:08.046 [info] [resolveAuthority(codespaces,1)][12010ms] waiting...
2024-05-18 23:36:09.046 [info] [resolveAuthority(codespaces,1)][13010ms] waiting...
2024-05-18 23:36:10.047 [info] [resolveAuthority(codespaces,1)][14011ms] waiting...
2024-05-18 23:36:11.047 [info] [resolveAuthority(codespaces,1)][15011ms] waiting...
2024-05-18 23:36:12.048 [info] [resolveAuthority(codespaces,1)][16012ms] waiting...
2024-05-18 23:36:13.048 [info] [resolveAuthority(codespaces,1)][17012ms] waiting...
2024-05-18 23:36:14.049 [info] [resolveAuthority(codespaces,1)][18013ms] waiting...
2024-05-18 23:36:15.049 [info] [resolveAuthority(codespaces,1)][19013ms] waiting...
2024-05-18 23:36:16.049 [info] [resolveAuthority(codespaces,1)][20013ms] waiting...
2024-05-18 23:36:17.049 [info] [resolveAuthority(codespaces,1)][21013ms] waiting...
2024-05-18 23:36:18.049 [info] [resolveAuthority(codespaces,1)][22013ms] waiting...
2024-05-18 23:36:19.050 [info] [resolveAuthority(codespaces,1)][23014ms] waiting...
2024-05-18 23:36:20.050 [info] [resolveAuthority(codespaces,1)][24014ms] waiting...
2024-05-18 23:36:21.050 [info] [resolveAuthority(codespaces,1)][25014ms] waiting...
2024-05-18 23:36:22.050 [info] [resolveAuthority(codespaces,1)][26014ms] waiting...
2024-05-18 23:36:23.061 [info] [resolveAuthority(codespaces,1)][27025ms] waiting...
2024-05-18 23:36:24.069 [info] [resolveAuthority(codespaces,1)][28032ms] waiting...
2024-05-18 23:36:25.069 [info] [resolveAuthority(codespaces,1)][29033ms] waiting...
2024-05-18 23:36:26.069 [info] [resolveAuthority(codespaces,1)][30033ms] waiting...
2024-05-18 23:36:27.069 [info] [resolveAuthority(codespaces,1)][31033ms] waiting...
2024-05-18 23:36:28.069 [info] [resolveAuthority(codespaces,1)][32033ms] waiting...
2024-05-18 23:36:29.069 [info] [resolveAuthority(codespaces,1)][33033ms] waiting...
2024-05-18 23:36:30.070 [info] [resolveAuthority(codespaces,1)][34034ms] waiting...
2024-05-18 23:36:31.070 [info] [resolveAuthority(codespaces,1)][35034ms] waiting...
2024-05-18 23:36:32.070 [info] [resolveAuthority(codespaces,1)][36034ms] waiting...
2024-05-18 23:36:33.070 [info] [resolveAuthority(codespaces,1)][37034ms] waiting...
2024-05-18 23:36:34.070 [info] [resolveAuthority(codespaces,1)][38034ms] waiting...
2024-05-18 23:36:35.070 [info] [resolveAuthority(codespaces,1)][39034ms] waiting...
2024-05-18 23:36:36.070 [info] [resolveAuthority(codespaces,1)][40034ms] waiting...
2024-05-18 23:36:37.070 [info] [resolveAuthority(codespaces,1)][41034ms] waiting...
2024-05-18 23:36:38.070 [info] [resolveAuthority(codespaces,1)][42034ms] waiting...
2024-05-18 23:36:39.070 [info] [resolveAuthority(codespaces,1)][43034ms] waiting...
2024-05-18 23:36:40.071 [info] [resolveAuthority(codespaces,1)][44035ms] waiting...
2024-05-18 23:36:41.071 [info] [resolveAuthority(codespaces,1)][45035ms] waiting...
2024-05-18 23:36:42.072 [info] [resolveAuthority(codespaces,1)][46036ms] waiting...
2024-05-18 23:36:43.072 [info] [resolveAuthority(codespaces,1)][47036ms] waiting...
2024-05-18 23:36:44.072 [info] [resolveAuthority(codespaces,1)][48036ms] waiting...
2024-05-18 23:36:45.073 [info] [resolveAuthority(codespaces,1)][49037ms] waiting...
2024-05-18 23:36:46.073 [info] [resolveAuthority(codespaces,1)][50037ms] waiting...
2024-05-18 23:36:47.073 [info] [resolveAuthority(codespaces,1)][51037ms] waiting...
2024-05-18 23:36:48.073 [info] [resolveAuthority(codespaces,1)][52037ms] waiting...
2024-05-18 23:36:49.073 [info] [resolveAuthority(codespaces,1)][53037ms] waiting...
2024-05-18 23:36:50.073 [info] [resolveAuthority(codespaces,1)][54037ms] waiting...
2024-05-18 23:36:51.073 [info] [resolveAuthority(codespaces,1)][55037ms] waiting...
2024-05-18 23:36:52.074 [info] [resolveAuthority(codespaces,1)][56038ms] waiting...
2024-05-18 23:36:53.074 [info] [resolveAuthority(codespaces,1)][57038ms] waiting...
2024-05-18 23:36:54.074 [info] [resolveAuthority(codespaces,1)][58038ms] waiting...
2024-05-18 23:36:54.784 [info] [resolveAuthority(codespaces,1)][58748ms] setting tunnel factory...
2024-05-18 23:36:54.785 [info] [resolveAuthority(codespaces,1)][58749ms] returned 127.0.0.1:36139
2024-05-18 23:37:13.626 [info] Eager extensions activated
