2025-03-29 13:15:47.149 [info] [main] Log level: Info
2025-03-29 13:15:47.149 [info] [main] Validating found git in: "git"
2025-03-29 13:15:47.149 [info] [main] Using git "2.48.1" from "git"
2025-03-29 13:15:47.149 [info] [Model][doInitialScan] Initial repository scan started
2025-03-29 13:15:47.149 [info] > git rev-parse --show-toplevel [12ms]
2025-03-29 13:15:47.149 [info] fatal: not a git repository (or any of the parent directories): .git
2025-03-29 13:15:47.149 [info] > git rev-parse --show-toplevel [28ms]
2025-03-29 13:15:47.149 [info] fatal: not a git repository (or any of the parent directories): .git
2025-03-29 13:15:47.149 [info] [Model][doInitialScan] Initial repository scan completed - repositories (0), closed repositories (0), parent repositories (0), unsafe repositories (0)
2025-03-29 13:15:50.258 [info] > git rev-parse --show-toplevel [4ms]
2025-03-29 13:15:50.258 [info] fatal: not a git repository (or any of the parent directories): .git
2025-03-29 13:15:51.554 [info] > git rev-parse --show-toplevel [3ms]
2025-03-29 13:15:51.554 [info] fatal: not a git repository (or any of the parent directories): .git
2025-03-29 13:15:51.843 [info] > git rev-parse --show-toplevel [3ms]
2025-03-29 13:15:51.843 [info] fatal: not a git repository (or any of the parent directories): .git
2025-03-29 13:16:15.851 [info] > git rev-parse --show-toplevel [5ms]
2025-03-29 13:16:15.851 [info] fatal: not a git repository (or any of the parent directories): .git
2025-03-29 13:25:55.724 [info] > git rev-parse --show-toplevel [3ms]
2025-03-29 13:25:55.724 [info] fatal: not a git repository (or any of the parent directories): .git
2025-03-29 13:28:54.936 [info] > git rev-parse --show-toplevel [3ms]
2025-03-29 13:28:54.936 [info] fatal: not a git repository (or any of the parent directories): .git
2025-03-29 13:50:55.246 [info] > git rev-parse --show-toplevel [3ms]
2025-03-29 13:50:55.246 [info] fatal: not a git repository (or any of the parent directories): .git
2025-03-29 14:11:31.610 [info] > git rev-parse --show-toplevel [3ms]
2025-03-29 14:11:31.610 [info] fatal: not a git repository (or any of the parent directories): .git
2025-03-29 14:12:30.449 [info] > git rev-parse --show-toplevel [2ms]
2025-03-29 14:12:30.449 [info] fatal: not a git repository (or any of the parent directories): .git
2025-03-29 14:12:43.545 [info] > git rev-parse --show-toplevel [3ms]
2025-03-29 14:12:43.545 [info] fatal: not a git repository (or any of the parent directories): .git
