2025-03-26 22:18:50.643 [info] [main] Log level: Info
2025-03-26 22:18:50.643 [info] [main] Validating found git in: "git"
2025-03-26 22:18:50.643 [info] [main] Using git "2.48.1" from "git"
2025-03-26 22:18:50.643 [info] [Model][doInitialScan] Initial repository scan started
2025-03-26 22:18:50.643 [info] > git rev-parse --show-toplevel [28ms]
2025-03-26 22:18:50.643 [info] fatal: not a git repository (or any of the parent directories): .git
2025-03-26 22:18:50.643 [info] > git rev-parse --show-toplevel [84ms]
2025-03-26 22:18:50.643 [info] fatal: not a git repository (or any of the parent directories): .git
2025-03-26 22:18:50.644 [info] > git rev-parse --show-toplevel [6ms]
2025-03-26 22:18:50.644 [info] fatal: not a git repository (or any of the parent directories): .git
2025-03-26 22:18:50.677 [info] > git rev-parse --show-toplevel [14ms]
2025-03-26 22:18:50.677 [info] fatal: not a git repository (or any of the parent directories): .git
2025-03-26 22:18:50.757 [info] > git rev-parse --show-toplevel [55ms]
2025-03-26 22:18:50.757 [info] fatal: not a git repository (or any of the parent directories): .git
2025-03-26 22:18:50.778 [info] > git rev-parse --show-toplevel [5ms]
2025-03-26 22:18:50.778 [info] fatal: not a git repository (or any of the parent directories): .git
2025-03-26 22:18:50.879 [info] > git rev-parse --show-toplevel [54ms]
2025-03-26 22:18:50.879 [info] fatal: not a git repository (or any of the parent directories): .git
2025-03-26 22:18:50.917 [info] > git rev-parse --show-toplevel [11ms]
2025-03-26 22:18:50.917 [info] fatal: not a git repository (or any of the parent directories): .git
2025-03-26 22:18:50.934 [info] > git rev-parse --show-toplevel [5ms]
2025-03-26 22:18:50.934 [info] fatal: not a git repository (or any of the parent directories): .git
2025-03-26 22:18:50.950 [info] > git rev-parse --show-toplevel [5ms]
2025-03-26 22:18:50.950 [info] fatal: not a git repository (or any of the parent directories): .git
2025-03-26 22:18:50.962 [info] > git rev-parse --show-toplevel [2ms]
2025-03-26 22:18:50.962 [info] fatal: not a git repository (or any of the parent directories): .git
2025-03-26 22:18:50.975 [info] > git rev-parse --show-toplevel [2ms]
2025-03-26 22:18:50.975 [info] fatal: not a git repository (or any of the parent directories): .git
2025-03-26 22:18:50.988 [info] > git rev-parse --show-toplevel [2ms]
2025-03-26 22:18:50.988 [info] fatal: not a git repository (or any of the parent directories): .git
2025-03-26 22:18:51.004 [info] > git rev-parse --show-toplevel [4ms]
2025-03-26 22:18:51.004 [info] fatal: not a git repository (or any of the parent directories): .git
2025-03-26 22:18:51.019 [info] > git rev-parse --show-toplevel [4ms]
2025-03-26 22:18:51.019 [info] fatal: not a git repository (or any of the parent directories): .git
2025-03-26 22:18:51.034 [info] > git rev-parse --show-toplevel [4ms]
2025-03-26 22:18:51.034 [info] fatal: not a git repository (or any of the parent directories): .git
2025-03-26 22:18:51.444 [info] > git rev-parse --show-toplevel [44ms]
2025-03-26 22:18:51.444 [info] fatal: not a git repository (or any of the parent directories): .git
2025-03-26 22:18:51.473 [info] > git rev-parse --show-toplevel [14ms]
2025-03-26 22:18:51.473 [info] fatal: not a git repository (or any of the parent directories): .git
2025-03-26 22:18:51.552 [info] > git rev-parse --show-toplevel [31ms]
2025-03-26 22:18:51.552 [info] fatal: not a git repository (or any of the parent directories): .git
2025-03-26 22:18:51.570 [info] > git rev-parse --show-toplevel [3ms]
2025-03-26 22:18:51.570 [info] fatal: not a git repository (or any of the parent directories): .git
2025-03-26 22:18:51.585 [info] > git rev-parse --show-toplevel [4ms]
2025-03-26 22:18:51.586 [info] fatal: not a git repository (or any of the parent directories): .git
2025-03-26 22:18:51.599 [info] > git rev-parse --show-toplevel [4ms]
2025-03-26 22:18:51.599 [info] fatal: not a git repository (or any of the parent directories): .git
2025-03-26 22:18:51.615 [info] > git rev-parse --show-toplevel [5ms]
2025-03-26 22:18:51.615 [info] fatal: not a git repository (or any of the parent directories): .git
2025-03-26 22:18:51.634 [info] > git rev-parse --show-toplevel [5ms]
2025-03-26 22:18:51.634 [info] fatal: not a git repository (or any of the parent directories): .git
2025-03-26 22:18:51.647 [info] > git rev-parse --show-toplevel [3ms]
2025-03-26 22:18:51.647 [info] fatal: not a git repository (or any of the parent directories): .git
2025-03-26 22:18:51.663 [info] > git rev-parse --show-toplevel [3ms]
2025-03-26 22:18:51.663 [info] fatal: not a git repository (or any of the parent directories): .git
2025-03-26 22:18:51.678 [info] > git rev-parse --show-toplevel [2ms]
2025-03-26 22:18:51.678 [info] fatal: not a git repository (or any of the parent directories): .git
2025-03-26 22:18:51.698 [info] > git rev-parse --show-toplevel [2ms]
2025-03-26 22:18:51.698 [info] fatal: not a git repository (or any of the parent directories): .git
2025-03-26 22:18:51.718 [info] > git rev-parse --show-toplevel [4ms]
2025-03-26 22:18:51.718 [info] fatal: not a git repository (or any of the parent directories): .git
2025-03-26 22:18:51.736 [info] > git rev-parse --show-toplevel [3ms]
2025-03-26 22:18:51.736 [info] fatal: not a git repository (or any of the parent directories): .git
2025-03-26 22:18:51.765 [info] > git rev-parse --show-toplevel [6ms]
2025-03-26 22:18:51.766 [info] fatal: not a git repository (or any of the parent directories): .git
2025-03-26 22:18:51.785 [info] > git rev-parse --show-toplevel [4ms]
2025-03-26 22:18:51.785 [info] fatal: not a git repository (or any of the parent directories): .git
2025-03-26 22:18:51.809 [info] > git rev-parse --show-toplevel [13ms]
2025-03-26 22:18:51.810 [info] fatal: not a git repository (or any of the parent directories): .git
2025-03-26 22:18:51.838 [info] > git rev-parse --show-toplevel [17ms]
2025-03-26 22:18:51.838 [info] fatal: not a git repository (or any of the parent directories): .git
2025-03-26 22:18:51.942 [info] > git rev-parse --show-toplevel [93ms]
2025-03-26 22:18:51.942 [info] fatal: not a git repository (or any of the parent directories): .git
2025-03-26 22:18:52.101 [info] > git rev-parse --show-toplevel [38ms]
2025-03-26 22:18:52.102 [info] fatal: not a git repository (or any of the parent directories): .git
2025-03-26 22:18:52.331 [info] > git rev-parse --show-toplevel [84ms]
2025-03-26 22:18:52.331 [info] fatal: not a git repository (or any of the parent directories): .git
2025-03-26 22:18:52.361 [info] > git rev-parse --show-toplevel [6ms]
2025-03-26 22:18:52.361 [info] fatal: not a git repository (or any of the parent directories): .git
2025-03-26 22:18:52.391 [info] > git rev-parse --show-toplevel [9ms]
2025-03-26 22:18:52.391 [info] fatal: not a git repository (or any of the parent directories): .git
2025-03-26 22:18:52.427 [info] > git rev-parse --show-toplevel [6ms]
2025-03-26 22:18:52.427 [info] fatal: not a git repository (or any of the parent directories): .git
2025-03-26 22:18:52.448 [info] > git rev-parse --show-toplevel [5ms]
2025-03-26 22:18:52.448 [info] fatal: not a git repository (or any of the parent directories): .git
2025-03-26 22:18:52.471 [info] > git rev-parse --show-toplevel [5ms]
2025-03-26 22:18:52.471 [info] fatal: not a git repository (or any of the parent directories): .git
2025-03-26 22:18:52.494 [info] > git rev-parse --show-toplevel [8ms]
2025-03-26 22:18:52.494 [info] fatal: not a git repository (or any of the parent directories): .git
2025-03-26 22:18:52.521 [info] > git rev-parse --show-toplevel [5ms]
2025-03-26 22:18:52.521 [info] fatal: not a git repository (or any of the parent directories): .git
2025-03-26 22:18:52.542 [info] > git rev-parse --show-toplevel [3ms]
2025-03-26 22:18:52.543 [info] fatal: not a git repository (or any of the parent directories): .git
2025-03-26 22:18:52.562 [info] > git rev-parse --show-toplevel [5ms]
2025-03-26 22:18:52.564 [info] fatal: not a git repository (or any of the parent directories): .git
2025-03-26 22:18:52.611 [info] > git rev-parse --show-toplevel [30ms]
2025-03-26 22:18:52.611 [info] fatal: not a git repository (or any of the parent directories): .git
2025-03-26 22:18:52.628 [info] > git rev-parse --show-toplevel [3ms]
2025-03-26 22:18:52.628 [info] fatal: not a git repository (or any of the parent directories): .git
2025-03-26 22:18:52.645 [info] > git rev-parse --show-toplevel [3ms]
2025-03-26 22:18:52.645 [info] fatal: not a git repository (or any of the parent directories): .git
2025-03-26 22:18:52.666 [info] > git rev-parse --show-toplevel [5ms]
2025-03-26 22:18:52.666 [info] fatal: not a git repository (or any of the parent directories): .git
2025-03-26 22:18:52.696 [info] > git rev-parse --show-toplevel [6ms]
2025-03-26 22:18:52.696 [info] fatal: not a git repository (or any of the parent directories): .git
2025-03-26 22:18:52.718 [info] > git rev-parse --show-toplevel [5ms]
2025-03-26 22:18:52.719 [info] fatal: not a git repository (or any of the parent directories): .git
2025-03-26 22:18:52.739 [info] > git rev-parse --show-toplevel [3ms]
2025-03-26 22:18:52.740 [info] fatal: not a git repository (or any of the parent directories): .git
2025-03-26 22:18:52.765 [info] > git rev-parse --show-toplevel [5ms]
2025-03-26 22:18:52.766 [info] fatal: not a git repository (or any of the parent directories): .git
2025-03-26 22:18:52.788 [info] > git rev-parse --show-toplevel [4ms]
2025-03-26 22:18:52.788 [info] fatal: not a git repository (or any of the parent directories): .git
2025-03-26 22:18:52.814 [info] > git rev-parse --show-toplevel [7ms]
2025-03-26 22:18:52.815 [info] fatal: not a git repository (or any of the parent directories): .git
2025-03-26 22:18:52.845 [info] > git rev-parse --show-toplevel [4ms]
2025-03-26 22:18:52.845 [info] fatal: not a git repository (or any of the parent directories): .git
2025-03-26 22:18:52.866 [info] > git rev-parse --show-toplevel [2ms]
2025-03-26 22:18:52.866 [info] fatal: not a git repository (or any of the parent directories): .git
2025-03-26 22:18:52.888 [info] > git rev-parse --show-toplevel [4ms]
2025-03-26 22:18:52.888 [info] fatal: not a git repository (or any of the parent directories): .git
2025-03-26 22:18:52.904 [info] > git rev-parse --show-toplevel [5ms]
2025-03-26 22:18:52.904 [info] fatal: not a git repository (or any of the parent directories): .git
2025-03-26 22:18:52.921 [info] > git rev-parse --show-toplevel [5ms]
2025-03-26 22:18:52.922 [info] fatal: not a git repository (or any of the parent directories): .git
2025-03-26 22:18:52.940 [info] > git rev-parse --show-toplevel [5ms]
2025-03-26 22:18:52.940 [info] fatal: not a git repository (or any of the parent directories): .git
2025-03-26 22:18:52.970 [info] > git rev-parse --show-toplevel [4ms]
2025-03-26 22:18:52.970 [info] fatal: not a git repository (or any of the parent directories): .git
2025-03-26 22:18:53.000 [info] > git rev-parse --show-toplevel [9ms]
2025-03-26 22:18:53.000 [info] fatal: not a git repository (or any of the parent directories): .git
2025-03-26 22:18:53.029 [info] > git rev-parse --show-toplevel [9ms]
2025-03-26 22:18:53.029 [info] fatal: not a git repository (or any of the parent directories): .git
2025-03-26 22:18:53.061 [info] > git rev-parse --show-toplevel [5ms]
2025-03-26 22:18:53.061 [info] fatal: not a git repository (or any of the parent directories): .git
2025-03-26 22:18:53.100 [info] > git rev-parse --show-toplevel [8ms]
2025-03-26 22:18:53.100 [info] fatal: not a git repository (or any of the parent directories): .git
2025-03-26 22:18:53.125 [info] > git rev-parse --show-toplevel [3ms]
2025-03-26 22:18:53.125 [info] fatal: not a git repository (or any of the parent directories): .git
2025-03-26 22:18:53.155 [info] > git rev-parse --show-toplevel [6ms]
2025-03-26 22:18:53.155 [info] fatal: not a git repository (or any of the parent directories): .git
2025-03-26 22:18:53.188 [info] > git rev-parse --show-toplevel [4ms]
2025-03-26 22:18:53.188 [info] fatal: not a git repository (or any of the parent directories): .git
2025-03-26 22:18:53.210 [info] > git rev-parse --show-toplevel [4ms]
2025-03-26 22:18:53.210 [info] fatal: not a git repository (or any of the parent directories): .git
2025-03-26 22:18:53.236 [info] > git rev-parse --show-toplevel [4ms]
2025-03-26 22:18:53.236 [info] fatal: not a git repository (or any of the parent directories): .git
2025-03-26 22:18:53.259 [info] > git rev-parse --show-toplevel [6ms]
2025-03-26 22:18:53.259 [info] fatal: not a git repository (or any of the parent directories): .git
2025-03-26 22:18:53.279 [info] > git rev-parse --show-toplevel [1ms]
2025-03-26 22:18:53.279 [info] fatal: not a git repository (or any of the parent directories): .git
2025-03-26 22:18:53.281 [info] [Model][doInitialScan] Initial repository scan completed - repositories (0), closed repositories (0), parent repositories (0), unsafe repositories (0)
2025-03-26 22:18:53.299 [info] > git rev-parse --show-toplevel [4ms]
2025-03-26 22:18:53.299 [info] fatal: not a git repository (or any of the parent directories): .git
2025-03-26 22:18:53.313 [info] > git rev-parse --show-toplevel [3ms]
2025-03-26 22:18:53.313 [info] fatal: not a git repository (or any of the parent directories): .git
2025-03-26 22:18:53.326 [info] > git rev-parse --show-toplevel [2ms]
2025-03-26 22:18:53.326 [info] fatal: not a git repository (or any of the parent directories): .git
2025-03-26 22:18:53.338 [info] > git rev-parse --show-toplevel [2ms]
2025-03-26 22:18:53.338 [info] fatal: not a git repository (or any of the parent directories): .git
2025-03-26 22:18:53.349 [info] > git rev-parse --show-toplevel [3ms]
2025-03-26 22:18:53.349 [info] fatal: not a git repository (or any of the parent directories): .git
2025-03-26 22:18:53.360 [info] > git rev-parse --show-toplevel [2ms]
2025-03-26 22:18:53.360 [info] fatal: not a git repository (or any of the parent directories): .git
2025-03-26 22:18:53.372 [info] > git rev-parse --show-toplevel [2ms]
2025-03-26 22:18:53.372 [info] fatal: not a git repository (or any of the parent directories): .git
2025-03-26 22:18:53.384 [info] > git rev-parse --show-toplevel [2ms]
2025-03-26 22:18:53.384 [info] fatal: not a git repository (or any of the parent directories): .git
2025-03-26 22:18:53.395 [info] > git rev-parse --show-toplevel [2ms]
2025-03-26 22:18:53.395 [info] fatal: not a git repository (or any of the parent directories): .git
2025-03-26 22:18:53.406 [info] > git rev-parse --show-toplevel [2ms]
2025-03-26 22:18:53.406 [info] fatal: not a git repository (or any of the parent directories): .git
2025-03-26 22:18:53.421 [info] > git rev-parse --show-toplevel [3ms]
2025-03-26 22:18:53.421 [info] fatal: not a git repository (or any of the parent directories): .git
2025-03-26 22:18:53.437 [info] > git rev-parse --show-toplevel [2ms]
2025-03-26 22:18:53.437 [info] fatal: not a git repository (or any of the parent directories): .git
2025-03-26 22:18:53.450 [info] > git rev-parse --show-toplevel [4ms]
2025-03-26 22:18:53.450 [info] fatal: not a git repository (or any of the parent directories): .git
2025-03-26 22:18:53.464 [info] > git rev-parse --show-toplevel [2ms]
2025-03-26 22:18:53.464 [info] fatal: not a git repository (or any of the parent directories): .git
2025-03-26 22:18:53.476 [info] > git rev-parse --show-toplevel [2ms]
2025-03-26 22:18:53.476 [info] fatal: not a git repository (or any of the parent directories): .git
2025-03-26 22:18:53.487 [info] > git rev-parse --show-toplevel [2ms]
2025-03-26 22:18:53.487 [info] fatal: not a git repository (or any of the parent directories): .git
2025-03-26 22:18:53.496 [info] > git rev-parse --show-toplevel [1ms]
2025-03-26 22:18:53.496 [info] fatal: not a git repository (or any of the parent directories): .git
2025-03-26 22:18:53.506 [info] > git rev-parse --show-toplevel [2ms]
2025-03-26 22:18:53.506 [info] fatal: not a git repository (or any of the parent directories): .git
2025-03-26 22:18:53.517 [info] > git rev-parse --show-toplevel [1ms]
2025-03-26 22:18:53.517 [info] fatal: not a git repository (or any of the parent directories): .git
2025-03-26 22:19:26.127 [info] > git rev-parse --show-toplevel [4ms]
2025-03-26 22:19:26.127 [info] fatal: not a git repository (or any of the parent directories): .git
2025-03-26 22:19:41.603 [info] > git rev-parse --show-toplevel [5ms]
2025-03-26 22:19:41.603 [info] fatal: not a git repository (or any of the parent directories): .git
2025-03-26 22:38:40.094 [info] > git rev-parse --show-toplevel [3ms]
2025-03-26 22:38:40.094 [info] fatal: not a git repository (or any of the parent directories): .git
2025-03-27 00:06:22.924 [info] > git rev-parse --show-toplevel [3ms]
2025-03-27 00:06:22.924 [info] fatal: not a git repository (or any of the parent directories): .git
2025-03-27 00:06:31.684 [info] > git rev-parse --show-toplevel [4ms]
2025-03-27 00:06:31.684 [info] fatal: not a git repository (or any of the parent directories): .git
2025-03-27 00:06:38.948 [info] > git rev-parse --show-toplevel [2ms]
2025-03-27 00:06:38.948 [info] fatal: not a git repository (or any of the parent directories): .git
2025-03-27 00:06:40.141 [info] > git rev-parse --show-toplevel [4ms]
2025-03-27 00:06:40.142 [info] fatal: not a git repository (or any of the parent directories): .git
2025-03-27 00:22:02.631 [info] > git rev-parse --show-toplevel [2ms]
2025-03-27 00:22:02.631 [info] fatal: not a git repository (or any of the parent directories): .git
2025-03-27 00:22:04.562 [info] > git rev-parse --show-toplevel [5ms]
2025-03-27 00:22:04.562 [info] fatal: not a git repository (or any of the parent directories): .git
2025-03-27 00:23:34.491 [info] > git rev-parse --show-toplevel [3ms]
2025-03-27 00:23:34.491 [info] fatal: not a git repository (or any of the parent directories): .git
2025-03-27 00:23:50.011 [info] > git rev-parse --show-toplevel [2ms]
2025-03-27 00:23:50.011 [info] fatal: not a git repository (or any of the parent directories): .git
2025-03-27 00:23:56.063 [info] > git rev-parse --show-toplevel [4ms]
2025-03-27 00:23:56.063 [info] fatal: not a git repository (or any of the parent directories): .git
2025-03-27 00:24:00.298 [info] > git rev-parse --show-toplevel [4ms]
2025-03-27 00:24:00.298 [info] fatal: not a git repository (or any of the parent directories): .git
2025-03-27 00:24:08.462 [info] > git rev-parse --show-toplevel [3ms]
2025-03-27 00:24:08.462 [info] fatal: not a git repository (or any of the parent directories): .git
2025-03-27 00:24:12.367 [info] > git rev-parse --show-toplevel [2ms]
2025-03-27 00:24:12.367 [info] fatal: not a git repository (or any of the parent directories): .git
2025-03-27 00:24:15.149 [info] > git rev-parse --show-toplevel [3ms]
2025-03-27 00:24:15.150 [info] fatal: not a git repository (or any of the parent directories): .git
2025-03-27 00:24:50.395 [info] > git rev-parse --show-toplevel [3ms]
2025-03-27 00:24:50.395 [info] fatal: not a git repository (or any of the parent directories): .git
2025-03-27 00:26:27.630 [info] > git rev-parse --show-toplevel [4ms]
2025-03-27 00:26:27.630 [info] fatal: not a git repository (or any of the parent directories): .git
2025-03-27 00:26:34.404 [info] > git rev-parse --show-toplevel [4ms]
2025-03-27 00:26:34.404 [info] fatal: not a git repository (or any of the parent directories): .git
2025-03-27 00:35:20.783 [info] > git rev-parse --show-toplevel [3ms]
2025-03-27 00:35:20.783 [info] fatal: not a git repository (or any of the parent directories): .git
2025-03-27 00:35:25.552 [info] > git rev-parse --show-toplevel [3ms]
2025-03-27 00:35:25.552 [info] fatal: not a git repository (or any of the parent directories): .git
2025-03-27 00:56:41.537 [info] > git rev-parse --show-toplevel [2ms]
2025-03-27 00:56:41.537 [info] fatal: not a git repository (or any of the parent directories): .git
2025-03-27 00:56:42.830 [info] > git rev-parse --show-toplevel [2ms]
2025-03-27 00:56:42.830 [info] fatal: not a git repository (or any of the parent directories): .git
2025-03-27 00:56:51.205 [info] > git rev-parse --show-toplevel [2ms]
2025-03-27 00:56:51.205 [info] fatal: not a git repository (or any of the parent directories): .git
2025-03-27 00:56:52.594 [info] > git rev-parse --show-toplevel [3ms]
2025-03-27 00:56:52.594 [info] fatal: not a git repository (or any of the parent directories): .git
2025-03-27 00:58:47.742 [info] > git rev-parse --show-toplevel [3ms]
2025-03-27 00:58:47.742 [info] fatal: not a git repository (or any of the parent directories): .git
2025-03-27 00:58:49.459 [info] > git rev-parse --show-toplevel [3ms]
2025-03-27 00:58:49.459 [info] fatal: not a git repository (or any of the parent directories): .git
2025-03-27 00:58:52.936 [info] > git rev-parse --show-toplevel [3ms]
2025-03-27 00:58:52.936 [info] fatal: not a git repository (or any of the parent directories): .git
2025-03-27 00:59:26.358 [info] > git rev-parse --show-toplevel [6ms]
2025-03-27 00:59:26.359 [info] fatal: not a git repository (or any of the parent directories): .git
2025-03-27 01:00:44.904 [info] > git rev-parse --show-toplevel [3ms]
2025-03-27 01:00:44.904 [info] fatal: not a git repository (or any of the parent directories): .git
2025-03-27 01:00:49.137 [info] > git rev-parse --show-toplevel [4ms]
2025-03-27 01:00:49.137 [info] fatal: not a git repository (or any of the parent directories): .git
2025-03-27 01:01:04.665 [info] > git rev-parse --show-toplevel [3ms]
2025-03-27 01:01:04.665 [info] fatal: not a git repository (or any of the parent directories): .git
2025-03-27 01:02:08.827 [info] > git rev-parse --show-toplevel [2ms]
2025-03-27 01:02:08.827 [info] fatal: not a git repository (or any of the parent directories): .git
2025-03-27 01:02:11.899 [info] > git rev-parse --show-toplevel [4ms]
2025-03-27 01:02:11.899 [info] fatal: not a git repository (or any of the parent directories): .git
2025-03-27 01:16:59.722 [info] > git rev-parse --show-toplevel [5ms]
2025-03-27 01:16:59.722 [info] fatal: not a git repository (or any of the parent directories): .git
2025-03-27 01:16:59.736 [info] > git rev-parse --show-toplevel [3ms]
2025-03-27 01:16:59.736 [info] fatal: not a git repository (or any of the parent directories): .git
2025-03-27 01:17:01.352 [info] > git rev-parse --show-toplevel [3ms]
2025-03-27 01:17:01.352 [info] fatal: not a git repository (or any of the parent directories): .git
2025-03-27 01:17:01.391 [info] > git rev-parse --show-toplevel [2ms]
2025-03-27 01:17:01.391 [info] fatal: not a git repository (or any of the parent directories): .git
2025-03-27 01:17:01.404 [info] > git rev-parse --show-toplevel [2ms]
2025-03-27 01:17:01.404 [info] fatal: not a git repository (or any of the parent directories): .git
2025-03-27 01:17:01.883 [info] > git rev-parse --show-toplevel [4ms]
2025-03-27 01:17:01.883 [info] fatal: not a git repository (or any of the parent directories): .git
2025-03-27 01:23:03.518 [info] > git rev-parse --show-toplevel [5ms]
2025-03-27 01:23:03.518 [info] fatal: not a git repository (or any of the parent directories): .git
2025-03-27 01:23:07.851 [info] > git rev-parse --show-toplevel [2ms]
2025-03-27 01:23:07.851 [info] fatal: not a git repository (or any of the parent directories): .git
2025-03-27 01:39:55.000 [info] > git rev-parse --show-toplevel [4ms]
2025-03-27 01:39:55.000 [info] fatal: not a git repository (or any of the parent directories): .git
2025-03-27 01:40:13.676 [info] > git rev-parse --show-toplevel [4ms]
2025-03-27 01:40:13.676 [info] fatal: not a git repository (or any of the parent directories): .git
2025-03-27 01:52:17.357 [info] > git rev-parse --show-toplevel [3ms]
2025-03-27 01:52:17.357 [info] fatal: not a git repository (or any of the parent directories): .git
2025-03-27 04:00:38.079 [info] > git rev-parse --show-toplevel [3ms]
2025-03-27 04:00:38.079 [info] fatal: not a git repository (or any of the parent directories): .git
