2024-05-18 23:35:15.923 [info] Reading sessions from keychain...
2024-05-18 23:35:15.923 [info] Getting sessions for all scopes...
2024-05-18 23:35:15.923 [info] Getting sessions for all scopes...
2024-05-18 23:35:15.923 [info] Got 0 sessions for ...
2024-05-18 23:35:15.923 [info] Got 0 sessions for ...
2024-05-18 23:35:15.925 [info] Getting sessions for codespace,read:user,repo,user:email...
2024-05-18 23:35:15.925 [info] Got 0 sessions for codespace,read:user,repo,user:email...
2024-05-18 23:35:18.424 [info] Getting sessions for all scopes...
2024-05-18 23:35:18.425 [info] Got 0 sessions for ...
2024-05-18 23:35:18.427 [info] Getting sessions for codespace,read:user,repo,user:email...
2024-05-18 23:35:18.427 [info] Got 0 sessions for codespace,read:user,repo,user:email...
2024-05-18 23:35:18.990 [info] Getting sessions for codespace,read:user,repo,user:email...
2024-05-18 23:35:18.990 [info] Got 0 sessions for codespace,read:user,repo,user:email...
2024-05-18 23:35:21.340 [info] Logging in for the following scopes: codespace read:user repo user:email
2024-05-18 23:35:21.348 [info] Trying without local server... (codespace read:user repo user:email)
2024-05-18 23:35:35.284 [info] Exchanging code for token...
2024-05-18 23:35:35.849 [info] Token exchange success!
2024-05-18 23:35:35.855 [info] Getting user info...
2024-05-18 23:35:36.362 [info] Got account info!
2024-05-18 23:35:36.366 [info] Storing 1 sessions...
2024-05-18 23:35:43.157 [info] Reading sessions from keychain...
2024-05-18 23:35:43.157 [info] Stored 1 sessions!
2024-05-18 23:35:43.158 [info] Login success!
2024-05-18 23:35:43.201 [info] Got stored sessions!
2024-05-18 23:35:43.202 [info] Got 1 verified sessions.
2024-05-18 23:35:53.060 [info] Reading sessions from keychain...
2024-05-18 23:35:53.060 [info] Getting sessions for all scopes...
2024-05-18 23:35:53.060 [info] Got stored sessions!
2024-05-18 23:35:53.060 [info] Got 1 verified sessions.
2024-05-18 23:35:53.060 [info] Got 1 sessions for ...
2024-05-18 23:35:53.060 [info] Getting sessions for all scopes...
2024-05-18 23:35:53.060 [info] Got 1 sessions for ...
2024-05-18 23:35:53.061 [info] Getting sessions for codespace,read:user,repo,user:email...
2024-05-18 23:35:53.061 [info] Got 1 sessions for codespace,read:user,repo,user:email...
2024-05-18 23:37:22.244 [info] Getting sessions for read:user,repo,user:email,workflow...
2024-05-18 23:37:22.245 [info] Got 0 sessions for read:user,repo,user:email,workflow...
2024-05-18 23:37:23.972 [info] Getting sessions for project,read:org,read:user,repo,user:email,workflow...
2024-05-18 23:37:23.972 [info] Got 0 sessions for project,read:org,read:user,repo,user:email,workflow...
2024-05-18 23:37:24.470 [info] Getting sessions for read:user,repo,user:email,workflow...
2024-05-18 23:37:24.470 [info] Got 0 sessions for read:user,repo,user:email,workflow...
2024-05-18 23:37:24.588 [info] Getting sessions for read:user,repo,user:email...
2024-05-18 23:37:24.588 [info] Got 0 sessions for read:user,repo,user:email...
2024-05-18 23:37:24.886 [info] Getting sessions for read:user,repo,user:email,workflow...
2024-05-18 23:37:24.886 [info] Got 0 sessions for read:user,repo,user:email,workflow...
