2024-05-19 19:04:44.634 [info] Added views:workbench.panel.markers.view in workbench.panel.markers
2024-05-19 19:04:44.634 [info] Added views:workbench.panel.output in workbench.panel.output
2024-05-19 19:04:44.634 [info] Added views:terminal in terminal
2024-05-19 19:04:44.634 [info] Added views:workbench.scm in workbench.view.scm
2024-05-19 19:04:44.634 [info] Added views:workbench.view.search in workbench.view.search
2024-05-19 19:04:44.634 [info] Added views:workbench.explorer.fileView in workbench.view.explorer
2024-05-19 19:04:44.916 [info] Added views:workbench.debug.welcome in workbench.view.debug
2024-05-19 19:05:14.855 [info] Added views:~remote.forwardedPorts in ~remote.forwardedPortsContainer
2024-05-19 19:05:19.312 [info] Added views:cs50-menu in workbench.view.extension.cs50-menu
2024-05-19 19:05:19.313 [info] Added views:ddb50.chatWindow in workbench.view.extension.ddb50
2024-05-19 19:05:19.314 [info] Added views:github.codespaces.explorer in workbench.view.remote
2024-05-19 19:05:19.315 [info] Added views:pr:github,issues:github in workbench.view.extension.github-pull-requests
2024-05-19 19:05:19.321 [info] Added views:dockerContainers,dockerImages,dockerRegistries,dockerNetworks,dockerVolumes,vscode-docker.views.dockerContexts,vscode-docker.views.help in workbench.view.extension.dockerView
2024-05-19 19:05:19.323 [info] Added views:liveshare.session in workbench.view.extension.liveshare
2024-05-19 19:05:21.274 [info] Added views:workbench.panel.repl.view in workbench.panel.repl
2024-05-19 19:05:29.036 [info] Added views:github:activePullRequest:welcome in workbench.view.extension.github-pull-request
2024-05-19 19:05:29.088 [info] Removed views:issues:github,pr:github from workbench.view.extension.github-pull-requests
2024-05-19 19:05:29.090 [info] Added views:github:login in workbench.view.extension.github-pull-requests
2024-05-19 19:05:29.391 [info] Removed views:github:activePullRequest:welcome from workbench.view.extension.github-pull-request
2024-05-19 19:13:49.064 [info] Added views:workbench.views.extensions.local.installed,workbench.views.extensions.remote.installed,workbench.views.extensions.popular,extensions.recommendedList in workbench.view.extensions
2024-05-19 19:13:49.072 [info] Removed views:workbench.views.extensions.popular from workbench.view.extensions
2024-05-19 19:13:56.059 [info] Removed views:extensions.recommendedList,workbench.views.extensions.remote.installed,workbench.views.extensions.local.installed from workbench.view.extensions
2024-05-19 19:13:56.080 [info] Added views:workbench.views.extensions.marketplace in workbench.view.extensions
