2025-03-28 22:45:17.949 [info] [main] Log level: Info
2025-03-28 22:45:17.950 [info] [main] Validating found git in: "git"
2025-03-28 22:45:17.950 [info] [main] Using git "2.48.1" from "git"
2025-03-28 22:45:17.950 [info] [Model][doInitialScan] Initial repository scan started
2025-03-28 22:45:17.950 [info] > git rev-parse --show-toplevel [415ms]
2025-03-28 22:45:17.950 [info] fatal: not a git repository (or any of the parent directories): .git
2025-03-28 22:45:17.950 [info] > git rev-parse --show-toplevel [32ms]
2025-03-28 22:45:17.950 [info] fatal: not a git repository (or any of the parent directories): .git
2025-03-28 22:45:17.953 [info] > git rev-parse --show-toplevel [16ms]
2025-03-28 22:45:17.953 [info] fatal: not a git repository (or any of the parent directories): .git
2025-03-28 22:45:17.981 [info] > git rev-parse --show-toplevel [5ms]
2025-03-28 22:45:17.981 [info] fatal: not a git repository (or any of the parent directories): .git
2025-03-28 22:45:18.082 [info] > git rev-parse --show-toplevel [51ms]
2025-03-28 22:45:18.082 [info] fatal: not a git repository (or any of the parent directories): .git
2025-03-28 22:45:18.101 [info] > git rev-parse --show-toplevel [3ms]
2025-03-28 22:45:18.101 [info] fatal: not a git repository (or any of the parent directories): .git
2025-03-28 22:45:18.119 [info] > git rev-parse --show-toplevel [4ms]
2025-03-28 22:45:18.119 [info] fatal: not a git repository (or any of the parent directories): .git
2025-03-28 22:45:18.137 [info] > git rev-parse --show-toplevel [4ms]
2025-03-28 22:45:18.137 [info] fatal: not a git repository (or any of the parent directories): .git
2025-03-28 22:45:18.154 [info] > git rev-parse --show-toplevel [3ms]
2025-03-28 22:45:18.154 [info] fatal: not a git repository (or any of the parent directories): .git
2025-03-28 22:45:18.206 [info] > git rev-parse --show-toplevel [20ms]
2025-03-28 22:45:18.206 [info] fatal: not a git repository (or any of the parent directories): .git
2025-03-28 22:45:18.229 [info] > git rev-parse --show-toplevel [7ms]
2025-03-28 22:45:18.229 [info] fatal: not a git repository (or any of the parent directories): .git
2025-03-28 22:45:18.247 [info] > git rev-parse --show-toplevel [5ms]
2025-03-28 22:45:18.248 [info] fatal: not a git repository (or any of the parent directories): .git
2025-03-28 22:45:18.284 [info] > git rev-parse --show-toplevel [6ms]
2025-03-28 22:45:18.285 [info] fatal: not a git repository (or any of the parent directories): .git
2025-03-28 22:45:18.305 [info] > git rev-parse --show-toplevel [4ms]
2025-03-28 22:45:18.306 [info] fatal: not a git repository (or any of the parent directories): .git
2025-03-28 22:45:18.328 [info] > git rev-parse --show-toplevel [5ms]
2025-03-28 22:45:18.329 [info] fatal: not a git repository (or any of the parent directories): .git
2025-03-28 22:45:18.347 [info] > git rev-parse --show-toplevel [3ms]
2025-03-28 22:45:18.347 [info] fatal: not a git repository (or any of the parent directories): .git
2025-03-28 22:45:18.365 [info] > git rev-parse --show-toplevel [4ms]
2025-03-28 22:45:18.366 [info] fatal: not a git repository (or any of the parent directories): .git
2025-03-28 22:45:18.381 [info] > git rev-parse --show-toplevel [5ms]
2025-03-28 22:45:18.381 [info] fatal: not a git repository (or any of the parent directories): .git
2025-03-28 22:45:18.397 [info] > git rev-parse --show-toplevel [3ms]
2025-03-28 22:45:18.398 [info] fatal: not a git repository (or any of the parent directories): .git
2025-03-28 22:45:18.896 [info] > git rev-parse --show-toplevel [488ms]
2025-03-28 22:45:18.896 [info] fatal: not a git repository (or any of the parent directories): .git
2025-03-28 22:45:19.091 [info] > git rev-parse --show-toplevel [47ms]
2025-03-28 22:45:19.091 [info] fatal: not a git repository (or any of the parent directories): .git
2025-03-28 22:45:19.159 [info] > git rev-parse --show-toplevel [55ms]
2025-03-28 22:45:19.159 [info] fatal: not a git repository (or any of the parent directories): .git
2025-03-28 22:45:19.175 [info] > git rev-parse --show-toplevel [3ms]
2025-03-28 22:45:19.175 [info] fatal: not a git repository (or any of the parent directories): .git
2025-03-28 22:45:19.254 [info] > git rev-parse --show-toplevel [10ms]
2025-03-28 22:45:19.254 [info] fatal: not a git repository (or any of the parent directories): .git
2025-03-28 22:45:19.270 [info] > git rev-parse --show-toplevel [3ms]
2025-03-28 22:45:19.270 [info] fatal: not a git repository (or any of the parent directories): .git
2025-03-28 22:45:19.293 [info] > git rev-parse --show-toplevel [7ms]
2025-03-28 22:45:19.293 [info] fatal: not a git repository (or any of the parent directories): .git
2025-03-28 22:45:19.310 [info] > git rev-parse --show-toplevel [4ms]
2025-03-28 22:45:19.310 [info] fatal: not a git repository (or any of the parent directories): .git
2025-03-28 22:45:19.325 [info] > git rev-parse --show-toplevel [3ms]
2025-03-28 22:45:19.325 [info] fatal: not a git repository (or any of the parent directories): .git
2025-03-28 22:45:19.339 [info] > git rev-parse --show-toplevel [3ms]
2025-03-28 22:45:19.339 [info] fatal: not a git repository (or any of the parent directories): .git
2025-03-28 22:45:19.354 [info] > git rev-parse --show-toplevel [3ms]
2025-03-28 22:45:19.354 [info] fatal: not a git repository (or any of the parent directories): .git
2025-03-28 22:45:19.369 [info] > git rev-parse --show-toplevel [3ms]
2025-03-28 22:45:19.369 [info] fatal: not a git repository (or any of the parent directories): .git
2025-03-28 22:45:19.386 [info] > git rev-parse --show-toplevel [5ms]
2025-03-28 22:45:19.386 [info] fatal: not a git repository (or any of the parent directories): .git
2025-03-28 22:45:19.402 [info] > git rev-parse --show-toplevel [3ms]
2025-03-28 22:45:19.402 [info] fatal: not a git repository (or any of the parent directories): .git
2025-03-28 22:45:19.418 [info] > git rev-parse --show-toplevel [4ms]
2025-03-28 22:45:19.419 [info] fatal: not a git repository (or any of the parent directories): .git
2025-03-28 22:45:19.433 [info] > git rev-parse --show-toplevel [3ms]
2025-03-28 22:45:19.433 [info] fatal: not a git repository (or any of the parent directories): .git
2025-03-28 22:45:19.448 [info] > git rev-parse --show-toplevel [3ms]
2025-03-28 22:45:19.448 [info] fatal: not a git repository (or any of the parent directories): .git
2025-03-28 22:45:19.463 [info] > git rev-parse --show-toplevel [2ms]
2025-03-28 22:45:19.463 [info] fatal: not a git repository (or any of the parent directories): .git
2025-03-28 22:45:19.478 [info] > git rev-parse --show-toplevel [2ms]
2025-03-28 22:45:19.478 [info] fatal: not a git repository (or any of the parent directories): .git
2025-03-28 22:45:19.492 [info] > git rev-parse --show-toplevel [2ms]
2025-03-28 22:45:19.492 [info] fatal: not a git repository (or any of the parent directories): .git
2025-03-28 22:45:19.508 [info] > git rev-parse --show-toplevel [3ms]
2025-03-28 22:45:19.508 [info] fatal: not a git repository (or any of the parent directories): .git
2025-03-28 22:45:19.524 [info] > git rev-parse --show-toplevel [3ms]
2025-03-28 22:45:19.524 [info] fatal: not a git repository (or any of the parent directories): .git
2025-03-28 22:45:19.539 [info] > git rev-parse --show-toplevel [2ms]
2025-03-28 22:45:19.539 [info] fatal: not a git repository (or any of the parent directories): .git
2025-03-28 22:45:19.555 [info] > git rev-parse --show-toplevel [2ms]
2025-03-28 22:45:19.555 [info] fatal: not a git repository (or any of the parent directories): .git
2025-03-28 22:45:19.572 [info] > git rev-parse --show-toplevel [5ms]
2025-03-28 22:45:19.572 [info] fatal: not a git repository (or any of the parent directories): .git
2025-03-28 22:45:19.594 [info] > git rev-parse --show-toplevel [1ms]
2025-03-28 22:45:19.594 [info] fatal: not a git repository (or any of the parent directories): .git
2025-03-28 22:45:19.628 [info] > git rev-parse --show-toplevel [4ms]
2025-03-28 22:45:19.628 [info] fatal: not a git repository (or any of the parent directories): .git
2025-03-28 22:45:19.651 [info] > git rev-parse --show-toplevel [5ms]
2025-03-28 22:45:19.651 [info] fatal: not a git repository (or any of the parent directories): .git
2025-03-28 22:45:19.677 [info] > git rev-parse --show-toplevel [2ms]
2025-03-28 22:45:19.677 [info] fatal: not a git repository (or any of the parent directories): .git
2025-03-28 22:45:19.722 [info] > git rev-parse --show-toplevel [6ms]
2025-03-28 22:45:19.722 [info] fatal: not a git repository (or any of the parent directories): .git
2025-03-28 22:45:19.794 [info] > git rev-parse --show-toplevel [54ms]
2025-03-28 22:45:19.794 [info] fatal: not a git repository (or any of the parent directories): .git
2025-03-28 22:45:19.822 [info] > git rev-parse --show-toplevel [12ms]
2025-03-28 22:45:19.822 [info] fatal: not a git repository (or any of the parent directories): .git
2025-03-28 22:45:19.843 [info] > git rev-parse --show-toplevel [7ms]
2025-03-28 22:45:19.843 [info] fatal: not a git repository (or any of the parent directories): .git
2025-03-28 22:45:19.869 [info] > git rev-parse --show-toplevel [4ms]
2025-03-28 22:45:19.869 [info] fatal: not a git repository (or any of the parent directories): .git
2025-03-28 22:45:19.899 [info] > git rev-parse --show-toplevel [3ms]
2025-03-28 22:45:19.899 [info] fatal: not a git repository (or any of the parent directories): .git
2025-03-28 22:45:19.918 [info] > git rev-parse --show-toplevel [3ms]
2025-03-28 22:45:19.918 [info] fatal: not a git repository (or any of the parent directories): .git
2025-03-28 22:45:19.932 [info] > git rev-parse --show-toplevel [3ms]
2025-03-28 22:45:19.932 [info] fatal: not a git repository (or any of the parent directories): .git
2025-03-28 22:45:19.947 [info] > git rev-parse --show-toplevel [3ms]
2025-03-28 22:45:19.947 [info] fatal: not a git repository (or any of the parent directories): .git
2025-03-28 22:45:19.962 [info] > git rev-parse --show-toplevel [2ms]
2025-03-28 22:45:19.962 [info] fatal: not a git repository (or any of the parent directories): .git
2025-03-28 22:45:19.975 [info] > git rev-parse --show-toplevel [4ms]
2025-03-28 22:45:19.975 [info] fatal: not a git repository (or any of the parent directories): .git
2025-03-28 22:45:19.999 [info] > git rev-parse --show-toplevel [12ms]
2025-03-28 22:45:19.999 [info] fatal: not a git repository (or any of the parent directories): .git
2025-03-28 22:45:20.013 [info] > git rev-parse --show-toplevel [3ms]
2025-03-28 22:45:20.013 [info] fatal: not a git repository (or any of the parent directories): .git
2025-03-28 22:45:20.032 [info] > git rev-parse --show-toplevel [11ms]
2025-03-28 22:45:20.032 [info] fatal: not a git repository (or any of the parent directories): .git
2025-03-28 22:45:20.114 [info] > git rev-parse --show-toplevel [73ms]
2025-03-28 22:45:20.114 [info] fatal: not a git repository (or any of the parent directories): .git
2025-03-28 22:45:20.253 [info] > git rev-parse --show-toplevel [62ms]
2025-03-28 22:45:20.253 [info] fatal: not a git repository (or any of the parent directories): .git
2025-03-28 22:45:20.281 [info] > git rev-parse --show-toplevel [5ms]
2025-03-28 22:45:20.281 [info] fatal: not a git repository (or any of the parent directories): .git
2025-03-28 22:45:20.295 [info] > git rev-parse --show-toplevel [2ms]
2025-03-28 22:45:20.295 [info] fatal: not a git repository (or any of the parent directories): .git
2025-03-28 22:45:20.308 [info] > git rev-parse --show-toplevel [3ms]
2025-03-28 22:45:20.308 [info] fatal: not a git repository (or any of the parent directories): .git
2025-03-28 22:45:20.322 [info] > git rev-parse --show-toplevel [2ms]
2025-03-28 22:45:20.322 [info] fatal: not a git repository (or any of the parent directories): .git
2025-03-28 22:45:20.337 [info] > git rev-parse --show-toplevel [3ms]
2025-03-28 22:45:20.337 [info] fatal: not a git repository (or any of the parent directories): .git
2025-03-28 22:45:20.352 [info] > git rev-parse --show-toplevel [2ms]
2025-03-28 22:45:20.352 [info] fatal: not a git repository (or any of the parent directories): .git
2025-03-28 22:45:20.366 [info] > git rev-parse --show-toplevel [2ms]
2025-03-28 22:45:20.366 [info] fatal: not a git repository (or any of the parent directories): .git
2025-03-28 22:45:20.379 [info] > git rev-parse --show-toplevel [2ms]
2025-03-28 22:45:20.379 [info] fatal: not a git repository (or any of the parent directories): .git
2025-03-28 22:45:20.394 [info] > git rev-parse --show-toplevel [4ms]
2025-03-28 22:45:20.394 [info] fatal: not a git repository (or any of the parent directories): .git
2025-03-28 22:45:20.405 [info] > git rev-parse --show-toplevel [2ms]
2025-03-28 22:45:20.405 [info] fatal: not a git repository (or any of the parent directories): .git
2025-03-28 22:45:20.406 [info] [Model][doInitialScan] Initial repository scan completed - repositories (0), closed repositories (0), parent repositories (0), unsafe repositories (0)
2025-03-28 22:45:20.418 [info] > git rev-parse --show-toplevel [2ms]
2025-03-28 22:45:20.418 [info] fatal: not a git repository (or any of the parent directories): .git
2025-03-28 22:45:20.432 [info] > git rev-parse --show-toplevel [2ms]
2025-03-28 22:45:20.432 [info] fatal: not a git repository (or any of the parent directories): .git
2025-03-28 22:45:20.444 [info] > git rev-parse --show-toplevel [3ms]
2025-03-28 22:45:20.444 [info] fatal: not a git repository (or any of the parent directories): .git
2025-03-28 22:45:20.457 [info] > git rev-parse --show-toplevel [3ms]
2025-03-28 22:45:20.457 [info] fatal: not a git repository (or any of the parent directories): .git
2025-03-28 22:45:20.467 [info] > git rev-parse --show-toplevel [2ms]
2025-03-28 22:45:20.467 [info] fatal: not a git repository (or any of the parent directories): .git
2025-03-28 22:45:20.480 [info] > git rev-parse --show-toplevel [2ms]
2025-03-28 22:45:20.480 [info] fatal: not a git repository (or any of the parent directories): .git
2025-03-28 22:45:20.491 [info] > git rev-parse --show-toplevel [3ms]
2025-03-28 22:45:20.491 [info] fatal: not a git repository (or any of the parent directories): .git
2025-03-28 22:45:20.501 [info] > git rev-parse --show-toplevel [2ms]
2025-03-28 22:45:20.501 [info] fatal: not a git repository (or any of the parent directories): .git
2025-03-28 22:45:20.511 [info] > git rev-parse --show-toplevel [2ms]
2025-03-28 22:45:20.511 [info] fatal: not a git repository (or any of the parent directories): .git
2025-03-28 22:45:20.521 [info] > git rev-parse --show-toplevel [2ms]
2025-03-28 22:45:20.521 [info] fatal: not a git repository (or any of the parent directories): .git
2025-03-28 22:45:20.531 [info] > git rev-parse --show-toplevel [2ms]
2025-03-28 22:45:20.531 [info] fatal: not a git repository (or any of the parent directories): .git
2025-03-28 22:45:20.542 [info] > git rev-parse --show-toplevel [3ms]
2025-03-28 22:45:20.542 [info] fatal: not a git repository (or any of the parent directories): .git
2025-03-28 22:45:20.552 [info] > git rev-parse --show-toplevel [1ms]
2025-03-28 22:45:20.552 [info] fatal: not a git repository (or any of the parent directories): .git
2025-03-28 22:45:20.562 [info] > git rev-parse --show-toplevel [2ms]
2025-03-28 22:45:20.562 [info] fatal: not a git repository (or any of the parent directories): .git
2025-03-28 22:45:20.572 [info] > git rev-parse --show-toplevel [2ms]
2025-03-28 22:45:20.572 [info] fatal: not a git repository (or any of the parent directories): .git
2025-03-28 22:45:20.583 [info] > git rev-parse --show-toplevel [2ms]
2025-03-28 22:45:20.583 [info] fatal: not a git repository (or any of the parent directories): .git
2025-03-28 22:45:20.594 [info] > git rev-parse --show-toplevel [2ms]
2025-03-28 22:45:20.594 [info] fatal: not a git repository (or any of the parent directories): .git
2025-03-28 22:45:20.605 [info] > git rev-parse --show-toplevel [2ms]
2025-03-28 22:45:20.606 [info] fatal: not a git repository (or any of the parent directories): .git
2025-03-28 22:45:20.616 [info] > git rev-parse --show-toplevel [2ms]
2025-03-28 22:45:20.616 [info] fatal: not a git repository (or any of the parent directories): .git
2025-03-28 22:45:20.629 [info] > git rev-parse --show-toplevel [2ms]
2025-03-28 22:45:20.629 [info] fatal: not a git repository (or any of the parent directories): .git
2025-03-28 22:45:20.640 [info] > git rev-parse --show-toplevel [3ms]
2025-03-28 22:45:20.640 [info] fatal: not a git repository (or any of the parent directories): .git
2025-03-28 22:45:20.652 [info] > git rev-parse --show-toplevel [2ms]
2025-03-28 22:45:20.652 [info] fatal: not a git repository (or any of the parent directories): .git
2025-03-28 22:45:20.665 [info] > git rev-parse --show-toplevel [2ms]
2025-03-28 22:45:20.665 [info] fatal: not a git repository (or any of the parent directories): .git
2025-03-28 22:45:20.677 [info] > git rev-parse --show-toplevel [2ms]
2025-03-28 22:45:20.677 [info] fatal: not a git repository (or any of the parent directories): .git
2025-03-28 22:45:20.686 [info] > git rev-parse --show-toplevel [2ms]
2025-03-28 22:45:20.686 [info] fatal: not a git repository (or any of the parent directories): .git
2025-03-28 22:45:20.696 [info] > git rev-parse --show-toplevel [2ms]
2025-03-28 22:45:20.696 [info] fatal: not a git repository (or any of the parent directories): .git
2025-03-28 22:45:20.705 [info] > git rev-parse --show-toplevel [2ms]
2025-03-28 22:45:20.705 [info] fatal: not a git repository (or any of the parent directories): .git
2025-03-28 22:45:20.717 [info] > git rev-parse --show-toplevel [4ms]
2025-03-28 22:45:20.717 [info] fatal: not a git repository (or any of the parent directories): .git
2025-03-28 22:45:20.755 [info] > git rev-parse --show-toplevel [30ms]
2025-03-28 22:45:20.755 [info] fatal: not a git repository (or any of the parent directories): .git
2025-03-28 22:45:20.775 [info] > git rev-parse --show-toplevel [3ms]
2025-03-28 22:45:20.776 [info] fatal: not a git repository (or any of the parent directories): .git
2025-03-28 22:45:20.787 [info] > git rev-parse --show-toplevel [2ms]
2025-03-28 22:45:20.787 [info] fatal: not a git repository (or any of the parent directories): .git
2025-03-28 22:45:20.797 [info] > git rev-parse --show-toplevel [2ms]
2025-03-28 22:45:20.797 [info] fatal: not a git repository (or any of the parent directories): .git
2025-03-28 22:45:20.808 [info] > git rev-parse --show-toplevel [3ms]
2025-03-28 22:45:20.808 [info] fatal: not a git repository (or any of the parent directories): .git
2025-03-28 22:45:20.818 [info] > git rev-parse --show-toplevel [2ms]
2025-03-28 22:45:20.818 [info] fatal: not a git repository (or any of the parent directories): .git
2025-03-28 22:45:20.831 [info] > git rev-parse --show-toplevel [1ms]
2025-03-28 22:45:20.831 [info] fatal: not a git repository (or any of the parent directories): .git
2025-03-28 22:45:20.843 [info] > git rev-parse --show-toplevel [2ms]
2025-03-28 22:45:20.844 [info] fatal: not a git repository (or any of the parent directories): .git
2025-03-28 22:45:20.856 [info] > git rev-parse --show-toplevel [2ms]
2025-03-28 22:45:20.856 [info] fatal: not a git repository (or any of the parent directories): .git
2025-03-28 22:45:20.868 [info] > git rev-parse --show-toplevel [2ms]
2025-03-28 22:45:20.868 [info] fatal: not a git repository (or any of the parent directories): .git
2025-03-28 23:05:01.120 [info] > git rev-parse --show-toplevel [3ms]
2025-03-28 23:05:01.120 [info] fatal: not a git repository (or any of the parent directories): .git
2025-03-28 23:05:44.763 [info] > git rev-parse --show-toplevel [3ms]
2025-03-28 23:05:44.763 [info] fatal: not a git repository (or any of the parent directories): .git
2025-03-28 23:13:49.328 [info] > git rev-parse --show-toplevel [4ms]
2025-03-28 23:13:49.328 [info] fatal: not a git repository (or any of the parent directories): .git
2025-03-29 01:24:40.017 [info] [main] Log level: Info
2025-03-29 01:24:40.017 [info] [main] Validating found git in: "git"
2025-03-29 01:24:40.018 [info] [main] Using git "2.48.1" from "git"
2025-03-29 01:24:40.018 [info] [Model][doInitialScan] Initial repository scan started
2025-03-29 01:24:40.018 [info] [Model][doInitialScan] Initial repository scan completed - repositories (0), closed repositories (0), parent repositories (0), unsafe repositories (0)
2025-03-29 01:25:39.931 [info] [main] Log level: Info
2025-03-29 01:25:39.931 [info] [main] Validating found git in: "git"
2025-03-29 01:25:39.931 [info] [main] Using git "2.48.1" from "git"
2025-03-29 01:25:39.931 [info] [Model][doInitialScan] Initial repository scan started
2025-03-29 01:25:39.931 [info] > git rev-parse --show-toplevel [13ms]
2025-03-29 01:25:39.931 [info] fatal: not a git repository (or any of the parent directories): .git
2025-03-29 01:25:39.931 [info] [Model][doInitialScan] Initial repository scan completed - repositories (0), closed repositories (0), parent repositories (0), unsafe repositories (0)
2025-03-29 01:25:40.443 [info] > git rev-parse --show-toplevel [3ms]
2025-03-29 01:25:40.443 [info] fatal: not a git repository (or any of the parent directories): .git
2025-03-29 01:26:16.152 [info] > git rev-parse --show-toplevel [4ms]
2025-03-29 01:26:16.152 [info] fatal: not a git repository (or any of the parent directories): .git
2025-03-29 01:26:24.568 [info] > git rev-parse --show-toplevel [6ms]
2025-03-29 01:26:24.568 [info] fatal: not a git repository (or any of the parent directories): .git
2025-03-29 01:31:48.416 [info] > git rev-parse --show-toplevel [3ms]
2025-03-29 01:31:48.416 [info] fatal: not a git repository (or any of the parent directories): .git
2025-03-29 01:32:55.020 [info] > git rev-parse --show-toplevel [3ms]
2025-03-29 01:32:55.020 [info] fatal: not a git repository (or any of the parent directories): .git
2025-03-29 01:39:11.160 [info] > git rev-parse --show-toplevel [2ms]
2025-03-29 01:39:11.160 [info] fatal: not a git repository (or any of the parent directories): .git
2025-03-29 01:45:16.022 [info] > git rev-parse --show-toplevel [3ms]
2025-03-29 01:45:16.022 [info] fatal: not a git repository (or any of the parent directories): .git
